Log file open, 01/19/21 15:46:01
LogWindows: Failed to load 'aqProf.dll' (GetLastError=126)
LogWindows: File 'aqProf.dll' does not exist
LogWindows: Failed to load 'VtuneApi.dll' (GetLastError=126)
LogWindows: File 'VtuneApi.dll' does not exist
LogWindows: Failed to load 'VtuneApi32e.dll' (GetLastError=126)
LogWindows: File 'VtuneApi32e.dll' does not exist
LogConsoleResponse: Display: Failed to find resolution value strings in scalability ini. Falling back to default.
LogInit: Display: Running engine for game: BallRunner
LogPlatformFile: Not using cached read wrapper
LogTaskGraph: Started task graph with 5 named threads and 11 total threads with 3 sets of task threads.
LogStats: Stats thread started at 5.850225
LogD3D11RHI: Loaded GFSDK_Aftermath_Lib.x64.dll
LogICUInternationalization: ICU TimeZone Detection - Raw Offset: +1:00, Platform Override: ''
LogPluginManager: Mounting plugin Paper2D
LogPluginManager: Mounting plugin AISupport
LogPluginManager: Mounting plugin LightPropagationVolume
LogPluginManager: Mounting plugin ActorLayerUtilities
LogPluginManager: Mounting plugin AnimationSharing
LogPluginManager: Mounting plugin CLionSourceCodeAccess
LogPluginManager: Mounting plugin CodeLiteSourceCodeAccess
LogPluginManager: Mounting plugin GitSourceControl
LogPluginManager: Mounting plugin KDevelopSourceCodeAccess
LogPluginManager: Mounting plugin NullSourceCodeAccess
LogPluginManager: Mounting plugin PerforceSourceControl
LogPluginManager: Mounting plugin SubversionSourceControl
LogPluginManager: Mounting plugin UObjectPlugin
LogPluginManager: Mounting plugin VisualStudioCodeSourceCodeAccess
LogPluginManager: Mounting plugin VisualStudioSourceCodeAccess
LogPluginManager: Mounting plugin XCodeSourceCodeAccess
LogPluginManager: Mounting plugin AssetManagerEditor
LogPluginManager: Mounting plugin CryptoKeys
LogPluginManager: Mounting plugin CurveEditorTools
LogPluginManager: Mounting plugin DataValidation
LogPluginManager: Mounting plugin EditorScriptingUtilities
LogPluginManager: Mounting plugin FacialAnimation
LogPluginManager: Mounting plugin GameplayTagsEditor
LogPluginManager: Mounting plugin GLTFImporter
LogPluginManager: Mounting plugin MacGraphicsSwitching
LogPluginManager: Mounting plugin MaterialAnalyzer
LogPluginManager: Mounting plugin MeshEditor
LogPluginManager: Mounting plugin MobileLauncherProfileWizard
LogPluginManager: Mounting plugin PluginBrowser
LogPluginManager: Mounting plugin SpeedTreeImporter
LogPluginManager: Mounting plugin DatasmithContent
LogPluginManager: Mounting plugin VariantManagerContent
LogPluginManager: Mounting plugin AlembicImporter
LogPluginManager: Mounting plugin AutomationUtils
LogPluginManager: Mounting plugin BackChannel
LogPluginManager: Mounting plugin BlastPlugin
LogPluginManager: Mounting plugin ChaosSolverPlugin
LogPluginManager: Mounting plugin CharacterAI
LogPluginManager: Mounting plugin DataPrepEditor
LogPluginManager: Mounting plugin GeometryCache
LogPluginManager: Mounting plugin GeometryCollectionPlugin
LogPluginManager: Mounting plugin HTML5Networking
LogPluginManager: Mounting plugin PlatformCrypto
LogPluginManager: Mounting plugin ProxyLODPlugin
LogPluginManager: Mounting plugin SkeletalReduction
LogPluginManager: Mounting plugin MagicLeap
LogPluginManager: Mounting plugin MagicLeapMedia
LogPluginManager: Mounting plugin AndroidMedia
LogPluginManager: Mounting plugin AvfMedia
LogPluginManager: Mounting plugin ImgMedia
LogPluginManager: Mounting plugin MediaCompositing
LogPluginManager: Mounting plugin MediaPlayerEditor
LogPluginManager: Mounting plugin WebMMedia
LogPluginManager: Mounting plugin WmfMedia
LogPluginManager: Mounting plugin TcpMessaging
LogPluginManager: Mounting plugin UdpMessaging
LogPluginManager: Mounting plugin ActorSequence
LogPluginManager: Mounting plugin LevelSequenceEditor
LogPluginManager: Mounting plugin MatineeToLevelSequence
LogPluginManager: Mounting plugin NetcodeUnitTest
LogPluginManager: Mounting plugin NUTUnrealEngine4
LogPluginManager: Mounting plugin OnlineSubsystemGooglePlay
LogPluginManager: Mounting plugin OnlineSubsystemIOS
LogPluginManager: Mounting plugin OnlineSubsystem
LogPluginManager: Mounting plugin OnlineSubsystemNull
LogPluginManager: Mounting plugin OnlineSubsystemUtils
LogPluginManager: Mounting plugin LauncherChunkInstaller
LogPluginManager: Mounting plugin AndroidDeviceProfileSelector
LogPluginManager: Mounting plugin AndroidMoviePlayer
LogPluginManager: Mounting plugin AndroidPermission
LogPluginManager: Mounting plugin AppleImageUtils
LogPluginManager: Mounting plugin AppleMoviePlayer
LogPluginManager: Mounting plugin ArchVisCharacter
LogPluginManager: Mounting plugin AudioCapture
LogPluginManager: Mounting plugin CableComponent
LogPluginManager: Mounting plugin CustomMeshComponent
LogPluginManager: Mounting plugin EditableMesh
LogPluginManager: Mounting plugin ExampleDeviceProfileSelector
LogPluginManager: Mounting plugin GoogleCloudMessaging
LogPluginManager: Mounting plugin IOSDeviceProfileSelector
LogPluginManager: Mounting plugin LinuxDeviceProfileSelector
LogPluginManager: Mounting plugin LocationServicesBPLibrary
LogPluginManager: Mounting plugin MobilePatchingUtils
LogPluginManager: Mounting plugin OculusVR
LogPluginManager: Mounting plugin PhysXVehicles
LogPluginManager: Mounting plugin ProceduralMeshComponent
LogPluginManager: Mounting plugin RuntimePhysXCooking
LogPluginManager: Mounting plugin SignificanceManager
LogPluginManager: Mounting plugin SteamVR
LogPluginManager: Mounting plugin WebMMoviePlayer
LogPluginManager: Mounting plugin WindowsMoviePlayer
LogPluginManager: Mounting plugin ScreenshotTools
LogPluginManager: Mounting plugin DatasmithC4DImporter
LogPluginManager: Mounting plugin DatasmithCADImporter
LogPluginManager: Mounting plugin DatasmithFBXImporter
LogPluginManager: Mounting plugin DatasmithGLTFImporter
LogPluginManager: Mounting plugin DatasmithIFCImporter
LogPluginManager: Mounting plugin DatasmithImporter
LogPluginManager: Mounting plugin MDLImporter
LogPluginManager: Mounting plugin StaticMeshEditorExtension
LogPluginManager: Mounting plugin VariantManager
LogInit: Using libcurl 7.55.1-DEV
LogInit:  - built for x86_64-pc-win32
LogInit:  - supports SSL with OpenSSL/1.1.1
LogInit:  - supports HTTP deflate (compression) using libz 1.2.8
LogInit:  - other features:
LogInit:      CURL_VERSION_SSL
LogInit:      CURL_VERSION_LIBZ
LogInit:      CURL_VERSION_IPV6
LogInit:      CURL_VERSION_ASYNCHDNS
LogInit:      CURL_VERSION_LARGEFILE
LogInit:      CURL_VERSION_IDN
LogInit:  CurlRequestOptions (configurable via config and command line):
LogInit:  - bVerifyPeer = true  - Libcurl will verify peer certificate
LogInit:  - bUseHttpProxy = false  - Libcurl will NOT use HTTP proxy
LogInit:  - bDontReuseConnections = false  - Libcurl will reuse connections
LogInit:  - MaxHostConnections = 16  - Libcurl will limit the number of connections to a host
LogInit:  - LocalHostAddr = Default
LogInit:  - BufferSize = 65536
LogOnline: OSS: Creating online subsystem instance for: NULL
LogInit: WinSock: version 1.1 (2.2), MaxSocks=32767, MaxUdp=65467
LogInit: Build: ++UE4+Release-4.23-CL-9631420
LogInit: Engine Version: 4.23.1-9631420+++UE4+Release-4.23
LogInit: Compatible Engine Version: 4.23.0-8386587+++UE4+Release-4.23
LogInit: Net CL: 8386587
LogInit: OS: Windows 10 (Release 1909) (), CPU: Intel(R) Core(TM) i5-7200U CPU @ 2.50GHz, GPU: Intel(R) HD Graphics 620
LogInit: Compiled (64-bit): Oct 18 2019 02:07:44
LogInit: Compiled with Visual C++: 19.16.27030.01
LogInit: Build Configuration: Development
LogInit: Branch Name: ++UE4+Release-4.23
LogInit: Command Line: 
LogInit: Base Directory: C:/Program Files/Epic Games/UE_4.23/Engine/Binaries/Win64/
LogInit: Installed Engine Build: 1
LogDevObjectVersion: Number of dev versions registered: 23
LogDevObjectVersion:   Dev-Blueprints (B0D832E4-1F89-4F0D-ACCF-7EB736FD4AA2): 10
LogDevObjectVersion:   Dev-Build (E1C64328-A22C-4D53-A36C-8E866417BD8C): 0
LogDevObjectVersion:   Dev-Core (375EC13C-06E4-48FB-B500-84F0262A717E): 3
LogDevObjectVersion:   Dev-Editor (E4B068ED-F494-42E9-A231-DA0B2E46BB41): 34
LogDevObjectVersion:   Dev-Framework (CFFC743F-43B0-4480-9391-14DF171D2073): 35
LogDevObjectVersion:   Dev-Mobile (B02B49B5-BB20-44E9-A304-32B752E40360): 2
LogDevObjectVersion:   Dev-Networking (A4E4105C-59A1-49B5-A7C5-40C4547EDFEE): 0
LogDevObjectVersion:   Dev-Online (39C831C9-5AE6-47DC-9A44-9C173E1C8E7C): 0
LogDevObjectVersion:   Dev-Physics (78F01B33-EBEA-4F98-B9B4-84EACCB95AA2): 0
LogDevObjectVersion:   Dev-Platform (6631380F-2D4D-43E0-8009-CF276956A95A): 0
LogDevObjectVersion:   Dev-Rendering (12F88B9F-8875-4AFC-A67C-D90C383ABD29): 31
LogDevObjectVersion:   Dev-Sequencer (7B5AE74C-D270-4C10-A958-57980B212A5A): 11
LogDevObjectVersion:   Dev-VR (D7296918-1DD6-4BDD-9DE2-64A83CC13884): 2
LogDevObjectVersion:   Dev-LoadTimes (C2A15278-BFE7-4AFE-6C17-90FF531DF755): 1
LogDevObjectVersion:   Private-Geometry (6EACA3D4-40EC-4CC1-B786-8BED09428FC5): 3
LogDevObjectVersion:   Dev-AnimPhys (29E575DD-E0A3-4627-9D10-D276232CDCEA): 17
LogDevObjectVersion:   Dev-Anim (AF43A65D-7FD3-4947-9873-3E8ED9C1BB05): 2
LogDevObjectVersion:   Dev-ReflectionCapture (6B266CEC-1EC7-4B8F-A30B-E4D90942FC07): 1
LogDevObjectVersion:   Dev-Automation (0DF73D61-A23F-47EA-B727-89E90C41499A): 1
LogDevObjectVersion:   FortniteMain (601D1886-AC64-4F84-AA16-D3DE0DEAC7D6): 27
LogDevObjectVersion:   Dev-Enterprise (9DFFBCD6-494F-0158-E221-12823C92A888): 6
LogDevObjectVersion:   Dev-Niagara (F2AED0AC-9AFE-416F-8664-AA7FFA26D6FC): 1
LogDevObjectVersion:   Dev-Destruction (174F1F0B-B4C6-45A5-B13F-2EE8D0FB917D): 9
LogInit: Presizing for max 16777216 objects, including 0 objects not considered by GC, pre-allocating 0 bytes for permanent pool.
LogInit: Object subsystem initialized
LogConfig: Setting CVar [[con.DebugEarlyDefault:1]]
LogConfig: Setting CVar [[r.setres:1280x720]]
[2021.01.19-14.46.05:764][  0]LogConfig: Setting CVar [[r.VSync:0]]
[2021.01.19-14.46.05:764][  0]LogConfig: Setting CVar [[r.RHICmdBypass:0]]
[2021.01.19-14.46.05:764][  0]LogConfig: Applying CVar settings from Section [/Script/Engine.RendererSettings] File [C:/Users/Ja/Documents/unreal/BallRunner/BallRunner/Saved/Config/Windows/Engine.ini]
[2021.01.19-14.46.05:764][  0]LogConfig: Setting CVar [[r.GPUCrashDebugging:0]]
[2021.01.19-14.46.05:765][  0]LogConfig: Setting CVar [[r.DefaultFeature.AutoExposure.ExtendDefaultLuminanceRange:1]]
[2021.01.19-14.46.05:765][  0]LogConfig: Setting CVar [[r.DefaultFeature.AutoExposure:0]]
[2021.01.19-14.46.05:765][  0]LogConfig: Applying CVar settings from Section [/Script/Engine.RendererOverrideSettings] File [C:/Users/Ja/Documents/unreal/BallRunner/BallRunner/Saved/Config/Windows/Engine.ini]
[2021.01.19-14.46.05:765][  0]LogConfig: Applying CVar settings from Section [/Script/Engine.StreamingSettings] File [C:/Users/Ja/Documents/unreal/BallRunner/BallRunner/Saved/Config/Windows/Engine.ini]
[2021.01.19-14.46.05:765][  0]LogConfig: Setting CVar [[s.MinBulkDataSizeForAsyncLoading:131072]]
[2021.01.19-14.46.05:765][  0]LogConfig: Setting CVar [[s.AsyncLoadingThreadEnabled:0]]
[2021.01.19-14.46.05:765][  0]LogConfig: Setting CVar [[s.EventDrivenLoaderEnabled:1]]
[2021.01.19-14.46.05:765][  0]LogConfig: Setting CVar [[s.WarnIfTimeLimitExceeded:0]]
[2021.01.19-14.46.05:765][  0]LogConfig: Setting CVar [[s.TimeLimitExceededMultiplier:1.5]]
[2021.01.19-14.46.05:765][  0]LogConfig: Setting CVar [[s.TimeLimitExceededMinTime:0.005]]
[2021.01.19-14.46.05:765][  0]LogConfig: Setting CVar [[s.UseBackgroundLevelStreaming:1]]
[2021.01.19-14.46.05:765][  0]LogConfig: Setting CVar [[s.PriorityAsyncLoadingExtraTime:15.0]]
[2021.01.19-14.46.05:765][  0]LogConfig: Setting CVar [[s.LevelStreamingActorsUpdateTimeLimit:5.0]]
[2021.01.19-14.46.05:765][  0]LogConfig: Setting CVar [[s.PriorityLevelStreamingActorsUpdateExtraTime:5.0]]
[2021.01.19-14.46.05:765][  0]LogConfig: Setting CVar [[s.LevelStreamingComponentsRegistrationGranularity:10]]
[2021.01.19-14.46.05:765][  0]LogConfig: Setting CVar [[s.UnregisterComponentsTimeLimit:1.0]]
[2021.01.19-14.46.05:766][  0]LogConfig: Setting CVar [[s.LevelStreamingComponentsUnregistrationGranularity:5]]
[2021.01.19-14.46.05:766][  0]LogConfig: Applying CVar settings from Section [/Script/Engine.GarbageCollectionSettings] File [C:/Users/Ja/Documents/unreal/BallRunner/BallRunner/Saved/Config/Windows/Engine.ini]
[2021.01.19-14.46.05:766][  0]LogConfig: Setting CVar [[gc.MaxObjectsNotConsideredByGC:1]]
[2021.01.19-14.46.05:766][  0]LogConfig: Setting CVar [[gc.SizeOfPermanentObjectPool:0]]
[2021.01.19-14.46.05:766][  0]LogConfig: Setting CVar [[gc.FlushStreamingOnGC:0]]
[2021.01.19-14.46.05:766][  0]LogConfig: Setting CVar [[gc.NumRetriesBeforeForcingGC:10]]
[2021.01.19-14.46.05:766][  0]LogConfig: Setting CVar [[gc.AllowParallelGC:1]]
[2021.01.19-14.46.05:766][  0]LogConfig: Setting CVar [[gc.TimeBetweenPurgingPendingKillObjects:61.1]]
[2021.01.19-14.46.05:766][  0]LogConfig: Setting CVar [[gc.MaxObjectsInEditor:16777216]]
[2021.01.19-14.46.05:766][  0]LogConfig: Setting CVar [[gc.IncrementalBeginDestroyEnabled:1]]
[2021.01.19-14.46.05:766][  0]LogConfig: Setting CVar [[gc.CreateGCClusters:1]]
[2021.01.19-14.46.05:766][  0]LogConfig: Setting CVar [[gc.MinGCClusterSize:5]]
[2021.01.19-14.46.05:766][  0]LogConfig: Setting CVar [[gc.ActorClusteringEnabled:0]]
[2021.01.19-14.46.05:766][  0]LogConfig: Setting CVar [[gc.BlueprintClusteringEnabled:0]]
[2021.01.19-14.46.05:766][  0]LogConfig: Setting CVar [[gc.UseDisregardForGCOnDedicatedServers:0]]
[2021.01.19-14.46.05:767][  0]LogConfig: Applying CVar settings from Section [/Script/Engine.NetworkSettings] File [C:/Users/Ja/Documents/unreal/BallRunner/BallRunner/Saved/Config/Windows/Engine.ini]
[2021.01.19-14.46.05:767][  0]LogConfig: Applying CVar settings from Section [/Script/UnrealEd.CookerSettings] File [C:/Users/Ja/Documents/unreal/BallRunner/BallRunner/Saved/Config/Windows/Engine.ini]
[2021.01.19-14.46.05:821][  0]LogConfig: Applying CVar settings from Section [ViewDistanceQuality@3] File [C:/Users/Ja/Documents/unreal/BallRunner/BallRunner/Saved/Config/Windows/Scalability.ini]
[2021.01.19-14.46.05:821][  0]LogConfig: Setting CVar [[r.SkeletalMeshLODBias:0]]
[2021.01.19-14.46.05:821][  0]LogConfig: Setting CVar [[r.ViewDistanceScale:1.0]]
[2021.01.19-14.46.05:821][  0]LogConfig: Applying CVar settings from Section [AntiAliasingQuality@3] File [C:/Users/Ja/Documents/unreal/BallRunner/BallRunner/Saved/Config/Windows/Scalability.ini]
[2021.01.19-14.46.05:821][  0]LogConfig: Setting CVar [[r.PostProcessAAQuality:4]]
[2021.01.19-14.46.05:821][  0]LogConfig: Applying CVar settings from Section [ShadowQuality@3] File [C:/Users/Ja/Documents/unreal/BallRunner/BallRunner/Saved/Config/Windows/Scalability.ini]
[2021.01.19-14.46.05:821][  0]LogConfig: Setting CVar [[r.LightFunctionQuality:1]]
[2021.01.19-14.46.05:821][  0]LogConfig: Setting CVar [[r.ShadowQuality:5]]
[2021.01.19-14.46.05:821][  0]LogConfig: Setting CVar [[r.Shadow.CSM.MaxCascades:10]]
[2021.01.19-14.46.05:821][  0]LogConfig: Setting CVar [[r.Shadow.MaxResolution:2048]]
[2021.01.19-14.46.05:821][  0]LogConfig: Setting CVar [[r.Shadow.MaxCSMResolution:2048]]
[2021.01.19-14.46.05:821][  0]LogConfig: Setting CVar [[r.Shadow.RadiusThreshold:0.01]]
[2021.01.19-14.46.05:821][  0]LogConfig: Setting CVar [[r.Shadow.DistanceScale:1.0]]
[2021.01.19-14.46.05:821][  0]LogConfig: Setting CVar [[r.Shadow.CSM.TransitionScale:1.0]]
[2021.01.19-14.46.05:822][  0]LogConfig: Setting CVar [[r.Shadow.PreShadowResolutionFactor:1.0]]
[2021.01.19-14.46.05:822][  0]LogConfig: Setting CVar [[r.DistanceFieldShadowing:1]]
[2021.01.19-14.46.05:822][  0]LogConfig: Setting CVar [[r.DistanceFieldAO:1]]
[2021.01.19-14.46.05:822][  0]LogConfig: Setting CVar [[r.AOQuality:2]]
[2021.01.19-14.46.05:822][  0]LogConfig: Setting CVar [[r.VolumetricFog:1]]
[2021.01.19-14.46.05:822][  0]LogConfig: Setting CVar [[r.VolumetricFog.GridPixelSize:8]]
[2021.01.19-14.46.05:822][  0]LogConfig: Setting CVar [[r.VolumetricFog.GridSizeZ:128]]
[2021.01.19-14.46.05:822][  0]LogConfig: Setting CVar [[r.VolumetricFog.HistoryMissSupersampleCount:4]]
[2021.01.19-14.46.05:822][  0]LogConfig: Setting CVar [[r.LightMaxDrawDistanceScale:1]]
[2021.01.19-14.46.05:822][  0]LogConfig: Setting CVar [[r.CapsuleShadows:1]]
[2021.01.19-14.46.05:822][  0]LogConfig: Applying CVar settings from Section [PostProcessQuality@3] File [C:/Users/Ja/Documents/unreal/BallRunner/BallRunner/Saved/Config/Windows/Scalability.ini]
[2021.01.19-14.46.05:822][  0]LogConfig: Setting CVar [[r.MotionBlurQuality:4]]
[2021.01.19-14.46.05:822][  0]LogConfig: Setting CVar [[r.AmbientOcclusionMipLevelFactor:0.4]]
[2021.01.19-14.46.05:822][  0]LogConfig: Setting CVar [[r.AmbientOcclusionMaxQuality:100]]
[2021.01.19-14.46.05:822][  0]LogConfig: Setting CVar [[r.AmbientOcclusionLevels:-1]]
[2021.01.19-14.46.05:822][  0]LogConfig: Setting CVar [[r.AmbientOcclusionRadiusScale:1.0]]
[2021.01.19-14.46.05:822][  0]LogConfig: Setting CVar [[r.DepthOfFieldQuality:2]]
[2021.01.19-14.46.05:822][  0]LogConfig: Setting CVar [[r.RenderTargetPoolMin:400]]
[2021.01.19-14.46.05:823][  0]LogConfig: Setting CVar [[r.LensFlareQuality:2]]
[2021.01.19-14.46.05:823][  0]LogConfig: Setting CVar [[r.SceneColorFringeQuality:1]]
[2021.01.19-14.46.05:823][  0]LogConfig: Setting CVar [[r.EyeAdaptationQuality:2]]
[2021.01.19-14.46.05:823][  0]LogConfig: Setting CVar [[r.BloomQuality:5]]
[2021.01.19-14.46.05:823][  0]LogConfig: Setting CVar [[r.FastBlurThreshold:100]]
[2021.01.19-14.46.05:823][  0]LogConfig: Setting CVar [[r.Upscale.Quality:3]]
[2021.01.19-14.46.05:823][  0]LogConfig: Setting CVar [[r.Tonemapper.GrainQuantization:1]]
[2021.01.19-14.46.05:823][  0]LogConfig: Setting CVar [[r.LightShaftQuality:1]]
[2021.01.19-14.46.05:823][  0]LogConfig: Setting CVar [[r.Filter.SizeScale:1]]
[2021.01.19-14.46.05:823][  0]LogConfig: Setting CVar [[r.Tonemapper.Quality:5]]
[2021.01.19-14.46.05:823][  0]LogConfig: Setting CVar [[r.DOF.Gather.AccumulatorQuality:1        ; higher gathering accumulator quality]]
[2021.01.19-14.46.05:823][  0]LogConfig: Setting CVar [[r.DOF.Gather.PostfilterMethod:1          ; Median3x3 postfilering method]]
[2021.01.19-14.46.05:823][  0]LogConfig: Setting CVar [[r.DOF.Gather.EnableBokehSettings:0       ; no bokeh simulation when gathering]]
[2021.01.19-14.46.05:823][  0]LogConfig: Setting CVar [[r.DOF.Gather.RingCount:4                 ; medium number of samples when gathering]]
[2021.01.19-14.46.05:823][  0]LogConfig: Setting CVar [[r.DOF.Scatter.ForegroundCompositing:1    ; additive foreground scattering]]
[2021.01.19-14.46.05:823][  0]LogConfig: Setting CVar [[r.DOF.Scatter.BackgroundCompositing:2    ; additive background scattering]]
[2021.01.19-14.46.05:824][  0]LogConfig: Setting CVar [[r.DOF.Scatter.EnableBokehSettings:1      ; bokeh simulation when scattering]]
[2021.01.19-14.46.05:824][  0]LogConfig: Setting CVar [[r.DOF.Scatter.MaxSpriteRatio:0.1         ; only a maximum of 10% of scattered bokeh]]
[2021.01.19-14.46.05:824][  0]LogConfig: Setting CVar [[r.DOF.Recombine.Quality:1                ; cheap slight out of focus]]
[2021.01.19-14.46.05:824][  0]LogConfig: Setting CVar [[r.DOF.Recombine.EnableBokehSettings:0    ; no bokeh simulation on slight out of focus]]
[2021.01.19-14.46.05:824][  0]LogConfig: Setting CVar [[r.DOF.TemporalAAQuality:1                ; more stable temporal accumulation]]
[2021.01.19-14.46.05:824][  0]LogConfig: Setting CVar [[r.DOF.Kernel.MaxForegroundRadius:0.025]]
[2021.01.19-14.46.05:824][  0]LogConfig: Setting CVar [[r.DOF.Kernel.MaxBackgroundRadius:0.025]]
[2021.01.19-14.46.05:824][  0]LogConfig: Applying CVar settings from Section [TextureQuality@3] File [C:/Users/Ja/Documents/unreal/BallRunner/BallRunner/Saved/Config/Windows/Scalability.ini]
[2021.01.19-14.46.05:824][  0]LogConfig: Setting CVar [[r.Streaming.MipBias:0]]
[2021.01.19-14.46.05:824][  0]LogConfig: Setting CVar [[r.Streaming.AmortizeCPUToGPUCopy:0]]
[2021.01.19-14.46.05:824][  0]LogConfig: Setting CVar [[r.Streaming.MaxNumTexturesToStreamPerFrame:0]]
[2021.01.19-14.46.05:824][  0]LogConfig: Setting CVar [[r.Streaming.Boost:1]]
[2021.01.19-14.46.05:824][  0]LogConfig: Setting CVar [[r.MaxAnisotropy:8]]
[2021.01.19-14.46.05:824][  0]LogConfig: Setting CVar [[r.Streaming.LimitPoolSizeToVRAM:0]]
[2021.01.19-14.46.05:824][  0]LogConfig: Setting CVar [[r.Streaming.PoolSize:1000]]
[2021.01.19-14.46.05:824][  0]LogConfig: Setting CVar [[r.Streaming.MaxEffectiveScreenSize:0]]
[2021.01.19-14.46.05:825][  0]LogConfig: Applying CVar settings from Section [EffectsQuality@3] File [C:/Users/Ja/Documents/unreal/BallRunner/BallRunner/Saved/Config/Windows/Scalability.ini]
[2021.01.19-14.46.05:825][  0]LogConfig: Setting CVar [[r.TranslucencyLightingVolumeDim:64]]
[2021.01.19-14.46.05:825][  0]LogConfig: Setting CVar [[r.RefractionQuality:2]]
[2021.01.19-14.46.05:825][  0]LogConfig: Setting CVar [[r.SSR.Quality:3]]
[2021.01.19-14.46.05:825][  0]LogConfig: Setting CVar [[r.SceneColorFormat:4]]
[2021.01.19-14.46.05:825][  0]LogConfig: Setting CVar [[r.DetailMode:2]]
[2021.01.19-14.46.05:825][  0]LogConfig: Setting CVar [[r.TranslucencyVolumeBlur:1]]
[2021.01.19-14.46.05:825][  0]LogConfig: Setting CVar [[r.MaterialQualityLevel:1 ; High quality]]
[2021.01.19-14.46.05:825][  0]LogConfig: Setting CVar [[r.SSS.Scale:1]]
[2021.01.19-14.46.05:825][  0]LogConfig: Setting CVar [[r.SSS.SampleSet:2]]
[2021.01.19-14.46.05:825][  0]LogConfig: Setting CVar [[r.SSS.Quality:1]]
[2021.01.19-14.46.05:825][  0]LogConfig: Setting CVar [[r.SSS.HalfRes:1]]
[2021.01.19-14.46.05:825][  0]LogConfig: Setting CVar [[r.EmitterSpawnRateScale:1.0]]
[2021.01.19-14.46.05:825][  0]LogConfig: Setting CVar [[r.ParticleLightQuality:2]]
[2021.01.19-14.46.05:825][  0]LogConfig: Applying CVar settings from Section [FoliageQuality@3] File [C:/Users/Ja/Documents/unreal/BallRunner/BallRunner/Saved/Config/Windows/Scalability.ini]
[2021.01.19-14.46.05:826][  0]LogConfig: Setting CVar [[foliage.DensityScale:1.0]]
[2021.01.19-14.46.05:826][  0]LogConfig: Setting CVar [[grass.DensityScale:1.0]]
[2021.01.19-14.46.05:857][  0]LogInit: Selected Device Profile: [Windows]
[2021.01.19-14.46.05:857][  0]LogInit: Applying CVar settings loaded from the selected device profile: [Windows]
[2021.01.19-14.46.05:974][  0]LogHAL: Display: Platform has ~ 16 GB [17054547968 / 17179869184 / 16], which maps to Larger [LargestMinGB=32, LargerMinGB=12, DefaultMinGB=8, SmallerMinGB=6, SmallestMinGB=0)
[2021.01.19-14.46.05:974][  0]LogInit: Going up to parent DeviceProfile []
[2021.01.19-14.46.05:975][  0]LogConfig: Applying CVar settings from Section [ViewDistanceQuality@3] File [C:/Users/Ja/Documents/unreal/BallRunner/BallRunner/Saved/Config/Windows/Scalability.ini]
[2021.01.19-14.46.05:975][  0]LogConfig: Setting CVar [[r.SkeletalMeshLODBias:0]]
[2021.01.19-14.46.05:975][  0]LogConfig: Setting CVar [[r.ViewDistanceScale:1.0]]
[2021.01.19-14.46.05:975][  0]LogConfig: Applying CVar settings from Section [AntiAliasingQuality@3] File [C:/Users/Ja/Documents/unreal/BallRunner/BallRunner/Saved/Config/Windows/Scalability.ini]
[2021.01.19-14.46.05:975][  0]LogConfig: Setting CVar [[r.PostProcessAAQuality:4]]
[2021.01.19-14.46.05:975][  0]LogConfig: Applying CVar settings from Section [ShadowQuality@3] File [C:/Users/Ja/Documents/unreal/BallRunner/BallRunner/Saved/Config/Windows/Scalability.ini]
[2021.01.19-14.46.05:975][  0]LogConfig: Setting CVar [[r.LightFunctionQuality:1]]
[2021.01.19-14.46.05:975][  0]LogConfig: Setting CVar [[r.ShadowQuality:5]]
[2021.01.19-14.46.05:975][  0]LogConfig: Setting CVar [[r.Shadow.CSM.MaxCascades:10]]
[2021.01.19-14.46.05:975][  0]LogConfig: Setting CVar [[r.Shadow.MaxResolution:2048]]
[2021.01.19-14.46.05:975][  0]LogConfig: Setting CVar [[r.Shadow.MaxCSMResolution:2048]]
[2021.01.19-14.46.05:975][  0]LogConfig: Setting CVar [[r.Shadow.RadiusThreshold:0.01]]
[2021.01.19-14.46.05:975][  0]LogConfig: Setting CVar [[r.Shadow.DistanceScale:1.0]]
[2021.01.19-14.46.05:975][  0]LogConfig: Setting CVar [[r.Shadow.CSM.TransitionScale:1.0]]
[2021.01.19-14.46.05:975][  0]LogConfig: Setting CVar [[r.Shadow.PreShadowResolutionFactor:1.0]]
[2021.01.19-14.46.05:975][  0]LogConfig: Setting CVar [[r.DistanceFieldShadowing:1]]
[2021.01.19-14.46.05:975][  0]LogConfig: Setting CVar [[r.DistanceFieldAO:1]]
[2021.01.19-14.46.05:976][  0]LogConfig: Setting CVar [[r.AOQuality:2]]
[2021.01.19-14.46.05:976][  0]LogConfig: Setting CVar [[r.VolumetricFog:1]]
[2021.01.19-14.46.05:976][  0]LogConfig: Setting CVar [[r.VolumetricFog.GridPixelSize:8]]
[2021.01.19-14.46.05:976][  0]LogConfig: Setting CVar [[r.VolumetricFog.GridSizeZ:128]]
[2021.01.19-14.46.05:976][  0]LogConfig: Setting CVar [[r.VolumetricFog.HistoryMissSupersampleCount:4]]
[2021.01.19-14.46.05:976][  0]LogConfig: Setting CVar [[r.LightMaxDrawDistanceScale:1]]
[2021.01.19-14.46.05:976][  0]LogConfig: Setting CVar [[r.CapsuleShadows:1]]
[2021.01.19-14.46.05:976][  0]LogConfig: Applying CVar settings from Section [PostProcessQuality@3] File [C:/Users/Ja/Documents/unreal/BallRunner/BallRunner/Saved/Config/Windows/Scalability.ini]
[2021.01.19-14.46.05:976][  0]LogConfig: Setting CVar [[r.MotionBlurQuality:4]]
[2021.01.19-14.46.05:976][  0]LogConfig: Setting CVar [[r.AmbientOcclusionMipLevelFactor:0.4]]
[2021.01.19-14.46.05:977][  0]LogConfig: Setting CVar [[r.AmbientOcclusionMaxQuality:100]]
[2021.01.19-14.46.05:977][  0]LogConfig: Setting CVar [[r.AmbientOcclusionLevels:-1]]
[2021.01.19-14.46.05:977][  0]LogConfig: Setting CVar [[r.AmbientOcclusionRadiusScale:1.0]]
[2021.01.19-14.46.05:977][  0]LogConfig: Setting CVar [[r.DepthOfFieldQuality:2]]
[2021.01.19-14.46.05:977][  0]LogConfig: Setting CVar [[r.RenderTargetPoolMin:400]]
[2021.01.19-14.46.05:977][  0]LogConfig: Setting CVar [[r.LensFlareQuality:2]]
[2021.01.19-14.46.05:977][  0]LogConfig: Setting CVar [[r.SceneColorFringeQuality:1]]
[2021.01.19-14.46.05:977][  0]LogConfig: Setting CVar [[r.EyeAdaptationQuality:2]]
[2021.01.19-14.46.05:977][  0]LogConfig: Setting CVar [[r.BloomQuality:5]]
[2021.01.19-14.46.05:977][  0]LogConfig: Setting CVar [[r.FastBlurThreshold:100]]
[2021.01.19-14.46.05:977][  0]LogConfig: Setting CVar [[r.Upscale.Quality:3]]
[2021.01.19-14.46.05:977][  0]LogConfig: Setting CVar [[r.Tonemapper.GrainQuantization:1]]
[2021.01.19-14.46.05:977][  0]LogConfig: Setting CVar [[r.LightShaftQuality:1]]
[2021.01.19-14.46.05:977][  0]LogConfig: Setting CVar [[r.Filter.SizeScale:1]]
[2021.01.19-14.46.05:977][  0]LogConfig: Setting CVar [[r.Tonemapper.Quality:5]]
[2021.01.19-14.46.05:977][  0]LogConfig: Setting CVar [[r.DOF.Gather.AccumulatorQuality:1        ; higher gathering accumulator quality]]
[2021.01.19-14.46.05:978][  0]LogConfig: Setting CVar [[r.DOF.Gather.PostfilterMethod:1          ; Median3x3 postfilering method]]
[2021.01.19-14.46.05:978][  0]LogConfig: Setting CVar [[r.DOF.Gather.EnableBokehSettings:0       ; no bokeh simulation when gathering]]
[2021.01.19-14.46.05:978][  0]LogConfig: Setting CVar [[r.DOF.Gather.RingCount:4                 ; medium number of samples when gathering]]
[2021.01.19-14.46.05:978][  0]LogConfig: Setting CVar [[r.DOF.Scatter.ForegroundCompositing:1    ; additive foreground scattering]]
[2021.01.19-14.46.05:978][  0]LogConfig: Setting CVar [[r.DOF.Scatter.BackgroundCompositing:2    ; additive background scattering]]
[2021.01.19-14.46.05:978][  0]LogConfig: Setting CVar [[r.DOF.Scatter.EnableBokehSettings:1      ; bokeh simulation when scattering]]
[2021.01.19-14.46.05:978][  0]LogConfig: Setting CVar [[r.DOF.Scatter.MaxSpriteRatio:0.1         ; only a maximum of 10% of scattered bokeh]]
[2021.01.19-14.46.05:978][  0]LogConfig: Setting CVar [[r.DOF.Recombine.Quality:1                ; cheap slight out of focus]]
[2021.01.19-14.46.05:978][  0]LogConfig: Setting CVar [[r.DOF.Recombine.EnableBokehSettings:0    ; no bokeh simulation on slight out of focus]]
[2021.01.19-14.46.05:978][  0]LogConfig: Setting CVar [[r.DOF.TemporalAAQuality:1                ; more stable temporal accumulation]]
[2021.01.19-14.46.05:978][  0]LogConfig: Setting CVar [[r.DOF.Kernel.MaxForegroundRadius:0.025]]
[2021.01.19-14.46.05:978][  0]LogConfig: Setting CVar [[r.DOF.Kernel.MaxBackgroundRadius:0.025]]
[2021.01.19-14.46.05:978][  0]LogConfig: Applying CVar settings from Section [TextureQuality@3] File [C:/Users/Ja/Documents/unreal/BallRunner/BallRunner/Saved/Config/Windows/Scalability.ini]
[2021.01.19-14.46.05:978][  0]LogConfig: Setting CVar [[r.Streaming.MipBias:0]]
[2021.01.19-14.46.05:979][  0]LogConfig: Setting CVar [[r.Streaming.AmortizeCPUToGPUCopy:0]]
[2021.01.19-14.46.05:979][  0]LogConfig: Setting CVar [[r.Streaming.MaxNumTexturesToStreamPerFrame:0]]
[2021.01.19-14.46.05:979][  0]LogConfig: Setting CVar [[r.Streaming.Boost:1]]
[2021.01.19-14.46.05:979][  0]LogConfig: Setting CVar [[r.MaxAnisotropy:8]]
[2021.01.19-14.46.05:979][  0]LogConfig: Setting CVar [[r.Streaming.LimitPoolSizeToVRAM:0]]
[2021.01.19-14.46.05:979][  0]LogConfig: Setting CVar [[r.Streaming.PoolSize:1000]]
[2021.01.19-14.46.05:979][  0]LogConfig: Setting CVar [[r.Streaming.MaxEffectiveScreenSize:0]]
[2021.01.19-14.46.05:979][  0]LogConfig: Applying CVar settings from Section [EffectsQuality@3] File [C:/Users/Ja/Documents/unreal/BallRunner/BallRunner/Saved/Config/Windows/Scalability.ini]
[2021.01.19-14.46.05:979][  0]LogConfig: Setting CVar [[r.TranslucencyLightingVolumeDim:64]]
[2021.01.19-14.46.05:979][  0]LogConfig: Setting CVar [[r.RefractionQuality:2]]
[2021.01.19-14.46.05:979][  0]LogConfig: Setting CVar [[r.SSR.Quality:3]]
[2021.01.19-14.46.05:979][  0]LogConfig: Setting CVar [[r.SceneColorFormat:4]]
[2021.01.19-14.46.05:979][  0]LogConfig: Setting CVar [[r.DetailMode:2]]
[2021.01.19-14.46.05:979][  0]LogConfig: Setting CVar [[r.TranslucencyVolumeBlur:1]]
[2021.01.19-14.46.05:979][  0]LogConfig: Setting CVar [[r.MaterialQualityLevel:1 ; High quality]]
[2021.01.19-14.46.05:979][  0]LogConfig: Setting CVar [[r.SSS.Scale:1]]
[2021.01.19-14.46.05:980][  0]LogConfig: Setting CVar [[r.SSS.SampleSet:2]]
[2021.01.19-14.46.05:980][  0]LogConfig: Setting CVar [[r.SSS.Quality:1]]
[2021.01.19-14.46.05:980][  0]LogConfig: Setting CVar [[r.SSS.HalfRes:1]]
[2021.01.19-14.46.05:980][  0]LogConfig: Setting CVar [[r.EmitterSpawnRateScale:1.0]]
[2021.01.19-14.46.05:980][  0]LogConfig: Setting CVar [[r.ParticleLightQuality:2]]
[2021.01.19-14.46.05:980][  0]LogConfig: Applying CVar settings from Section [FoliageQuality@3] File [C:/Users/Ja/Documents/unreal/BallRunner/BallRunner/Saved/Config/Windows/Scalability.ini]
[2021.01.19-14.46.05:980][  0]LogConfig: Setting CVar [[foliage.DensityScale:1.0]]
[2021.01.19-14.46.05:980][  0]LogConfig: Setting CVar [[grass.DensityScale:1.0]]
[2021.01.19-14.46.05:980][  0]LogConfig: Applying CVar settings from Section [Startup] File [../../../Engine/Config/ConsoleVariables.ini]
[2021.01.19-14.46.05:997][  0]LogConfig: Setting CVar [[net.UseAdaptiveNetUpdateFrequency:0]]
[2021.01.19-14.46.05:998][  0]LogConfig: Setting CVar [[p.chaos.AllowCreatePhysxBodies:1]]
[2021.01.19-14.46.05:998][  0]LogConfig: Applying CVar settings from Section [ConsoleVariables] File [C:/Users/Ja/Documents/unreal/BallRunner/BallRunner/Saved/Config/Windows/Engine.ini]
[2021.01.19-14.46.06:059][  0]LogInit: Computer: DESKTOP-JSE2T28
[2021.01.19-14.46.06:059][  0]LogInit: User: Ja
[2021.01.19-14.46.06:059][  0]LogInit: CPU Page size=4096, Cores=2
[2021.01.19-14.46.06:059][  0]LogInit: High frequency timer resolution =10.000000 MHz
[2021.01.19-14.46.06:059][  0]LogMemory: Memory total: Physical=15.9GB (16GB approx)
[2021.01.19-14.46.06:059][  0]LogMemory: Platform Memory Stats for Windows
[2021.01.19-14.46.06:059][  0]LogMemory: Process Physical Memory: 100.70 MB used, 100.71 MB peak
[2021.01.19-14.46.06:060][  0]LogMemory: Process Virtual Memory: 99.93 MB used, 99.93 MB peak
[2021.01.19-14.46.06:060][  0]LogMemory: Physical Memory: 7689.84 MB used,  8574.64 MB free, 16264.48 MB total
[2021.01.19-14.46.06:060][  0]LogMemory: Virtual Memory: 4637.41 MB used,  134213088.00 MB free, 134217728.00 MB total
[2021.01.19-14.46.06:108][  0]LogWindows: WindowsPlatformFeatures enabled
[2021.01.19-14.46.06:982][  0]LogInit: Using OS detected language (pl-PL).
[2021.01.19-14.46.06:982][  0]LogInit: Using OS detected locale (pl-PL).
[2021.01.19-14.46.07:008][  0]LogTextLocalizationManager: No specific localization for 'pl-PL' exists, so the 'pl' localization will be used.
[2021.01.19-14.46.07:009][  0]LogTextLocalizationResource: LocRes '../../../Engine/Content/Localization/Editor/pl/Editor.locres' could not be opened for reading!
[2021.01.19-14.46.07:009][  0]LogTextLocalizationResource: LocRes '../../../Engine/Content/Localization/EditorTutorials/pl/EditorTutorials.locres' could not be opened for reading!
[2021.01.19-14.46.07:010][  0]LogTextLocalizationResource: LocRes '../../../Engine/Content/Localization/Keywords/pl/Keywords.locres' could not be opened for reading!
[2021.01.19-14.46.07:010][  0]LogTextLocalizationResource: LocRes '../../../Engine/Content/Localization/Category/pl/Category.locres' could not be opened for reading!
[2021.01.19-14.46.07:027][  0]LogTextLocalizationResource: LocRes '../../../Engine/Content/Localization/ToolTips/pl/ToolTips.locres' could not be opened for reading!
[2021.01.19-14.46.07:045][  0]LogTextLocalizationResource: LocRes '../../../Engine/Content/Localization/PropertyNames/pl/PropertyNames.locres' could not be opened for reading!
[2021.01.19-14.46.07:045][  0]LogTextLocalizationResource: LocRes '../../../Engine/Content/Localization/Engine/pl/Engine.locres' could not be opened for reading!
[2021.01.19-14.46.07:193][  0]LogInit: Setting process to per monitor DPI aware
[2021.01.19-14.46.07:900][  0]LogSlate: New Slate User Created.  User Index 0, Is Virtual User: 0
[2021.01.19-14.46.07:900][  0]LogSlate: Slate User Registered.  User Index 0, Is Virtual User: 0
[2021.01.19-14.46.12:604][  0]LogHMD: Failed to initialize OpenVR with code 110
[2021.01.19-14.46.12:604][  0]LogD3D11RHI: D3D11 adapters:
[2021.01.19-14.46.12:679][  0]LogD3D11RHI:    0. 'NVIDIA GeForce 940MX' (Feature Level 11_0)
[2021.01.19-14.46.12:679][  0]LogD3D11RHI:       2019/0/8132 MB DedicatedVideo/DedicatedSystem/SharedSystem, Outputs:1, VendorId:0x10de
[2021.01.19-14.46.12:710][  0]LogD3D11RHI:    1. 'Intel(R) HD Graphics 620' (Feature Level 11_0)
[2021.01.19-14.46.12:710][  0]LogD3D11RHI:       128/0/8132 MB DedicatedVideo/DedicatedSystem/SharedSystem, Outputs:0, VendorId:0x8086
[2021.01.19-14.46.12:713][  0]LogD3D11RHI:    2. 'Microsoft Basic Render Driver' (Feature Level 11_0)
[2021.01.19-14.46.12:714][  0]LogD3D11RHI:       0/0/8132 MB DedicatedVideo/DedicatedSystem/SharedSystem, Outputs:0, VendorId:0x1414
[2021.01.19-14.46.12:714][  0]LogD3D11RHI: Chosen D3D11 Adapter: 0
[2021.01.19-14.46.12:774][  0]LogD3D11RHI: Creating new Direct3DDevice
[2021.01.19-14.46.12:774][  0]LogD3D11RHI:     GPU DeviceId: 0x179c (for the marketing name, search the web for "GPU Device Id")
[2021.01.19-14.46.12:775][  0]LogWindows: EnumDisplayDevices:
[2021.01.19-14.46.12:775][  0]LogWindows:    0. 'Intel(R) HD Graphics 620' (P:1 D:1)
[2021.01.19-14.46.12:776][  0]LogWindows:    1. 'Intel(R) HD Graphics 620' (P:0 D:0)
[2021.01.19-14.46.12:777][  0]LogWindows:    2. 'Intel(R) HD Graphics 620' (P:0 D:0)
[2021.01.19-14.46.12:777][  0]LogWindows: DebugString: PrimaryIsNotTheChoosenAdapter PrimaryIsNotTheChoosenAdapter PrimaryIsNotTheChoosenAdapter FoundDriverCount:0 
[2021.01.19-14.46.12:777][  0]LogD3D11RHI:     Adapter Name: NVIDIA GeForce 940MX
[2021.01.19-14.46.12:786][  0]LogD3D11RHI:   Driver Version: Unknown (internal:Unknown, unified:Unknown)
[2021.01.19-14.46.12:787][  0]LogD3D11RHI:      Driver Date: Unknown
[2021.01.19-14.46.12:787][  0]LogRHI: Texture pool is 1413 MB (70% of 2019 MB)
[2021.01.19-14.46.12:828][  0]LogD3D11RHI: Async texture creation enabled
[2021.01.19-14.46.12:952][  0]LogD3D11RHI: GPU Timing Frequency: 1000.000000 (Debug: 2 1)
[2021.01.19-14.46.14:861][  0]LogTemp: Display: Module 'AllDesktopTargetPlatform' loaded TargetPlatform 'AllDesktop'
[2021.01.19-14.46.14:887][  0]LogTemp: Display: Module 'MacClientTargetPlatform' loaded TargetPlatform 'MacClient'
[2021.01.19-14.46.14:906][  0]LogTemp: Display: Module 'MacNoEditorTargetPlatform' loaded TargetPlatform 'MacNoEditor'
[2021.01.19-14.46.14:927][  0]LogTemp: Display: Module 'MacServerTargetPlatform' loaded TargetPlatform 'MacServer'
[2021.01.19-14.46.14:988][  0]LogTemp: Display: Module 'MacTargetPlatform' loaded TargetPlatform 'Mac'
[2021.01.19-14.46.15:026][  0]LogTemp: Display: Module 'WindowsClientTargetPlatform' loaded TargetPlatform 'WindowsClient'
[2021.01.19-14.46.15:045][  0]LogTemp: Display: Module 'WindowsNoEditorTargetPlatform' loaded TargetPlatform 'WindowsNoEditor'
[2021.01.19-14.46.15:075][  0]LogTemp: Display: Module 'WindowsServerTargetPlatform' loaded TargetPlatform 'WindowsServer'
[2021.01.19-14.46.15:213][  0]LogTemp: Display: Module 'WindowsTargetPlatform' loaded TargetPlatform 'Windows'
[2021.01.19-14.46.15:321][  0]LogTemp: Display: Module 'AndroidTargetPlatform' loaded TargetPlatform 'Android'
[2021.01.19-14.46.15:321][  0]LogTemp: Display: Module 'AndroidTargetPlatform' loaded TargetPlatform 'Android_ASTC'
[2021.01.19-14.46.15:321][  0]LogTemp: Display: Module 'AndroidTargetPlatform' loaded TargetPlatform 'Android_ATC'
[2021.01.19-14.46.15:321][  0]LogTemp: Display: Module 'AndroidTargetPlatform' loaded TargetPlatform 'Android_DXT'
[2021.01.19-14.46.15:321][  0]LogTemp: Display: Module 'AndroidTargetPlatform' loaded TargetPlatform 'Android_ETC1'
[2021.01.19-14.46.15:321][  0]LogTemp: Display: Module 'AndroidTargetPlatform' loaded TargetPlatform 'Android_ETC1a'
[2021.01.19-14.46.15:321][  0]LogTemp: Display: Module 'AndroidTargetPlatform' loaded TargetPlatform 'Android_ETC2'
[2021.01.19-14.46.15:321][  0]LogTemp: Display: Module 'AndroidTargetPlatform' loaded TargetPlatform 'Android_PVRTC'
[2021.01.19-14.46.15:321][  0]LogTemp: Display: Module 'AndroidTargetPlatform' loaded TargetPlatform 'AndroidClient'
[2021.01.19-14.46.15:321][  0]LogTemp: Display: Module 'AndroidTargetPlatform' loaded TargetPlatform 'Android_ASTCClient'
[2021.01.19-14.46.15:321][  0]LogTemp: Display: Module 'AndroidTargetPlatform' loaded TargetPlatform 'Android_ATCClient'
[2021.01.19-14.46.15:321][  0]LogTemp: Display: Module 'AndroidTargetPlatform' loaded TargetPlatform 'Android_DXTClient'
[2021.01.19-14.46.15:321][  0]LogTemp: Display: Module 'AndroidTargetPlatform' loaded TargetPlatform 'Android_ETC1Client'
[2021.01.19-14.46.15:321][  0]LogTemp: Display: Module 'AndroidTargetPlatform' loaded TargetPlatform 'Android_ETC1aClient'
[2021.01.19-14.46.15:321][  0]LogTemp: Display: Module 'AndroidTargetPlatform' loaded TargetPlatform 'Android_ETC2Client'
[2021.01.19-14.46.15:321][  0]LogTemp: Display: Module 'AndroidTargetPlatform' loaded TargetPlatform 'Android_PVRTCClient'
[2021.01.19-14.46.15:321][  0]LogTemp: Display: Module 'AndroidTargetPlatform' loaded TargetPlatform 'Android_Multi'
[2021.01.19-14.46.15:321][  0]LogTemp: Display: Module 'AndroidTargetPlatform' loaded TargetPlatform 'Android_MultiClient'
[2021.01.19-14.46.15:340][  0]LogTemp: Display: Module 'HTML5TargetPlatform' loaded TargetPlatform 'HTML5'
[2021.01.19-14.46.15:420][  0]LogTemp: Display: Module 'IOSTargetPlatform' loaded TargetPlatform 'IOSClient'
[2021.01.19-14.46.15:420][  0]LogTemp: Display: Module 'IOSTargetPlatform' loaded TargetPlatform 'IOS'
[2021.01.19-14.46.15:489][  0]LogTemp: Display: Module 'TVOSTargetPlatform' loaded TargetPlatform 'TVOSClient'
[2021.01.19-14.46.15:489][  0]LogTemp: Display: Module 'TVOSTargetPlatform' loaded TargetPlatform 'TVOS'
[2021.01.19-14.46.15:516][  0]LogTemp: Display: Module 'LinuxClientTargetPlatform' loaded TargetPlatform 'LinuxClient'
[2021.01.19-14.46.15:548][  0]LogTemp: Display: Module 'LinuxNoEditorTargetPlatform' loaded TargetPlatform 'LinuxNoEditor'
[2021.01.19-14.46.15:565][  0]LogTemp: Display: Module 'LinuxServerTargetPlatform' loaded TargetPlatform 'LinuxServer'
[2021.01.19-14.46.15:600][  0]LogTemp: Display: Module 'LinuxTargetPlatform' loaded TargetPlatform 'Linux'
[2021.01.19-14.46.15:643][  0]LogTemp: Display: Module 'LuminTargetPlatform' loaded TargetPlatform 'Lumin'
[2021.01.19-14.46.15:643][  0]LogTemp: Display: Module 'LuminTargetPlatform' loaded TargetPlatform 'LuminClient'
[2021.01.19-14.46.15:644][  0]LogTargetPlatformManager: Display: Building Assets For Windows
[2021.01.19-14.46.15:836][  0]LogAudioDebug: Display: Lib vorbis DLL was dynamically loaded.
[2021.01.19-14.46.16:601][  0]LogShaderCompilers: Guid format shader working directory is -23 characters bigger than the processId version (../../../../../../Users/Ja/Documents/unreal/BallRunner/BallRunner/Intermediate/Shaders/WorkingDirectory/14020/).
[2021.01.19-14.46.16:601][  0]LogShaderCompilers: Cleaned the shader compiler working directory 'C:/Users/Ja/AppData/Local/Temp/UnrealShaderWorkingDir/DD844A4F4325622CCAC40196443BEABC/'.
[2021.01.19-14.46.16:626][  0]LogXGEController: Cleaning working directory: C:/Users/Ja/AppData/Local/Temp/UnrealXGEWorkingDir/
[2021.01.19-14.46.16:626][  0]LogXGEController: Cannot use XGE Controller as Incredibuild is not installed on this machine.
[2021.01.19-14.46.16:626][  0]LogShaderCompilers: Cannot use XGE Shader Compiler as Incredibuild is not installed on this machine.
[2021.01.19-14.46.16:626][  0]LogShaderCompilers: Display: Using Local Shader Compiler.
[2021.01.19-14.46.23:673][  0]LogDerivedDataCache: Display: Max Cache Size: 512 MB
[2021.01.19-14.46.24:922][  0]LogDerivedDataCache: Loaded boot cache 1.23s 74MB C:/Users/Ja/AppData/Local/UnrealEngine/4.23/DerivedDataCache/Boot.ddc.
[2021.01.19-14.46.24:922][  0]LogDerivedDataCache: Display: Loaded Boot cache: C:/Users/Ja/AppData/Local/UnrealEngine/4.23/DerivedDataCache/Boot.ddc
[2021.01.19-14.46.24:922][  0]LogDerivedDataCache: FDerivedDataBackendGraph:  Pak pak cache file ../../../../../../Users/Ja/Documents/unreal/BallRunner/BallRunner/DerivedDataCache/DDC.ddp not found, will not use a pak cache.
[2021.01.19-14.46.24:922][  0]LogDerivedDataCache: Unable to find inner node Pak for hierarchical cache Hierarchy.
[2021.01.19-14.46.24:923][  0]LogDerivedDataCache: FDerivedDataBackendGraph:  CompressedPak pak cache file ../../../../../../Users/Ja/Documents/unreal/BallRunner/BallRunner/DerivedDataCache/Compressed.ddp not found, will not use a pak cache.
[2021.01.19-14.46.24:923][  0]LogDerivedDataCache: Unable to find inner node CompressedPak for hierarchical cache Hierarchy.
[2021.01.19-14.46.24:998][  0]LogDerivedDataCache: Display: Pak cache opened for reading ../../../Engine/DerivedDataCache/Compressed.ddp.
[2021.01.19-14.46.25:087][  0]LogDerivedDataCache: Display: Pak cache opened for reading ../../../Enterprise/DerivedDataCache/Compressed.ddp.
[2021.01.19-14.46.25:088][  0]LogDerivedDataCache: Using Local data cache path C:/Users/Ja/AppData/Local/UnrealEngine/Common/DerivedDataCache: Writable
[2021.01.19-14.46.25:089][  0]LogDerivedDataCache: Shared data cache path not found in *engine.ini, will not use an Shared cache.
[2021.01.19-14.46.25:089][  0]LogDerivedDataCache: Unable to find inner node Shared for hierarchical cache Hierarchy.
[2021.01.19-14.46.25:141][  0]LogMaterial: Verifying Global Shaders for PCD3D_SM5
[2021.01.19-14.46.25:218][  0]LogSlate: Using FreeType 2.6.0
[2021.01.19-14.46.25:364][  0]LogSlate: SlateFontServices - WITH_FREETYPE: 1, WITH_HARFBUZZ: 1
[2021.01.19-14.46.27:686][  0]LogAssetRegistry: FAssetRegistry took 0.0132 seconds to start up
[2021.01.19-14.46.34:414][  0]LogInit: Selected Device Profile: [Windows]
[2021.01.19-14.46.37:994][  0]LogMeshReduction: Using QuadricMeshReduction for automatic static mesh reduction
[2021.01.19-14.46.37:994][  0]LogMeshReduction: Using SimplygonMeshReduction for automatic skeletal mesh reduction
[2021.01.19-14.46.37:994][  0]LogMeshReduction: Using ProxyLODMeshReduction for automatic mesh merging
[2021.01.19-14.46.37:994][  0]LogMeshReduction: No distributed automatic mesh merging module available
[2021.01.19-14.46.38:006][  0]LogMeshMerging: No distributed automatic mesh merging module available
[2021.01.19-14.46.38:505][  0]LogNetVersion: BallRunner 1.0.0, NetCL: 8386587, EngineNetVer: 11, GameNetVer: 0 (Checksum: 847609276)
[2021.01.19-14.46.44:458][  0]LogPackageLocalizationCache: Processed 18 localized package path(s) for 1 prioritized culture(s) in 0.163505 seconds
[2021.01.19-14.46.44:466][  0]LogUObjectArray: 43444 objects as part of root set at end of initial load.
[2021.01.19-14.46.44:466][  0]LogUObjectAllocator: 7548648 out of 0 bytes used by permanent object pool.
[2021.01.19-14.46.44:466][  0]LogUObjectArray: CloseDisregardForGC: 0/0 objects in disregard for GC pool
[2021.01.19-14.47.14:055][  0]LogTcpMessaging: Initializing TcpMessaging bridge
[2021.01.19-14.47.14:078][  0]LogUdpMessaging: Initializing bridge on interface 0.0.0.0:0 to multicast group 230.0.0.1:6666.
[2021.01.19-14.47.14:841][  0]SourceControl: Source control is disabled
[2021.01.19-14.47.14:841][  0]SourceControl: Source control is disabled
[2021.01.19-14.47.15:002][  0]SourceControl: Source control is disabled
[2021.01.19-14.47.15:027][  0]SourceControl: Source control is disabled
[2021.01.19-14.47.18:976][  0]LogAndroidPermission: UAndroidPermissionCallbackProxy::GetInstance
[2021.01.19-14.47.19:265][  0]LogOcInput: OculusInput pre-init called
[2021.01.19-14.47.19:371][  0]LogWindows: Failed to load 'OVRPlugin.dll' (GetLastError=126)
[2021.01.19-14.47.19:371][  0]LogWindows: File 'OVRPlugin.dll' does not exist
[2021.01.19-14.47.36:031][  0]LogEngine: Initializing Engine...
[2021.01.19-14.47.36:068][  0]LogHMD: Failed to initialize OpenVR with code 110
[2021.01.19-14.47.36:145][  0]LogStats: UGameplayTagsManager::InitializeManager -  0.040 s
[2021.01.19-14.47.37:149][  0]LogInit: Initializing FReadOnlyCVARCache
[2021.01.19-14.47.37:564][  0]LogAIModule: Creating AISystem for world Untitled
[2021.01.19-14.47.37:733][  0]LogInit: XAudio2 using 'Speakers (Conexant SmartAudio HD)' : 2 channels at 48 kHz using 32 bits per sample (channel mask 0x3)
[2021.01.19-14.47.37:828][  0]LogInit: FAudioDevice initialized.
[2021.01.19-14.47.37:828][  0]LogNetVersion: Set ProjectVersion to 1.0.0.0. Version Checksum will be recalculated on next use.
[2021.01.19-14.47.38:139][  0]LogDerivedDataCache: Saved boot cache 0.31s 74MB C:/Users/Ja/AppData/Local/UnrealEngine/4.23/DerivedDataCache/Boot.ddc.
[2021.01.19-14.47.38:140][  0]LogInit: Texture streaming: Enabled
[2021.01.19-14.47.38:611][  0]LogEngineSessionManager: EngineSessionManager initialized
[2021.01.19-14.47.38:612][  0]LogEditorSessionSummary: Verbose: Initializing EditorSessionSummaryWriter for editor session tracking
[2021.01.19-14.47.38:624][  0]LogEditorSessionSummary: EditorSessionSummaryWriter initialized
[2021.01.19-14.47.38:921][  0]LogInit: Transaction tracking system initialized
[2021.01.19-14.47.39:413][  0]BlueprintLog: New page: Editor Load
[2021.01.19-14.47.40:818][  0]LocalizationService: Localization service is disabled
[2021.01.19-14.47.44:825][  0]LogFileCache: Scanning file cache for directory 'C:/Users/Ja/Documents/unreal/BallRunner/BallRunner/Content/' took 0.05s
[2021.01.19-14.47.44:825][  0]LogCook: Display: Max memory allowance for cook 16384mb min free memory 0mb
[2021.01.19-14.47.44:838][  0]LogCook: Display: Mobile HDR setting 1
[2021.01.19-14.47.54:429][  0]SourceControl: Source control is disabled
[2021.01.19-14.47.54:527][  0]Cmd: MAP LOAD FILE="../../../../../../Users/Ja/Documents/unreal/BallRunner/BallRunner/Content/Levels/MainLevel.umap" TEMPLATE=0 SHOWPROGRESS=1 FEATURELEVEL=3
[2021.01.19-14.47.54:578][  0]LightingResults: New page: Lighting Build
[2021.01.19-14.47.54:637][  0]LogWorld: UWorld::CleanupWorld for Untitled, bSessionEnded=true, bCleanupResources=true
[2021.01.19-14.47.54:668][  0]MapCheck: New page: Map Check
[2021.01.19-14.47.54:668][  0]LightingResults: New page: Lighting Build
[2021.01.19-14.47.54:894][  0]LogUObjectHash: Compacting FUObjectHashTables data took   1.95ms
[2021.01.19-14.47.56:767][  0]LogAIModule: Creating AISystem for world MainLevel
[2021.01.19-14.47.57:250][  0]LogEditorServer: Finished looking for orphan Actors (0.000 secs)
[2021.01.19-14.47.57:369][  0]LogUObjectHash: Compacting FUObjectHashTables data took   1.77ms
[2021.01.19-14.47.57:382][  0]Cmd: MAP CHECKDEP NOCLEARLOG
[2021.01.19-14.47.57:383][  0]MapCheck: Map check complete: 0 Error(s), 0 Warning(s), took 0,278ms to complete.
[2021.01.19-14.47.57:383][  0]LogFileHelpers: Loading map 'MainLevel' took 2.869
[2021.01.19-14.47.59:313][  0]LogSlate: Updating window title bar state: overlay mode, drag disabled, window buttons hidden, title bar hidden
[2021.01.19-14.47.59:343][  0]LogSlate: Updating window title bar state: overlay mode, drag disabled, window buttons hidden, title bar hidden
[2021.01.19-14.47.59:351][  0]LogSlate: Updating window title bar state: overlay mode, drag disabled, window buttons hidden, title bar hidden
[2021.01.19-14.47.59:359][  0]LogSlate: Updating window title bar state: overlay mode, drag disabled, window buttons hidden, title bar hidden
[2021.01.19-14.47.59:551][  0]LogCollectionManager: Loaded 0 collections in 0.003731 seconds
[2021.01.19-14.47.59:802][  0]LogFileCache: Scanning file cache for directory 'C:/Users/Ja/Documents/unreal/BallRunner/BallRunner/Saved/Collections/' took 0.00s
[2021.01.19-14.47.59:802][  0]LogFileCache: Scanning file cache for directory 'C:/Users/Ja/Documents/unreal/BallRunner/BallRunner/Content/Developers/Ja/Collections/' took 0.00s
[2021.01.19-14.47.59:802][  0]LogFileCache: Scanning file cache for directory 'C:/Users/Ja/Documents/unreal/BallRunner/BallRunner/Content/Collections/' took 0.00s
[2021.01.19-14.47.59:802][  0]LogCollectionManager: Rebuilt the GUID cache for 0 collections in 0.000003 seconds
[2021.01.19-14.47.59:854][  0]LogContentBrowser: Native class hierarchy populated in 0.0362 seconds. Added 3045 classes and 765 folders.
[2021.01.19-14.48.00:025][  0]LogContentBrowser: Native class hierarchy updated for 'WidgetCarousel' in 0.0003 seconds. Added 0 classes and 0 folders.
[2021.01.19-14.48.02:833][  0]LogContentBrowser: Native class hierarchy updated for 'AddContentDialog' in 0.0002 seconds. Added 0 classes and 0 folders.
[2021.01.19-14.48.03:020][  0]LogContentBrowser: Native class hierarchy updated for 'SceneOutliner' in 0.0003 seconds. Added 1 classes and 0 folders.
[2021.01.19-14.48.03:847][  0]LogSlate: Took 0.038088 seconds to synchronously load lazily loaded font '../../../Engine/Content/Slate/Fonts/Roboto-Regular.ttf' (155K)
[2021.01.19-14.48.03:869][  0]LogSlate: Took 0.019371 seconds to synchronously load lazily loaded font '../../../Engine/Content/Slate/Fonts/Roboto-Bold.ttf' (160K)
[2021.01.19-14.48.03:882][  0]LogSlate: Took 0.008306 seconds to synchronously load lazily loaded font '../../../Engine/Content/Editor/Slate/Fonts/FontAwesome.ttf' (139K)
[2021.01.19-14.48.04:415][  0]LogRenderer: Reallocating scene render targets to support 1244x532 Format 10 NumSamples 1 (Frame:1).
[2021.01.19-14.48.05:012][  0]LogContentBrowser: Native class hierarchy updated for 'HierarchicalLODOutliner' in 0.0004 seconds. Added 0 classes and 0 folders.
[2021.01.19-14.48.05:032][  0]LogLoad: (Engine Initialization) Total time: 165.24 seconds
[2021.01.19-14.48.05:032][  0]LogLoad: (Engine Initialization) Total Blueprint compile time: 0.00 seconds
[2021.01.19-14.48.05:271][  0]LogContentStreaming: Texture pool size now 1000 MB
[2021.01.19-14.48.05:406][  0]LogRenderer: Reallocating scene render targets to support 1244x548 Format 10 NumSamples 1 (Frame:2).
[2021.01.19-14.48.05:539][  0]LogSlate: Took 0.019346 seconds to synchronously load lazily loaded font '../../../Engine/Content/Slate/Fonts/Roboto-Light.ttf' (167K)
[2021.01.19-14.48.06:340][  7]LogSlate: Took 0.000234 seconds to synchronously load lazily loaded font '../../../Engine/Content/Slate/Fonts/Roboto-Light.ttf' (167K)
[2021.01.19-14.48.08:357][ 35]LogAssetRegistry: Asset discovery search completed in 100.6733 seconds
[2021.01.19-14.48.08:362][ 35]LogCollectionManager: Rebuilt the object cache for 0 collections in 0.000006 seconds (found 0 objects)
[2021.01.19-14.48.08:362][ 35]LogCollectionManager: Fixed up redirectors for 0 collections in 0.000130 seconds (updated 0 objects)
[2021.01.19-14.49.05:085][212]LogEditorSessionSummary: EditorSessionSummary sent report. Type=Shutdown, SessionId={F0799D00-4486-5B80-22E8-C0AEA28B6732}
[2021.01.19-14.49.18:178][969]LogSlate: FSceneViewport::OnFocusLost() reason 0
[2021.01.19-16.46.10:407][577]LogD3D11RHI: Timed out while waiting for GPU to catch up. (500 ms)
[2021.01.19-16.46.31:569][766]LogUObjectHash: Compacting FUObjectHashTables data took   0.89ms
[2021.01.19-16.46.31:700][766]LogSlate: Window 'BallRunner - Unreal Editor' being destroyed
[2021.01.19-16.46.32:094][767]Cmd: QUIT_EDITOR
[2021.01.19-16.46.32:732][767]LogWindowsTextInputMethodSystem: Display: IME system now deactivated.
[2021.01.19-16.46.32:821][767]LogExit: Preparing to exit.
[2021.01.19-16.46.33:909][767]LogWorld: UWorld::CleanupWorld for World_0, bSessionEnded=true, bCleanupResources=true
[2021.01.19-16.46.34:021][767]LogDemo: Cleaned up 0 splitscreen connections with owner deletion
[2021.01.19-16.46.34:098][767]LogWorld: UWorld::CleanupWorld for None, bSessionEnded=true, bCleanupResources=true
[2021.01.19-16.46.34:098][767]LogExit: Editor shut down
[2021.01.19-16.46.34:103][767]LogExit: Transaction tracking system shut down
[2021.01.19-16.46.35:939][767]LogExit: Object subsystem successfully closed.
[2021.01.19-16.46.36:081][767]LogShaderCompilers: Display: Shaders left to compile 0
[2021.01.19-16.46.36:923][767]LogModuleManager: Shutting down and abandoning module HierarchicalLODOutliner (728)
[2021.01.19-16.46.36:923][767]LogModuleManager: Shutting down and abandoning module SceneOutliner (726)
[2021.01.19-16.46.36:923][767]LogModuleManager: Shutting down and abandoning module AddContentDialog (724)
[2021.01.19-16.46.36:923][767]LogModuleManager: Shutting down and abandoning module WidgetCarousel (723)
[2021.01.19-16.46.36:923][767]LogModuleManager: Shutting down and abandoning module EditorWidgets (720)
[2021.01.19-16.46.36:923][767]LogModuleManager: Shutting down and abandoning module CollectionManager (718)
[2021.01.19-16.46.36:924][767]LogModuleManager: Shutting down and abandoning module StatsViewer (716)
[2021.01.19-16.46.36:924][767]LogModuleManager: Shutting down and abandoning module VirtualTexturingEditor (714)
[2021.01.19-16.46.36:924][767]LogModuleManager: Shutting down and abandoning module FoliageEdit (712)
[2021.01.19-16.46.36:924][767]LogModuleManager: Shutting down and abandoning module LandscapeEditor (710)
[2021.01.19-16.46.37:047][767]LogModuleManager: Shutting down and abandoning module MeshPaintMode (708)
[2021.01.19-16.46.37:047][767]LogModuleManager: Shutting down and abandoning module SceneDepthPickerMode (706)
[2021.01.19-16.46.37:047][767]LogModuleManager: Shutting down and abandoning module ActorPickerMode (704)
[2021.01.19-16.46.37:047][767]LogModuleManager: Shutting down and abandoning module GeometryMode (702)
[2021.01.19-16.46.37:047][767]LogModuleManager: Shutting down and abandoning module TextureAlignMode (700)
[2021.01.19-16.46.37:047][767]LogModuleManager: Shutting down and abandoning module BspMode (698)
[2021.01.19-16.46.37:047][767]LogModuleManager: Shutting down and abandoning module PIEPreviewDeviceProfileSelector (696)
[2021.01.19-16.46.37:061][767]LogModuleManager: Shutting down and abandoning module SequenceRecorderSections (694)
[2021.01.19-16.46.37:061][767]LogModuleManager: Shutting down and abandoning module AutomationWorker (692)
[2021.01.19-16.46.37:061][767]LogModuleManager: Shutting down and abandoning module DatasmithFBXImporter (690)
[2021.01.19-16.46.37:061][767]LogModuleManager: Shutting down and abandoning module DatasmithDeltaGenImporter (688)
[2021.01.19-16.46.37:061][767]LogModuleManager: Shutting down and abandoning module DatasmithVREDImporter (686)
[2021.01.19-16.46.37:061][767]LogModuleManager: Shutting down and abandoning module OculusMR (684)
[2021.01.19-16.46.37:061][767]LogModuleManager: Shutting down and abandoning module AudioCaptureEditor (682)
[2021.01.19-16.46.37:062][767]LogModuleManager: Shutting down and abandoning module MatineeToLevelSequence (680)
[2021.01.19-16.46.37:062][767]LogModuleManager: Shutting down and abandoning module LevelSequenceEditor (678)
[2021.01.19-16.46.37:084][767]LogModuleManager: Shutting down and abandoning module PlacementMode (677)
[2021.01.19-16.46.37:084][767]LogModuleManager: Shutting down and abandoning module MaterialEditor (676)
[2021.01.19-16.46.37:105][767]LogModuleManager: Shutting down and abandoning module ActorSequenceEditor (672)
[2021.01.19-16.46.37:116][767]LogModuleManager: Shutting down and abandoning module WmfMediaFactory (670)
[2021.01.19-16.46.37:116][767]LogModuleManager: Shutting down and abandoning module WmfMediaEditor (668)
[2021.01.19-16.46.37:116][767]LogModuleManager: Shutting down and abandoning module WebMMediaFactory (666)
[2021.01.19-16.46.37:116][767]LogModuleManager: Shutting down and abandoning module WebMMediaEditor (664)
[2021.01.19-16.46.37:117][767]LogModuleManager: Shutting down and abandoning module WebMMedia (662)
[2021.01.19-16.46.37:117][767]LogModuleManager: Shutting down and abandoning module MediaPlayerEditor (660)
[2021.01.19-16.46.37:126][767]LogModuleManager: Shutting down and abandoning module MediaCompositingEditor (658)
[2021.01.19-16.46.37:145][767]LogModuleManager: Shutting down and abandoning module SequenceRecorder (657)
[2021.01.19-16.46.37:145][767]LogModuleManager: Shutting down and abandoning module OpenExrWrapper (654)
[2021.01.19-16.46.37:145][767]LogModuleManager: Shutting down and abandoning module ImgMediaFactory (652)
[2021.01.19-16.46.37:145][767]LogModuleManager: Shutting down and abandoning module ImgMediaEditor (650)
[2021.01.19-16.46.37:146][767]LogModuleManager: Shutting down and abandoning module AvfMediaFactory (648)
[2021.01.19-16.46.37:146][767]LogModuleManager: Shutting down and abandoning module AvfMediaEditor (646)
[2021.01.19-16.46.37:146][767]LogModuleManager: Shutting down and abandoning module AndroidMediaFactory (644)
[2021.01.19-16.46.37:146][767]LogModuleManager: Shutting down and abandoning module AndroidMediaEditor (642)
[2021.01.19-16.46.37:146][767]LogModuleManager: Shutting down and abandoning module MagicLeapCameraPreviewFactory (640)
[2021.01.19-16.46.37:146][767]LogModuleManager: Shutting down and abandoning module MagicLeapMediaCodecFactory (638)
[2021.01.19-16.46.37:146][767]LogModuleManager: Shutting down and abandoning module MagicLeapMediaFactory (636)
[2021.01.19-16.46.37:146][767]LogModuleManager: Shutting down and abandoning module MagicLeapMediaEditor (634)
[2021.01.19-16.46.37:146][767]LogModuleManager: Shutting down and abandoning module CharacterAI (632)
[2021.01.19-16.46.37:146][767]LogModuleManager: Shutting down and abandoning module SmartSnapping (630)
[2021.01.19-16.46.37:146][767]LogModuleManager: Shutting down and abandoning module SessionServices (628)
[2021.01.19-16.46.37:146][767]LogModuleManager: Shutting down and abandoning module MeshPaint (626)
[2021.01.19-16.46.37:146][767]LogModuleManager: Shutting down and abandoning module ViewportSnapping (624)
[2021.01.19-16.46.37:146][767]LogModuleManager: Shutting down and abandoning module ViewportInteraction (622)
[2021.01.19-16.46.37:147][767]LogModuleManager: Shutting down and abandoning module ClothPainter (620)
[2021.01.19-16.46.37:188][767]LogModuleManager: Shutting down and abandoning module SkeletalMeshEditor (619)
[2021.01.19-16.46.37:205][767]LogModuleManager: Shutting down and abandoning module LogVisualizer (616)
[2021.01.19-16.46.37:222][767]LogModuleManager: Shutting down and abandoning module IntroTutorials (614)
[2021.01.19-16.46.37:222][767]LogModuleManager: Shutting down and abandoning module GameProjectGeneration (613)
[2021.01.19-16.46.37:263][767]LogModuleManager: Shutting down and abandoning module LuminPlatformEditor (610)
[2021.01.19-16.46.37:263][767]LogModuleManager: Shutting down and abandoning module IOSPlatformEditor (608)
[2021.01.19-16.46.37:263][767]LogModuleManager: Shutting down and abandoning module HTML5PlatformEditor (606)
[2021.01.19-16.46.37:263][767]LogModuleManager: Shutting down and abandoning module AndroidPlatformEditor (604)
[2021.01.19-16.46.37:263][767]LogModuleManager: Shutting down and abandoning module AndroidDeviceDetection (603)
[2021.01.19-16.46.37:711][767]LogModuleManager: Shutting down and abandoning module WindowsPlatformEditor (600)
[2021.01.19-16.46.37:711][767]LogModuleManager: Shutting down and abandoning module LuminRuntimeSettings (598)
[2021.01.19-16.46.37:711][767]LogModuleManager: Shutting down and abandoning module IOSRuntimeSettings (596)
[2021.01.19-16.46.37:711][767]LogModuleManager: Shutting down and abandoning module AndroidRuntimeSettings (594)
[2021.01.19-16.46.37:711][767]LogModuleManager: Shutting down and abandoning module TimeManagementEditor (592)
[2021.01.19-16.46.37:711][767]LogModuleManager: Shutting down and abandoning module InputBindingEditor (590)
[2021.01.19-16.46.37:711][767]LogModuleManager: Shutting down and abandoning module MergeActors (588)
[2021.01.19-16.46.37:729][767]LogModuleManager: Shutting down and abandoning module LocalizationDashboard (586)
[2021.01.19-16.46.37:729][767]LogModuleManager: Shutting down and abandoning module LocalizationService (585)
[2021.01.19-16.46.37:729][767]LogModuleManager: Shutting down and abandoning module HardwareTargeting (582)
[2021.01.19-16.46.37:729][767]LogModuleManager: Shutting down and abandoning module DeviceProfileEditor (580)
[2021.01.19-16.46.37:729][767]LogModuleManager: Shutting down and abandoning module UndoHistory (578)
[2021.01.19-16.46.37:729][767]LogModuleManager: Shutting down and abandoning module XmlParser (576)
[2021.01.19-16.46.37:729][767]LogModuleManager: Shutting down and abandoning module Blutility (574)
[2021.01.19-16.46.37:729][767]LogModuleManager: Shutting down and abandoning module ProjectSettingsViewer (572)
[2021.01.19-16.46.37:729][767]LogModuleManager: Shutting down and abandoning module ProjectTargetPlatformEditor (571)
[2021.01.19-16.46.37:729][767]LogModuleManager: Shutting down and abandoning module EditorSettingsViewer (568)
[2021.01.19-16.46.37:729][767]LogModuleManager: Shutting down and abandoning module SettingsEditor (566)
[2021.01.19-16.46.37:729][767]LogModuleManager: Shutting down and abandoning module ProjectLauncher (564)
[2021.01.19-16.46.37:806][767]LogModuleManager: Shutting down and abandoning module SessionFrontend (562)
[2021.01.19-16.46.37:806][767]LogModuleManager: Shutting down and abandoning module ProfilerClient (560)
[2021.01.19-16.46.37:886][767]LogModuleManager: Shutting down and abandoning module DeviceManager (558)
[2021.01.19-16.46.37:886][767]LogModuleManager: Shutting down and abandoning module TargetDeviceServices (557)
[2021.01.19-16.46.38:001][767]LogModuleManager: Shutting down and abandoning module AutomationController (554)
[2021.01.19-16.46.38:001][767]LogModuleManager: Shutting down and abandoning module AutomationWindow (552)
[2021.01.19-16.46.38:139][767]LogModuleManager: Shutting down and abandoning module Layers (550)
[2021.01.19-16.46.38:155][767]LogModuleManager: Shutting down and abandoning module ComponentVisualizers (548)
[2021.01.19-16.46.38:155][767]LogModuleManager: Shutting down and abandoning module DetailCustomizations (546)
[2021.01.19-16.46.38:155][767]LogModuleManager: Shutting down and abandoning module PackagesDialog (544)
[2021.01.19-16.46.38:173][767]LogModuleManager: Shutting down and abandoning module AnimationBlueprintEditor (542)
[2021.01.19-16.46.38:193][767]LogModuleManager: Shutting down and abandoning module Persona (540)
[2021.01.19-16.46.38:213][767]LogModuleManager: Shutting down and abandoning module AnimGraph (539)
[2021.01.19-16.46.38:213][767]LogModuleManager: Shutting down and abandoning module Kismet (536)
[2021.01.19-16.46.38:228][767]LogModuleManager: Shutting down and abandoning module KismetWidgets (535)
[2021.01.19-16.46.38:243][767]LogModuleManager: Shutting down and abandoning module GraphEditor (532)
[2021.01.19-16.46.38:243][767]LogModuleManager: Shutting down and abandoning module StructViewer (530)
[2021.01.19-16.46.38:243][767]LogModuleManager: Shutting down and abandoning module ClassViewer (528)
[2021.01.19-16.46.38:243][767]LogModuleManager: Shutting down and abandoning module Toolbox (526)
[2021.01.19-16.46.38:243][767]LogModuleManager: Shutting down and abandoning module ModuleUI (524)
[2021.01.19-16.46.38:256][767]LogModuleManager: Shutting down and abandoning module MovieSceneTools (522)
[2021.01.19-16.46.38:256][767]LogModuleManager: Shutting down and abandoning module OutputLog (520)
[2021.01.19-16.46.38:264][767]LogModuleManager: Shutting down and abandoning module GammaUI (518)
[2021.01.19-16.46.38:264][767]LogModuleManager: Shutting down and abandoning module Documentation (516)
[2021.01.19-16.46.38:264][767]LogModuleManager: Shutting down and abandoning module LiveCoding (514)
[2021.01.19-16.46.38:264][767]LogModuleManager: Shutting down and abandoning module LevelSequence (512)
[2021.01.19-16.46.38:264][767]LogModuleManager: Shutting down and abandoning module MovieSceneTracks (510)
[2021.01.19-16.46.38:264][767]LogModuleManager: Shutting down and abandoning module MovieScene (508)
[2021.01.19-16.46.38:264][767]LogModuleManager: Shutting down and abandoning module StreamingPauseRendering (506)
[2021.01.19-16.46.38:264][767]LogModuleManager: Shutting down and abandoning module LauncherPlatform (504)
[2021.01.19-16.46.38:264][767]LogModuleManager: Shutting down and abandoning module AnalyticsET (502)
[2021.01.19-16.46.38:264][767]LogModuleManager: Shutting down and abandoning module PortalServices (500)
[2021.01.19-16.46.38:264][767]LogModuleManager: Shutting down and abandoning module PortalRpc (498)
[2021.01.19-16.46.38:264][767]LogModuleManager: Shutting down and abandoning module MessagingRpc (496)
[2021.01.19-16.46.38:264][767]LogModuleManager: Shutting down and abandoning module AIModule (494)
[2021.01.19-16.46.38:264][767]LogModuleManager: Shutting down and abandoning module GameplayDebugger (493)
[2021.01.19-16.46.38:264][767]LogModuleManager: Shutting down and abandoning module AITestSuite (491)
[2021.01.19-16.46.38:265][767]LogModuleManager: Shutting down and abandoning module NavigationSystem (489)
[2021.01.19-16.46.38:265][767]LogModuleManager: Shutting down and abandoning module DesktopPlatform (486)
[2021.01.19-16.46.38:265][767]LogModuleManager: Shutting down and abandoning module ImageWriteQueue (484)
[2021.01.19-16.46.38:270][767]LogModuleManager: Shutting down and abandoning module ProfilerService (482)
[2021.01.19-16.46.38:317][767]LogModuleManager: Shutting down and abandoning module TaskGraph (480)
[2021.01.19-16.46.38:386][767]LogModuleManager: Shutting down and abandoning module DatasmithCADTranslator (478)
[2021.01.19-16.46.38:386][767]LogModuleManager: Shutting down and abandoning module DatasmithC4DImporter (476)
[2021.01.19-16.46.38:386][767]LogModuleManager: Shutting down and abandoning module VariantManager (474)
[2021.01.19-16.46.38:486][767]LogModuleManager: Shutting down and abandoning module StaticMeshEditorExtension (472)
[2021.01.19-16.46.38:486][767]LogModuleManager: Shutting down and abandoning module MeshProcessingLibrary (471)
[2021.01.19-16.46.38:486][767]LogModuleManager: Shutting down and abandoning module MDLImporter (468)
[2021.01.19-16.46.38:498][767]LogModuleManager: Shutting down and abandoning module DatasmithCoreTechExtension (466)
[2021.01.19-16.46.38:498][767]LogModuleManager: Shutting down and abandoning module StaticMeshEditor (465)
[2021.01.19-16.46.38:516][767]LogModuleManager: Shutting down and abandoning module AdvancedPreviewScene (464)
[2021.01.19-16.46.38:516][767]LogModuleManager: Shutting down and abandoning module DatasmithOpenNurbsTranslator (460)
[2021.01.19-16.46.38:526][767]LogModuleManager: Shutting down and abandoning module DatasmithNativeTranslator (458)
[2021.01.19-16.46.38:526][767]LogModuleManager: Shutting down and abandoning module DatasmithIFCImporter (456)
[2021.01.19-16.46.38:526][767]LogModuleManager: Shutting down and abandoning module DatasmithGLTFImporter (454)
[2021.01.19-16.46.38:526][767]LogModuleManager: Shutting down and abandoning module DatasmithImporter (453)
[2021.01.19-16.46.38:534][767]LogModuleManager: Shutting down and abandoning module ScreenshotTools (450)
[2021.01.19-16.46.38:534][767]LogModuleManager: Shutting down and abandoning module SteamVRController (448)
[2021.01.19-16.46.38:534][767]LogModuleManager: Shutting down and abandoning module ProceduralMeshComponentEditor (446)
[2021.01.19-16.46.38:534][767]LogModuleManager: Shutting down and abandoning module ProceduralMeshComponent (444)
[2021.01.19-16.46.38:535][767]LogModuleManager: Shutting down and abandoning module OculusEditor (442)
[2021.01.19-16.46.38:535][767]LogModuleManager: Shutting down and abandoning module OculusInput (440)
[2021.01.19-16.46.38:535][767]LogModuleManager: Shutting down and abandoning module MobilePatchingUtils (438)
[2021.01.19-16.46.38:535][767]LogModuleManager: Shutting down and abandoning module EditableMesh (436)
[2021.01.19-16.46.38:546][767]LogModuleManager: Shutting down and abandoning module CustomMeshComponent (434)
[2021.01.19-16.46.38:546][767]LogModuleManager: Shutting down and abandoning module CableComponent (432)
[2021.01.19-16.46.38:546][767]LogModuleManager: Shutting down and abandoning module AudioCapture (430)
[2021.01.19-16.46.38:546][767]LogModuleManager: Shutting down and abandoning module ArchVisCharacter (428)
[2021.01.19-16.46.38:546][767]LogModuleManager: Shutting down and abandoning module AppleImageUtilsBlueprintSupport (426)
[2021.01.19-16.46.38:546][767]LogModuleManager: Shutting down and abandoning module AppleImageUtils (424)
[2021.01.19-16.46.38:546][767]LogModuleManager: Shutting down and abandoning module AndroidPermission (422)
[2021.01.19-16.46.38:546][767]LogModuleManager: Shutting down and abandoning module NUTUnrealEngine4 (420)
[2021.01.19-16.46.38:546][767]LogModuleManager: Shutting down and abandoning module NetcodeUnitTest (418)
[2021.01.19-16.46.38:546][767]LogModuleManager: Shutting down and abandoning module MediaCompositing (416)
[2021.01.19-16.46.38:546][767]LogModuleManager: Shutting down and abandoning module ImgMedia (414)
[2021.01.19-16.46.38:546][767]LogModuleManager: Shutting down and abandoning module MagicLeapHelperVulkan (412)
[2021.01.19-16.46.38:546][767]LogModuleManager: Shutting down and abandoning module MagicLeapHelperOpenGL (410)
[2021.01.19-16.46.38:546][767]LogModuleManager: Shutting down and abandoning module MagicLeapAudio (408)
[2021.01.19-16.46.38:547][767]LogModuleManager: Shutting down and abandoning module HTML5Networking (406)
[2021.01.19-16.46.38:547][767]LogModuleManager: Shutting down and abandoning module GeometryCollectionTracks (404)
[2021.01.19-16.46.38:547][767]LogModuleManager: Shutting down and abandoning module GeometryCollectionSequencer (403)
[2021.01.19-16.46.38:547][767]LogModuleManager: Shutting down and abandoning module GeometryCollectionEditor (400)
[2021.01.19-16.46.38:547][767]LogModuleManager: Shutting down and abandoning module GeometryCollectionExampleCore (398)
[2021.01.19-16.46.38:547][767]LogModuleManager: Shutting down and abandoning module GeometryCacheTracks (396)
[2021.01.19-16.46.38:547][767]LogModuleManager: Shutting down and abandoning module GeometryCacheSequencer (394)
[2021.01.19-16.46.38:547][767]LogModuleManager: Shutting down and abandoning module DataprepLibraries (392)
[2021.01.19-16.46.38:547][767]LogModuleManager: Shutting down and abandoning module DataprepCore (390)
[2021.01.19-16.46.38:547][767]LogModuleManager: Shutting down and abandoning module DataprepEditor (388)
[2021.01.19-16.46.38:574][767]LogModuleManager: Shutting down and abandoning module ChaosSolverEditor (386)
[2021.01.19-16.46.38:575][767]LogModuleManager: Shutting down and abandoning module BlastCore (384)
[2021.01.19-16.46.38:575][767]LogModuleManager: Shutting down and abandoning module BlastAuthoring (382)
[2021.01.19-16.46.38:575][767]LogModuleManager: Shutting down and abandoning module BackChannel (380)
[2021.01.19-16.46.38:575][767]LogModuleManager: Shutting down and abandoning module AutomationUtilsEditor (378)
[2021.01.19-16.46.38:575][767]LogModuleManager: Shutting down and abandoning module AutomationUtils (376)
[2021.01.19-16.46.38:584][767]LogModuleManager: Shutting down and abandoning module AlembicImporter (374)
[2021.01.19-16.46.38:585][767]LogModuleManager: Shutting down and abandoning module AlembicLibrary (373)
[2021.01.19-16.46.38:585][767]LogModuleManager: Shutting down and abandoning module GeometryCache (372)
[2021.01.19-16.46.38:585][767]LogModuleManager: Shutting down and abandoning module GeometryCacheEd (371)
[2021.01.19-16.46.38:585][767]LogModuleManager: Shutting down and abandoning module VariantManagerContent (366)
[2021.01.19-16.46.38:585][767]LogModuleManager: Shutting down and abandoning module DatasmithContentEditor (364)
[2021.01.19-16.46.38:585][767]LogModuleManager: Shutting down and abandoning module SpeedTreeImporter (362)
[2021.01.19-16.46.38:585][767]LogModuleManager: Shutting down and abandoning module PluginBrowser (360)
[2021.01.19-16.46.38:585][767]LogModuleManager: Shutting down and abandoning module MobileLauncherProfileWizard (358)
[2021.01.19-16.46.38:595][767]LogModuleManager: Shutting down and abandoning module PolygonModeling (356)
[2021.01.19-16.46.38:595][767]LogModuleManager: Shutting down and abandoning module MeshEditor (354)
[2021.01.19-16.46.38:595][767]LogModuleManager: Shutting down and abandoning module MaterialAnalyzer (352)
[2021.01.19-16.46.38:595][767]LogModuleManager: Shutting down and abandoning module GLTFImporter (350)
[2021.01.19-16.46.38:595][767]LogModuleManager: Shutting down and abandoning module EditorScriptingUtilities (348)
[2021.01.19-16.46.38:595][767]LogModuleManager: Shutting down and abandoning module CurveEditorTools (346)
[2021.01.19-16.46.38:595][767]LogModuleManager: Shutting down and abandoning module CurveEditor (345)
[2021.01.19-16.46.38:610][767]LogModuleManager: Shutting down and abandoning module CryptoKeysOpenSSL (342)
[2021.01.19-16.46.38:610][767]LogModuleManager: Shutting down and abandoning module CryptoKeys (340)
[2021.01.19-16.46.38:610][767]LogModuleManager: Shutting down and abandoning module VisualStudioSourceCodeAccess (338)
[2021.01.19-16.46.38:610][767]LogModuleManager: Shutting down and abandoning module VisualStudioCodeSourceCodeAccess (336)
[2021.01.19-16.46.38:610][767]LogModuleManager: Shutting down and abandoning module UObjectPlugin (334)
[2021.01.19-16.46.38:610][767]LogModuleManager: Shutting down and abandoning module SubversionSourceControl (332)
[2021.01.19-16.46.38:610][767]LogModuleManager: Shutting down and abandoning module PerforceSourceControl (330)
[2021.01.19-16.46.38:629][767]LogModuleManager: Shutting down and abandoning module GitSourceControl (328)
[2021.01.19-16.46.38:629][767]LogModuleManager: Shutting down and abandoning module SourceControl (327)
[2021.01.19-16.46.38:630][767]LogModuleManager: Shutting down and abandoning module CLionSourceCodeAccess (324)
[2021.01.19-16.46.38:630][767]LogModuleManager: Shutting down and abandoning module AnimationSharingEd (322)
[2021.01.19-16.46.38:630][767]LogModuleManager: Shutting down and abandoning module ActorLayerUtilitiesEditor (320)
[2021.01.19-16.46.38:630][767]LogModuleManager: Shutting down and abandoning module ActorLayerUtilities (318)
[2021.01.19-16.46.38:630][767]LogModuleManager: Shutting down and abandoning module LightPropagationVolumeEditor (316)
[2021.01.19-16.46.38:630][767]LogModuleManager: Shutting down and abandoning module PaperTiledImporter (314)
[2021.01.19-16.46.38:630][767]LogModuleManager: Shutting down and abandoning module PaperSpriteSheetImporter (312)
[2021.01.19-16.46.38:630][767]LogModuleManager: Shutting down and abandoning module Paper2DEditor (310)
[2021.01.19-16.46.38:637][767]LogModuleManager: Shutting down and abandoning module SignificanceManager (308)
[2021.01.19-16.46.38:637][767]LogModuleManager: Shutting down and abandoning module RuntimePhysXCooking (306)
[2021.01.19-16.46.38:637][767]LogModuleManager: Shutting down and abandoning module PhysXVehiclesEditor (304)
[2021.01.19-16.46.38:637][767]LogModuleManager: Shutting down and abandoning module LocationServicesBPLibrary (300)
[2021.01.19-16.46.38:637][767]LogModuleManager: Shutting down and abandoning module ActorSequence (298)
[2021.01.19-16.46.38:637][767]LogModuleManager: Shutting down and abandoning module UdpMessaging (296)
[2021.01.19-16.46.38:738][767]LogModuleManager: Shutting down and abandoning module TcpMessaging (294)
[2021.01.19-16.46.38:839][767]LogModuleManager: Shutting down and abandoning module MagicLeapIdentity (292)
[2021.01.19-16.46.38:839][767]LogModuleManager: Shutting down and abandoning module MagicLeapSecureStorage (290)
[2021.01.19-16.46.38:839][767]LogModuleManager: Shutting down and abandoning module MagicLeapHandTracking (288)
[2021.01.19-16.46.38:839][767]LogModuleManager: Shutting down and abandoning module MagicLeapEyeTracker (286)
[2021.01.19-16.46.38:839][767]LogModuleManager: Shutting down and abandoning module MagicLeapController (284)
[2021.01.19-16.46.38:839][767]LogSlate: Slate User Destroyed.  User Index 0, Is Virtual User: 0
[2021.01.19-16.46.38:839][767]LogModuleManager: Shutting down and abandoning module MagicLeapAR (282)
[2021.01.19-16.46.38:840][767]LogModuleManager: Shutting down and abandoning module AugmentedReality (281)
[2021.01.19-16.46.38:840][767]LogModuleManager: Shutting down and abandoning module GameplayTagsEditor (278)
[2021.01.19-16.46.38:888][767]LogModuleManager: Shutting down and abandoning module FacialAnimationEditor (276)
[2021.01.19-16.46.38:888][767]LogModuleManager: Shutting down and abandoning module FacialAnimation (274)
[2021.01.19-16.46.38:888][767]LogModuleManager: Shutting down and abandoning module DataValidation (272)
[2021.01.19-16.46.38:888][767]LogModuleManager: Shutting down and abandoning module AssetManagerEditor (270)
[2021.01.19-16.46.38:893][767]LogModuleManager: Shutting down and abandoning module LevelEditor (269)
[2021.01.19-16.46.38:894][767]LogModuleManager: Shutting down and abandoning module PixelInspectorModule (268)
[2021.01.19-16.46.38:894][767]LogModuleManager: Shutting down and abandoning module CommonMenuExtensions (266)
[2021.01.19-16.46.38:894][767]LogModuleManager: Shutting down and abandoning module MainFrame (264)
[2021.01.19-16.46.38:895][767]LogModuleManager: Shutting down and abandoning module HotReload (263)
[2021.01.19-16.46.38:895][767]LogModuleManager: Shutting down and abandoning module ContentBrowser (259)
[2021.01.19-16.46.38:896][767]LogModuleManager: Shutting down and abandoning module TreeMap (257)
[2021.01.19-16.46.38:896][767]LogModuleManager: Shutting down and abandoning module AnimationSharing (254)
[2021.01.19-16.46.38:896][767]LogModuleManager: Shutting down and abandoning module LightPropagationVolumeRuntime (252)
[2021.01.19-16.46.38:897][767]LogModuleManager: Shutting down and abandoning module Paper2D (250)
[2021.01.19-16.46.38:897][767]LogModuleManager: Shutting down and abandoning module WindowsMoviePlayer (248)
[2021.01.19-16.46.38:899][767]LogModuleManager: Shutting down and abandoning module WebMMoviePlayer (246)
[2021.01.19-16.46.38:899][767]LogModuleManager: Shutting down and abandoning module NetworkReplayStreaming (244)
[2021.01.19-16.46.38:899][767]LogModuleManager: Shutting down and abandoning module PacketHandler (242)
[2021.01.19-16.46.38:899][767]LogModuleManager: Shutting down and abandoning module ClothingSystemEditor (240)
[2021.01.19-16.46.38:900][767]LogModuleManager: Shutting down and abandoning module ClothingSystemRuntime (238)
[2021.01.19-16.46.38:953][767]LogModuleManager: Shutting down and abandoning module MediaAssets (236)
[2021.01.19-16.46.38:954][767]LogModuleManager: Shutting down and abandoning module Overlay (234)
[2021.01.19-16.46.38:954][767]LogModuleManager: Shutting down and abandoning module OverlayEditor (233)
[2021.01.19-16.46.38:954][767]LogModuleManager: Shutting down and abandoning module VREditor (230)
[2021.01.19-16.46.38:991][767]LogModuleManager: Shutting down and abandoning module StringTableEditor (228)
[2021.01.19-16.46.39:009][767]LogModuleManager: Shutting down and abandoning module GameplayTasksEditor (226)
[2021.01.19-16.46.39:009][767]LogModuleManager: Shutting down and abandoning module BehaviorTreeEditor (224)
[2021.01.19-16.46.39:028][767]LogModuleManager: Shutting down and abandoning module FunctionalTesting (222)
[2021.01.19-16.46.39:028][767]LogModuleManager: Shutting down and abandoning module CollisionAnalyzer (220)
[2021.01.19-16.46.39:028][767]LogModuleManager: Shutting down and abandoning module WorkspaceMenuStructure (219)
[2021.01.19-16.46.39:028][767]LogModuleManager: Shutting down and abandoning module UMG (216)
[2021.01.19-16.46.39:042][767]LogModuleManager: Shutting down and abandoning module UMGEditor (215)
[2021.01.19-16.46.39:042][767]LogModuleManager: Shutting down and abandoning module Sequencer (214)
[2021.01.19-16.46.39:061][767]LogModuleManager: Shutting down and abandoning module MessageLog (211)
[2021.01.19-16.46.39:061][767]LogModuleManager: Shutting down and abandoning module SlateReflector (206)
[2021.01.19-16.46.39:073][767]LogModuleManager: Shutting down and abandoning module Slate (204)
[2021.01.19-16.46.39:073][767]LogModuleManager: Shutting down and abandoning module LandscapeEditorUtilities (202)
[2021.01.19-16.46.39:074][767]LogModuleManager: Shutting down and abandoning module EditorStyle (200)
[2021.01.19-16.46.39:076][767]LogModuleManager: Shutting down and abandoning module UnrealEd (198)
[2021.01.19-16.46.39:076][767]LogModuleManager: Shutting down and abandoning module MRMesh (196)
[2021.01.19-16.46.39:076][767]LogModuleManager: Shutting down and abandoning module SourceCodeAccess (194)
[2021.01.19-16.46.39:076][767]LogModuleManager: Shutting down and abandoning module HeadMountedDisplay (192)
[2021.01.19-16.46.39:076][767]LogModuleManager: Shutting down and abandoning module XAudio2 (190)
[2021.01.19-16.46.39:076][767]LogModuleManager: Shutting down and abandoning module Networking (188)
[2021.01.19-16.46.39:076][767]LogModuleManager: Shutting down and abandoning module Core (186)
[2021.01.19-16.46.39:076][767]LogModuleManager: Shutting down and abandoning module KismetCompiler (184)
[2021.01.19-16.46.39:076][767]LogModuleManager: Shutting down and abandoning module MeshUtilities (182)
[2021.01.19-16.46.39:076][767]LogModuleManager: Shutting down and abandoning module MeshMergeUtilities (181)
[2021.01.19-16.46.39:077][767]LogModuleManager: Shutting down and abandoning module MeshReductionInterface (180)
[2021.01.19-16.46.39:077][767]LogModuleManager: Shutting down and abandoning module SkeletalMeshReduction (179)
[2021.01.19-16.46.39:106][767]LogModuleManager: Shutting down and abandoning module ProxyLODMeshReduction (177)
[2021.01.19-16.46.39:183][767]LogModuleManager: Shutting down and abandoning module QuadricMeshReduction (175)
[2021.01.19-16.46.39:183][767]LogModuleManager: Shutting down and abandoning module MaterialBaking (171)
[2021.01.19-16.46.39:230][767]LogModuleManager: Shutting down and abandoning module NullInstallBundleManager (166)
[2021.01.19-16.46.39:230][767]LogModuleManager: Shutting down and abandoning module DerivedDataCache (164)
[2021.01.19-16.46.39:324][767]LogDerivedDataCache: Shutdown
[2021.01.19-16.46.39:325][767]LogModuleManager: Shutting down and abandoning module XGEController (162)
[2021.01.19-16.46.39:325][767]LogXGEController: Cleaning working directory: C:/Users/Ja/AppData/Local/Temp/UnrealXGEWorkingDir/
[2021.01.19-16.46.39:325][767]LogModuleManager: Shutting down and abandoning module TargetPlatform (160)
[2021.01.19-16.46.39:325][767]LogModuleManager: Shutting down and abandoning module VulkanShaderFormat (159)
[2021.01.19-16.46.39:325][767]LogModuleManager: Shutting down and abandoning module ShaderFormatVectorVM (157)
[2021.01.19-16.46.39:325][767]LogModuleManager: Shutting down and abandoning module ShaderFormatOpenGL (155)
[2021.01.19-16.46.39:367][767]LogModuleManager: Shutting down and abandoning module ShaderFormatD3D (153)
[2021.01.19-16.46.39:368][767]LogModuleManager: Shutting down and abandoning module MetalShaderFormat (151)
[2021.01.19-16.46.39:380][767]LogModuleManager: Shutting down and abandoning module TextureFormatUncompressed (149)
[2021.01.19-16.46.39:380][767]LogModuleManager: Shutting down and abandoning module TextureFormatPVR (147)
[2021.01.19-16.46.39:380][767]LogModuleManager: Shutting down and abandoning module TextureFormatDXT (145)
[2021.01.19-16.46.39:380][767]LogModuleManager: Shutting down and abandoning module TextureFormatIntelISPCTexComp (143)
[2021.01.19-16.46.39:380][767]LogModuleManager: Shutting down and abandoning module TextureFormatASTC (141)
[2021.01.19-16.46.39:380][767]LogModuleManager: Shutting down and abandoning module ImageWrapper (140)
[2021.01.19-16.46.39:380][767]LogModuleManager: Shutting down and abandoning module TextureFormatAndroid (137)
[2021.01.19-16.46.39:380][767]LogModuleManager: Shutting down and abandoning module AudioFormatOpus (135)
[2021.01.19-16.46.39:380][767]LogModuleManager: Shutting down and abandoning module AudioFormatOgg (133)
[2021.01.19-16.46.39:380][767]LogModuleManager: Shutting down and abandoning module AudioFormatADPCM (131)
[2021.01.19-16.46.39:380][767]LogModuleManager: Shutting down and abandoning module LuminTargetPlatform (129)
[2021.01.19-16.46.39:381][767]LogModuleManager: Shutting down and abandoning module LinuxTargetPlatform (127)
[2021.01.19-16.46.39:381][767]LogModuleManager: Shutting down and abandoning module LinuxServerTargetPlatform (125)
[2021.01.19-16.46.39:381][767]LogModuleManager: Shutting down and abandoning module LinuxNoEditorTargetPlatform (123)
[2021.01.19-16.46.39:381][767]LogModuleManager: Shutting down and abandoning module LinuxClientTargetPlatform (121)
[2021.01.19-16.46.39:381][767]LogModuleManager: Shutting down and abandoning module TVOSTargetPlatform (119)
[2021.01.19-16.46.39:382][767]LogModuleManager: Shutting down and abandoning module Messaging (117)
[2021.01.19-16.46.39:383][767]LogModuleManager: Shutting down and abandoning module IOSTargetPlatform (115)
[2021.01.19-16.46.39:384][767]LogModuleManager: Shutting down and abandoning module HTML5TargetPlatform (113)
[2021.01.19-16.46.39:384][767]LogModuleManager: Shutting down and abandoning module AndroidTargetPlatform (111)
[2021.01.19-16.46.39:391][767]LogModuleManager: Shutting down and abandoning module WindowsTargetPlatform (109)
[2021.01.19-16.46.39:392][767]LogModuleManager: Shutting down and abandoning module WindowsServerTargetPlatform (107)
[2021.01.19-16.46.39:392][767]LogModuleManager: Shutting down and abandoning module WindowsNoEditorTargetPlatform (105)
[2021.01.19-16.46.39:392][767]LogModuleManager: Shutting down and abandoning module WindowsClientTargetPlatform (103)
[2021.01.19-16.46.39:392][767]LogModuleManager: Shutting down and abandoning module MacTargetPlatform (101)
[2021.01.19-16.46.39:392][767]LogModuleManager: Shutting down and abandoning module MacServerTargetPlatform (99)
[2021.01.19-16.46.39:392][767]LogModuleManager: Shutting down and abandoning module MacNoEditorTargetPlatform (97)
[2021.01.19-16.46.39:392][767]LogModuleManager: Shutting down and abandoning module MacClientTargetPlatform (95)
[2021.01.19-16.46.39:392][767]LogModuleManager: Shutting down and abandoning module AllDesktopTargetPlatform (93)
[2021.01.19-16.46.39:392][767]LogModuleManager: Shutting down and abandoning module InputCore (90)
[2021.01.19-16.46.39:392][767]LogModuleManager: Shutting down and abandoning module Settings (88)
[2021.01.19-16.46.39:392][767]LogModuleManager: Shutting down and abandoning module DirectoryWatcher (86)
[2021.01.19-16.46.39:392][767]LogModuleManager: Shutting down and abandoning module PhysXCooking (84)
[2021.01.19-16.46.39:392][767]LogModuleManager: Shutting down and abandoning module WindowsPlatformFeatures (82)
[2021.01.19-16.46.39:393][767]LogModuleManager: Shutting down and abandoning module GameplayMediaEncoder (81)
[2021.01.19-16.46.39:393][767]LogModuleManager: Shutting down and abandoning module SteamVR (78)
[2021.01.19-16.46.39:393][767]LogHMD: Freeing OpenVRDLLHandle.
[2021.01.19-16.46.39:393][767]LogModuleManager: Shutting down and abandoning module OculusHMD (76)
[2021.01.19-16.46.39:393][767]LogModuleManager: Shutting down and abandoning module ExampleDeviceProfileSelector (74)
[2021.01.19-16.46.39:393][767]LogModuleManager: Shutting down and abandoning module LauncherChunkInstaller (72)
[2021.01.19-16.46.39:393][767]LogModuleManager: Shutting down and abandoning module OnlineBlueprintSupport (70)
[2021.01.19-16.46.39:393][767]LogModuleManager: Shutting down and abandoning module OnlineSubsystem (66)
[2021.01.19-16.46.39:403][767]LogModuleManager: Shutting down and abandoning module XMPP (61)
[2021.01.19-16.46.39:435][767]LogModuleManager: Shutting down and abandoning module WebSockets (60)
[2021.01.19-16.46.39:494][767]LogModuleManager: Shutting down and abandoning module HTTP (57)
[2021.01.19-16.46.39:494][767]LogHttp: Display: Http module shutting down, but needs to wait on 1 outstanding Http requests:
[2021.01.19-16.46.39:494][767]LogHttp: Display: 	verb=[POST] url=[https://datarouter.ol.epicgames.com/datarouter/api/v1/public/data?SessionID=%7B832C0CC7-4ECE-64CB-33DA-7DA1990496B4%7D&AppID=UEEditor.Rocket.Release&AppVersion=4.23.1-9631420%2B%2B%2BUE4%2BRelease-4.23&UserID=57ed7d3441dcf6171ad39981dba4aad4%7Cf654963188ec489780eeeeb10b54ee06%7C0b705bdf-1718-4da3-bf30-0305d9bcdbeb&AppEnvironment=datacollector-binary&UploadType=eteventstream] status=Processing
[2021.01.19-16.46.39:515][767]LogModuleManager: Shutting down and abandoning module SSL (56)
[2021.01.19-16.46.39:517][767]LogModuleManager: Shutting down and abandoning module WmfMedia (52)
[2021.01.19-16.46.39:537][767]LogModuleManager: Shutting down and abandoning module Media (51)
[2021.01.19-16.46.39:539][767]LogModuleManager: Shutting down and abandoning module MagicLeap (48)
[2021.01.19-16.46.39:539][767]LogModuleManager: Shutting down and abandoning module DatasmithContent (46)
[2021.01.19-16.46.39:540][767]LogModuleManager: Shutting down and abandoning module AISupportModule (44)
[2021.01.19-16.46.39:540][767]LogModuleManager: Shutting down and abandoning module PlatformCryptoOpenSSL (42)
[2021.01.19-16.46.39:540][767]LogModuleManager: Shutting down and abandoning module PlatformCrypto (40)
[2021.01.19-16.46.39:540][767]LogModuleManager: Shutting down and abandoning module AnimationModifiers (38)
[2021.01.19-16.46.39:555][767]LogModuleManager: Shutting down and abandoning module PropertyEditor (37)
[2021.01.19-16.46.39:589][767]LogModuleManager: Shutting down and abandoning module AudioEditor (34)
[2021.01.19-16.46.39:607][767]LogModuleManager: Shutting down and abandoning module TextureCompressor (32)
[2021.01.19-16.46.39:607][767]LogModuleManager: Shutting down and abandoning module RenderCore (30)
[2021.01.19-16.46.39:608][767]LogModuleManager: Shutting down and abandoning module Landscape (28)
[2021.01.19-16.46.39:608][767]LogModuleManager: Shutting down and abandoning module SlateRHIRenderer (26)
[2021.01.19-16.46.39:609][767]LogModuleManager: Shutting down and abandoning module OpenGLDrv (24)
[2021.01.19-16.46.39:617][767]LogModuleManager: Shutting down and abandoning module D3D11RHI (22)
[2021.01.19-16.46.39:617][767]LogModuleManager: Shutting down and abandoning module AnimGraphRuntime (20)
[2021.01.19-16.46.39:617][767]LogModuleManager: Shutting down and abandoning module Renderer (18)
[2021.01.19-16.46.39:617][767]LogModuleManager: Shutting down and abandoning module Engine (16)
[2021.01.19-16.46.39:618][767]LogModuleManager: Shutting down and abandoning module CoreUObject (14)
[2021.01.19-16.46.39:618][767]LogModuleManager: Shutting down and abandoning module NetworkFile (12)
[2021.01.19-16.46.39:618][767]LogModuleManager: Shutting down and abandoning module CookedIterativeFile (10)
[2021.01.19-16.46.39:618][767]LogModuleManager: Shutting down and abandoning module StreamingFile (8)
[2021.01.19-16.46.39:618][767]LogModuleManager: Shutting down and abandoning module SandboxFile (6)
[2021.01.19-16.46.39:618][767]LogModuleManager: Shutting down and abandoning module PakFile (4)
[2021.01.19-16.46.39:637][767]LogModuleManager: Shutting down and abandoning module RSA (3)
[2021.01.19-16.46.39:638][767]LogD3D11RHI: Shutdown
[2021.01.19-16.46.39:660][767]LogD3D11RHI: CleanupD3DDevice
[2021.01.19-16.46.39:684][767]LogRendererCore: FGlobalDynamicReadBuffer::Cleanup()
[2021.01.19-16.46.39:740][767]LogRendererCore: FGlobalDynamicReadBuffer::Cleanup()
[2021.01.19-16.46.39:741][767]LogRendererCore: FGlobalDynamicReadBuffer::Cleanup()
[2021.01.19-16.46.39:895][767]LogD3D11RHI: ~FD3D11DynamicRHI
[2021.01.19-16.46.40:052][767]LogExit: Exiting.
[2021.01.19-16.46.40:197][767]Log file closed, 01/19/21 17:46:40
