Log file open, 01/24/21 17:20:37
LogWindows: Failed to load 'aqProf.dll' (GetLastError=126)
LogWindows: File 'aqProf.dll' does not exist
LogWindows: Failed to load 'VtuneApi.dll' (GetLastError=126)
LogWindows: File 'VtuneApi.dll' does not exist
LogWindows: Failed to load 'VtuneApi32e.dll' (GetLastError=126)
LogWindows: File 'VtuneApi32e.dll' does not exist
LogConsoleResponse: Display: Failed to find resolution value strings in scalability ini. Falling back to default.
LogInit: Display: Running engine for game: BallRunner
LogPlatformFile: Not using cached read wrapper
LogTaskGraph: Started task graph with 5 named threads and 11 total threads with 3 sets of task threads.
LogStats: Stats thread started at 0.134382
LogD3D11RHI: Loaded GFSDK_Aftermath_Lib.x64.dll
LogICUInternationalization: ICU TimeZone Detection - Raw Offset: +1:00, Platform Override: ''
LogPluginManager: Mounting plugin Paper2D
LogPluginManager: Mounting plugin AISupport
LogPluginManager: Mounting plugin LightPropagationVolume
LogPluginManager: Mounting plugin ActorLayerUtilities
LogPluginManager: Mounting plugin AnimationSharing
LogPluginManager: Mounting plugin CLionSourceCodeAccess
LogPluginManager: Mounting plugin CodeLiteSourceCodeAccess
LogPluginManager: Mounting plugin GitSourceControl
LogPluginManager: Mounting plugin KDevelopSourceCodeAccess
LogPluginManager: Mounting plugin NullSourceCodeAccess
LogPluginManager: Mounting plugin PerforceSourceControl
LogPluginManager: Mounting plugin SubversionSourceControl
LogPluginManager: Mounting plugin UObjectPlugin
LogPluginManager: Mounting plugin VisualStudioCodeSourceCodeAccess
LogPluginManager: Mounting plugin VisualStudioSourceCodeAccess
LogPluginManager: Mounting plugin XCodeSourceCodeAccess
LogPluginManager: Mounting plugin AssetManagerEditor
LogPluginManager: Mounting plugin CryptoKeys
LogPluginManager: Mounting plugin CurveEditorTools
LogPluginManager: Mounting plugin DataValidation
LogPluginManager: Mounting plugin EditorScriptingUtilities
LogPluginManager: Mounting plugin FacialAnimation
LogPluginManager: Mounting plugin GameplayTagsEditor
LogPluginManager: Mounting plugin GLTFImporter
LogPluginManager: Mounting plugin MacGraphicsSwitching
LogPluginManager: Mounting plugin MaterialAnalyzer
LogPluginManager: Mounting plugin MeshEditor
LogPluginManager: Mounting plugin MobileLauncherProfileWizard
LogPluginManager: Mounting plugin PluginBrowser
LogPluginManager: Mounting plugin SpeedTreeImporter
LogPluginManager: Mounting plugin DatasmithContent
LogPluginManager: Mounting plugin VariantManagerContent
LogPluginManager: Mounting plugin AlembicImporter
LogPluginManager: Mounting plugin AutomationUtils
LogPluginManager: Mounting plugin BackChannel
LogPluginManager: Mounting plugin BlastPlugin
LogPluginManager: Mounting plugin ChaosSolverPlugin
LogPluginManager: Mounting plugin CharacterAI
LogPluginManager: Mounting plugin DataPrepEditor
LogPluginManager: Mounting plugin GeometryCache
LogPluginManager: Mounting plugin GeometryCollectionPlugin
LogPluginManager: Mounting plugin HTML5Networking
LogPluginManager: Mounting plugin PlatformCrypto
LogPluginManager: Mounting plugin ProxyLODPlugin
LogPluginManager: Mounting plugin SkeletalReduction
LogPluginManager: Mounting plugin MagicLeap
LogPluginManager: Mounting plugin MagicLeapMedia
LogPluginManager: Mounting plugin AndroidMedia
LogPluginManager: Mounting plugin AvfMedia
LogPluginManager: Mounting plugin ImgMedia
LogPluginManager: Mounting plugin MediaCompositing
LogPluginManager: Mounting plugin MediaPlayerEditor
LogPluginManager: Mounting plugin WebMMedia
LogPluginManager: Mounting plugin WmfMedia
LogPluginManager: Mounting plugin TcpMessaging
LogPluginManager: Mounting plugin UdpMessaging
LogPluginManager: Mounting plugin ActorSequence
LogPluginManager: Mounting plugin LevelSequenceEditor
LogPluginManager: Mounting plugin MatineeToLevelSequence
LogPluginManager: Mounting plugin NetcodeUnitTest
LogPluginManager: Mounting plugin NUTUnrealEngine4
LogPluginManager: Mounting plugin OnlineSubsystemGooglePlay
LogPluginManager: Mounting plugin OnlineSubsystemIOS
LogPluginManager: Mounting plugin OnlineSubsystem
LogPluginManager: Mounting plugin OnlineSubsystemNull
LogPluginManager: Mounting plugin OnlineSubsystemUtils
LogPluginManager: Mounting plugin LauncherChunkInstaller
LogPluginManager: Mounting plugin AndroidDeviceProfileSelector
LogPluginManager: Mounting plugin AndroidMoviePlayer
LogPluginManager: Mounting plugin AndroidPermission
LogPluginManager: Mounting plugin AppleImageUtils
LogPluginManager: Mounting plugin AppleMoviePlayer
LogPluginManager: Mounting plugin ArchVisCharacter
LogPluginManager: Mounting plugin AudioCapture
LogPluginManager: Mounting plugin CableComponent
LogPluginManager: Mounting plugin CustomMeshComponent
LogPluginManager: Mounting plugin EditableMesh
LogPluginManager: Mounting plugin ExampleDeviceProfileSelector
LogPluginManager: Mounting plugin GoogleCloudMessaging
LogPluginManager: Mounting plugin IOSDeviceProfileSelector
LogPluginManager: Mounting plugin LinuxDeviceProfileSelector
LogPluginManager: Mounting plugin LocationServicesBPLibrary
LogPluginManager: Mounting plugin MobilePatchingUtils
LogPluginManager: Mounting plugin OculusVR
LogPluginManager: Mounting plugin PhysXVehicles
LogPluginManager: Mounting plugin ProceduralMeshComponent
LogPluginManager: Mounting plugin RuntimePhysXCooking
LogPluginManager: Mounting plugin SignificanceManager
LogPluginManager: Mounting plugin SteamVR
LogPluginManager: Mounting plugin WebMMoviePlayer
LogPluginManager: Mounting plugin WindowsMoviePlayer
LogPluginManager: Mounting plugin ScreenshotTools
LogPluginManager: Mounting plugin DatasmithC4DImporter
LogPluginManager: Mounting plugin DatasmithCADImporter
LogPluginManager: Mounting plugin DatasmithFBXImporter
LogPluginManager: Mounting plugin DatasmithGLTFImporter
LogPluginManager: Mounting plugin DatasmithIFCImporter
LogPluginManager: Mounting plugin DatasmithImporter
LogPluginManager: Mounting plugin MDLImporter
LogPluginManager: Mounting plugin StaticMeshEditorExtension
LogPluginManager: Mounting plugin VariantManager
LogInit: Using libcurl 7.55.1-DEV
LogInit:  - built for x86_64-pc-win32
LogInit:  - supports SSL with OpenSSL/1.1.1
LogInit:  - supports HTTP deflate (compression) using libz 1.2.8
LogInit:  - other features:
LogInit:      CURL_VERSION_SSL
LogInit:      CURL_VERSION_LIBZ
LogInit:      CURL_VERSION_IPV6
LogInit:      CURL_VERSION_ASYNCHDNS
LogInit:      CURL_VERSION_LARGEFILE
LogInit:      CURL_VERSION_IDN
LogInit:  CurlRequestOptions (configurable via config and command line):
LogInit:  - bVerifyPeer = true  - Libcurl will verify peer certificate
LogInit:  - bUseHttpProxy = false  - Libcurl will NOT use HTTP proxy
LogInit:  - bDontReuseConnections = false  - Libcurl will reuse connections
LogInit:  - MaxHostConnections = 16  - Libcurl will limit the number of connections to a host
LogInit:  - LocalHostAddr = Default
LogInit:  - BufferSize = 65536
LogOnline: OSS: Creating online subsystem instance for: NULL
LogInit: WinSock: version 1.1 (2.2), MaxSocks=32767, MaxUdp=65467
LogInit: Build: ++UE4+Release-4.23-CL-9631420
LogInit: Engine Version: 4.23.1-9631420+++UE4+Release-4.23
LogInit: Compatible Engine Version: 4.23.0-8386587+++UE4+Release-4.23
LogInit: Net CL: 8386587
LogInit: OS: Windows 10 (Release 1909) (), CPU: Intel(R) Core(TM) i5-7200U CPU @ 2.50GHz, GPU: Intel(R) HD Graphics 620
LogInit: Compiled (64-bit): Oct 18 2019 02:07:44
LogInit: Compiled with Visual C++: 19.16.27030.01
LogInit: Build Configuration: Development
LogInit: Branch Name: ++UE4+Release-4.23
LogInit: Command Line: 
LogInit: Base Directory: C:/Program Files/Epic Games/UE_4.23/Engine/Binaries/Win64/
LogInit: Installed Engine Build: 1
LogDevObjectVersion: Number of dev versions registered: 23
LogDevObjectVersion:   Dev-Blueprints (B0D832E4-1F89-4F0D-ACCF-7EB736FD4AA2): 10
LogDevObjectVersion:   Dev-Build (E1C64328-A22C-4D53-A36C-8E866417BD8C): 0
LogDevObjectVersion:   Dev-Core (375EC13C-06E4-48FB-B500-84F0262A717E): 3
LogDevObjectVersion:   Dev-Editor (E4B068ED-F494-42E9-A231-DA0B2E46BB41): 34
LogDevObjectVersion:   Dev-Framework (CFFC743F-43B0-4480-9391-14DF171D2073): 35
LogDevObjectVersion:   Dev-Mobile (B02B49B5-BB20-44E9-A304-32B752E40360): 2
LogDevObjectVersion:   Dev-Networking (A4E4105C-59A1-49B5-A7C5-40C4547EDFEE): 0
LogDevObjectVersion:   Dev-Online (39C831C9-5AE6-47DC-9A44-9C173E1C8E7C): 0
LogDevObjectVersion:   Dev-Physics (78F01B33-EBEA-4F98-B9B4-84EACCB95AA2): 0
LogDevObjectVersion:   Dev-Platform (6631380F-2D4D-43E0-8009-CF276956A95A): 0
LogDevObjectVersion:   Dev-Rendering (12F88B9F-8875-4AFC-A67C-D90C383ABD29): 31
LogDevObjectVersion:   Dev-Sequencer (7B5AE74C-D270-4C10-A958-57980B212A5A): 11
LogDevObjectVersion:   Dev-VR (D7296918-1DD6-4BDD-9DE2-64A83CC13884): 2
LogDevObjectVersion:   Dev-LoadTimes (C2A15278-BFE7-4AFE-6C17-90FF531DF755): 1
LogDevObjectVersion:   Private-Geometry (6EACA3D4-40EC-4CC1-B786-8BED09428FC5): 3
LogDevObjectVersion:   Dev-AnimPhys (29E575DD-E0A3-4627-9D10-D276232CDCEA): 17
LogDevObjectVersion:   Dev-Anim (AF43A65D-7FD3-4947-9873-3E8ED9C1BB05): 2
LogDevObjectVersion:   Dev-ReflectionCapture (6B266CEC-1EC7-4B8F-A30B-E4D90942FC07): 1
LogDevObjectVersion:   Dev-Automation (0DF73D61-A23F-47EA-B727-89E90C41499A): 1
LogDevObjectVersion:   FortniteMain (601D1886-AC64-4F84-AA16-D3DE0DEAC7D6): 27
LogDevObjectVersion:   Dev-Enterprise (9DFFBCD6-494F-0158-E221-12823C92A888): 6
LogDevObjectVersion:   Dev-Niagara (F2AED0AC-9AFE-416F-8664-AA7FFA26D6FC): 1
LogDevObjectVersion:   Dev-Destruction (174F1F0B-B4C6-45A5-B13F-2EE8D0FB917D): 9
LogInit: Presizing for max 16777216 objects, including 0 objects not considered by GC, pre-allocating 0 bytes for permanent pool.
LogInit: Object subsystem initialized
LogConfig: Setting CVar [[con.DebugEarlyDefault:1]]
LogConfig: Setting CVar [[r.setres:1280x720]]
[2021.01.24-16.20.44:941][  0]LogConfig: Setting CVar [[r.VSync:0]]
[2021.01.24-16.20.44:941][  0]LogConfig: Setting CVar [[r.RHICmdBypass:0]]
[2021.01.24-16.20.44:978][  0]LogConfig: Applying CVar settings from Section [/Script/Engine.RendererSettings] File [C:/Users/Ja/Documents/unreal/BallRunner/BallRunner/Saved/Config/Windows/Engine.ini]
[2021.01.24-16.20.44:978][  0]LogConfig: Setting CVar [[r.GPUCrashDebugging:0]]
[2021.01.24-16.20.44:978][  0]LogConfig: Setting CVar [[r.DefaultFeature.AutoExposure.ExtendDefaultLuminanceRange:1]]
[2021.01.24-16.20.44:978][  0]LogConfig: Setting CVar [[r.DefaultFeature.AutoExposure:0]]
[2021.01.24-16.20.44:978][  0]LogConfig: Applying CVar settings from Section [/Script/Engine.RendererOverrideSettings] File [C:/Users/Ja/Documents/unreal/BallRunner/BallRunner/Saved/Config/Windows/Engine.ini]
[2021.01.24-16.20.44:978][  0]LogConfig: Applying CVar settings from Section [/Script/Engine.StreamingSettings] File [C:/Users/Ja/Documents/unreal/BallRunner/BallRunner/Saved/Config/Windows/Engine.ini]
[2021.01.24-16.20.44:978][  0]LogConfig: Setting CVar [[s.MinBulkDataSizeForAsyncLoading:131072]]
[2021.01.24-16.20.44:978][  0]LogConfig: Setting CVar [[s.AsyncLoadingThreadEnabled:0]]
[2021.01.24-16.20.44:979][  0]LogConfig: Setting CVar [[s.EventDrivenLoaderEnabled:1]]
[2021.01.24-16.20.44:979][  0]LogConfig: Setting CVar [[s.WarnIfTimeLimitExceeded:0]]
[2021.01.24-16.20.44:979][  0]LogConfig: Setting CVar [[s.TimeLimitExceededMultiplier:1.5]]
[2021.01.24-16.20.44:979][  0]LogConfig: Setting CVar [[s.TimeLimitExceededMinTime:0.005]]
[2021.01.24-16.20.44:979][  0]LogConfig: Setting CVar [[s.UseBackgroundLevelStreaming:1]]
[2021.01.24-16.20.44:979][  0]LogConfig: Setting CVar [[s.PriorityAsyncLoadingExtraTime:15.0]]
[2021.01.24-16.20.44:979][  0]LogConfig: Setting CVar [[s.LevelStreamingActorsUpdateTimeLimit:5.0]]
[2021.01.24-16.20.44:979][  0]LogConfig: Setting CVar [[s.PriorityLevelStreamingActorsUpdateExtraTime:5.0]]
[2021.01.24-16.20.44:979][  0]LogConfig: Setting CVar [[s.LevelStreamingComponentsRegistrationGranularity:10]]
[2021.01.24-16.20.44:979][  0]LogConfig: Setting CVar [[s.UnregisterComponentsTimeLimit:1.0]]
[2021.01.24-16.20.44:979][  0]LogConfig: Setting CVar [[s.LevelStreamingComponentsUnregistrationGranularity:5]]
[2021.01.24-16.20.44:979][  0]LogConfig: Applying CVar settings from Section [/Script/Engine.GarbageCollectionSettings] File [C:/Users/Ja/Documents/unreal/BallRunner/BallRunner/Saved/Config/Windows/Engine.ini]
[2021.01.24-16.20.44:980][  0]LogConfig: Setting CVar [[gc.MaxObjectsNotConsideredByGC:1]]
[2021.01.24-16.20.44:980][  0]LogConfig: Setting CVar [[gc.SizeOfPermanentObjectPool:0]]
[2021.01.24-16.20.44:980][  0]LogConfig: Setting CVar [[gc.FlushStreamingOnGC:0]]
[2021.01.24-16.20.44:980][  0]LogConfig: Setting CVar [[gc.NumRetriesBeforeForcingGC:10]]
[2021.01.24-16.20.44:980][  0]LogConfig: Setting CVar [[gc.AllowParallelGC:1]]
[2021.01.24-16.20.44:980][  0]LogConfig: Setting CVar [[gc.TimeBetweenPurgingPendingKillObjects:61.1]]
[2021.01.24-16.20.44:980][  0]LogConfig: Setting CVar [[gc.MaxObjectsInEditor:16777216]]
[2021.01.24-16.20.44:980][  0]LogConfig: Setting CVar [[gc.IncrementalBeginDestroyEnabled:1]]
[2021.01.24-16.20.44:980][  0]LogConfig: Setting CVar [[gc.CreateGCClusters:1]]
[2021.01.24-16.20.44:980][  0]LogConfig: Setting CVar [[gc.MinGCClusterSize:5]]
[2021.01.24-16.20.44:980][  0]LogConfig: Setting CVar [[gc.ActorClusteringEnabled:0]]
[2021.01.24-16.20.44:980][  0]LogConfig: Setting CVar [[gc.BlueprintClusteringEnabled:0]]
[2021.01.24-16.20.44:981][  0]LogConfig: Setting CVar [[gc.UseDisregardForGCOnDedicatedServers:0]]
[2021.01.24-16.20.44:981][  0]LogConfig: Applying CVar settings from Section [/Script/Engine.NetworkSettings] File [C:/Users/Ja/Documents/unreal/BallRunner/BallRunner/Saved/Config/Windows/Engine.ini]
[2021.01.24-16.20.44:981][  0]LogConfig: Applying CVar settings from Section [/Script/UnrealEd.CookerSettings] File [C:/Users/Ja/Documents/unreal/BallRunner/BallRunner/Saved/Config/Windows/Engine.ini]
[2021.01.24-16.20.45:038][  0]LogConfig: Applying CVar settings from Section [ViewDistanceQuality@3] File [C:/Users/Ja/Documents/unreal/BallRunner/BallRunner/Saved/Config/Windows/Scalability.ini]
[2021.01.24-16.20.45:038][  0]LogConfig: Setting CVar [[r.SkeletalMeshLODBias:0]]
[2021.01.24-16.20.45:038][  0]LogConfig: Setting CVar [[r.ViewDistanceScale:1.0]]
[2021.01.24-16.20.45:039][  0]LogConfig: Applying CVar settings from Section [AntiAliasingQuality@3] File [C:/Users/Ja/Documents/unreal/BallRunner/BallRunner/Saved/Config/Windows/Scalability.ini]
[2021.01.24-16.20.45:039][  0]LogConfig: Setting CVar [[r.PostProcessAAQuality:4]]
[2021.01.24-16.20.45:039][  0]LogConfig: Applying CVar settings from Section [ShadowQuality@3] File [C:/Users/Ja/Documents/unreal/BallRunner/BallRunner/Saved/Config/Windows/Scalability.ini]
[2021.01.24-16.20.45:039][  0]LogConfig: Setting CVar [[r.LightFunctionQuality:1]]
[2021.01.24-16.20.45:039][  0]LogConfig: Setting CVar [[r.ShadowQuality:5]]
[2021.01.24-16.20.45:039][  0]LogConfig: Setting CVar [[r.Shadow.CSM.MaxCascades:10]]
[2021.01.24-16.20.45:039][  0]LogConfig: Setting CVar [[r.Shadow.MaxResolution:2048]]
[2021.01.24-16.20.45:039][  0]LogConfig: Setting CVar [[r.Shadow.MaxCSMResolution:2048]]
[2021.01.24-16.20.45:039][  0]LogConfig: Setting CVar [[r.Shadow.RadiusThreshold:0.01]]
[2021.01.24-16.20.45:039][  0]LogConfig: Setting CVar [[r.Shadow.DistanceScale:1.0]]
[2021.01.24-16.20.45:039][  0]LogConfig: Setting CVar [[r.Shadow.CSM.TransitionScale:1.0]]
[2021.01.24-16.20.45:039][  0]LogConfig: Setting CVar [[r.Shadow.PreShadowResolutionFactor:1.0]]
[2021.01.24-16.20.45:039][  0]LogConfig: Setting CVar [[r.DistanceFieldShadowing:1]]
[2021.01.24-16.20.45:039][  0]LogConfig: Setting CVar [[r.DistanceFieldAO:1]]
[2021.01.24-16.20.45:039][  0]LogConfig: Setting CVar [[r.AOQuality:2]]
[2021.01.24-16.20.45:040][  0]LogConfig: Setting CVar [[r.VolumetricFog:1]]
[2021.01.24-16.20.45:040][  0]LogConfig: Setting CVar [[r.VolumetricFog.GridPixelSize:8]]
[2021.01.24-16.20.45:040][  0]LogConfig: Setting CVar [[r.VolumetricFog.GridSizeZ:128]]
[2021.01.24-16.20.45:040][  0]LogConfig: Setting CVar [[r.VolumetricFog.HistoryMissSupersampleCount:4]]
[2021.01.24-16.20.45:040][  0]LogConfig: Setting CVar [[r.LightMaxDrawDistanceScale:1]]
[2021.01.24-16.20.45:040][  0]LogConfig: Setting CVar [[r.CapsuleShadows:1]]
[2021.01.24-16.20.45:040][  0]LogConfig: Applying CVar settings from Section [PostProcessQuality@3] File [C:/Users/Ja/Documents/unreal/BallRunner/BallRunner/Saved/Config/Windows/Scalability.ini]
[2021.01.24-16.20.45:040][  0]LogConfig: Setting CVar [[r.MotionBlurQuality:4]]
[2021.01.24-16.20.45:040][  0]LogConfig: Setting CVar [[r.AmbientOcclusionMipLevelFactor:0.4]]
[2021.01.24-16.20.45:040][  0]LogConfig: Setting CVar [[r.AmbientOcclusionMaxQuality:100]]
[2021.01.24-16.20.45:040][  0]LogConfig: Setting CVar [[r.AmbientOcclusionLevels:-1]]
[2021.01.24-16.20.45:040][  0]LogConfig: Setting CVar [[r.AmbientOcclusionRadiusScale:1.0]]
[2021.01.24-16.20.45:040][  0]LogConfig: Setting CVar [[r.DepthOfFieldQuality:2]]
[2021.01.24-16.20.45:040][  0]LogConfig: Setting CVar [[r.RenderTargetPoolMin:400]]
[2021.01.24-16.20.45:040][  0]LogConfig: Setting CVar [[r.LensFlareQuality:2]]
[2021.01.24-16.20.45:040][  0]LogConfig: Setting CVar [[r.SceneColorFringeQuality:1]]
[2021.01.24-16.20.45:041][  0]LogConfig: Setting CVar [[r.EyeAdaptationQuality:2]]
[2021.01.24-16.20.45:041][  0]LogConfig: Setting CVar [[r.BloomQuality:5]]
[2021.01.24-16.20.45:041][  0]LogConfig: Setting CVar [[r.FastBlurThreshold:100]]
[2021.01.24-16.20.45:041][  0]LogConfig: Setting CVar [[r.Upscale.Quality:3]]
[2021.01.24-16.20.45:041][  0]LogConfig: Setting CVar [[r.Tonemapper.GrainQuantization:1]]
[2021.01.24-16.20.45:041][  0]LogConfig: Setting CVar [[r.LightShaftQuality:1]]
[2021.01.24-16.20.45:041][  0]LogConfig: Setting CVar [[r.Filter.SizeScale:1]]
[2021.01.24-16.20.45:041][  0]LogConfig: Setting CVar [[r.Tonemapper.Quality:5]]
[2021.01.24-16.20.45:041][  0]LogConfig: Setting CVar [[r.DOF.Gather.AccumulatorQuality:1        ; higher gathering accumulator quality]]
[2021.01.24-16.20.45:041][  0]LogConfig: Setting CVar [[r.DOF.Gather.PostfilterMethod:1          ; Median3x3 postfilering method]]
[2021.01.24-16.20.45:041][  0]LogConfig: Setting CVar [[r.DOF.Gather.EnableBokehSettings:0       ; no bokeh simulation when gathering]]
[2021.01.24-16.20.45:041][  0]LogConfig: Setting CVar [[r.DOF.Gather.RingCount:4                 ; medium number of samples when gathering]]
[2021.01.24-16.20.45:042][  0]LogConfig: Setting CVar [[r.DOF.Scatter.ForegroundCompositing:1    ; additive foreground scattering]]
[2021.01.24-16.20.45:042][  0]LogConfig: Setting CVar [[r.DOF.Scatter.BackgroundCompositing:2    ; additive background scattering]]
[2021.01.24-16.20.45:042][  0]LogConfig: Setting CVar [[r.DOF.Scatter.EnableBokehSettings:1      ; bokeh simulation when scattering]]
[2021.01.24-16.20.45:042][  0]LogConfig: Setting CVar [[r.DOF.Scatter.MaxSpriteRatio:0.1         ; only a maximum of 10% of scattered bokeh]]
[2021.01.24-16.20.45:042][  0]LogConfig: Setting CVar [[r.DOF.Recombine.Quality:1                ; cheap slight out of focus]]
[2021.01.24-16.20.45:042][  0]LogConfig: Setting CVar [[r.DOF.Recombine.EnableBokehSettings:0    ; no bokeh simulation on slight out of focus]]
[2021.01.24-16.20.45:042][  0]LogConfig: Setting CVar [[r.DOF.TemporalAAQuality:1                ; more stable temporal accumulation]]
[2021.01.24-16.20.45:042][  0]LogConfig: Setting CVar [[r.DOF.Kernel.MaxForegroundRadius:0.025]]
[2021.01.24-16.20.45:042][  0]LogConfig: Setting CVar [[r.DOF.Kernel.MaxBackgroundRadius:0.025]]
[2021.01.24-16.20.45:042][  0]LogConfig: Applying CVar settings from Section [TextureQuality@3] File [C:/Users/Ja/Documents/unreal/BallRunner/BallRunner/Saved/Config/Windows/Scalability.ini]
[2021.01.24-16.20.45:042][  0]LogConfig: Setting CVar [[r.Streaming.MipBias:0]]
[2021.01.24-16.20.45:042][  0]LogConfig: Setting CVar [[r.Streaming.AmortizeCPUToGPUCopy:0]]
[2021.01.24-16.20.45:042][  0]LogConfig: Setting CVar [[r.Streaming.MaxNumTexturesToStreamPerFrame:0]]
[2021.01.24-16.20.45:042][  0]LogConfig: Setting CVar [[r.Streaming.Boost:1]]
[2021.01.24-16.20.45:042][  0]LogConfig: Setting CVar [[r.MaxAnisotropy:8]]
[2021.01.24-16.20.45:043][  0]LogConfig: Setting CVar [[r.Streaming.LimitPoolSizeToVRAM:0]]
[2021.01.24-16.20.45:043][  0]LogConfig: Setting CVar [[r.Streaming.PoolSize:1000]]
[2021.01.24-16.20.45:043][  0]LogConfig: Setting CVar [[r.Streaming.MaxEffectiveScreenSize:0]]
[2021.01.24-16.20.45:043][  0]LogConfig: Applying CVar settings from Section [EffectsQuality@3] File [C:/Users/Ja/Documents/unreal/BallRunner/BallRunner/Saved/Config/Windows/Scalability.ini]
[2021.01.24-16.20.45:043][  0]LogConfig: Setting CVar [[r.TranslucencyLightingVolumeDim:64]]
[2021.01.24-16.20.45:043][  0]LogConfig: Setting CVar [[r.RefractionQuality:2]]
[2021.01.24-16.20.45:043][  0]LogConfig: Setting CVar [[r.SSR.Quality:3]]
[2021.01.24-16.20.45:043][  0]LogConfig: Setting CVar [[r.SceneColorFormat:4]]
[2021.01.24-16.20.45:043][  0]LogConfig: Setting CVar [[r.DetailMode:2]]
[2021.01.24-16.20.45:043][  0]LogConfig: Setting CVar [[r.TranslucencyVolumeBlur:1]]
[2021.01.24-16.20.45:043][  0]LogConfig: Setting CVar [[r.MaterialQualityLevel:1 ; High quality]]
[2021.01.24-16.20.45:043][  0]LogConfig: Setting CVar [[r.SSS.Scale:1]]
[2021.01.24-16.20.45:043][  0]LogConfig: Setting CVar [[r.SSS.SampleSet:2]]
[2021.01.24-16.20.45:043][  0]LogConfig: Setting CVar [[r.SSS.Quality:1]]
[2021.01.24-16.20.45:043][  0]LogConfig: Setting CVar [[r.SSS.HalfRes:1]]
[2021.01.24-16.20.45:043][  0]LogConfig: Setting CVar [[r.EmitterSpawnRateScale:1.0]]
[2021.01.24-16.20.45:044][  0]LogConfig: Setting CVar [[r.ParticleLightQuality:2]]
[2021.01.24-16.20.45:044][  0]LogConfig: Applying CVar settings from Section [FoliageQuality@3] File [C:/Users/Ja/Documents/unreal/BallRunner/BallRunner/Saved/Config/Windows/Scalability.ini]
[2021.01.24-16.20.45:044][  0]LogConfig: Setting CVar [[foliage.DensityScale:1.0]]
[2021.01.24-16.20.45:044][  0]LogConfig: Setting CVar [[grass.DensityScale:1.0]]
[2021.01.24-16.20.45:134][  0]LogInit: Selected Device Profile: [Windows]
[2021.01.24-16.20.45:134][  0]LogInit: Applying CVar settings loaded from the selected device profile: [Windows]
[2021.01.24-16.20.45:230][  0]LogHAL: Display: Platform has ~ 16 GB [17054547968 / 17179869184 / 16], which maps to Larger [LargestMinGB=32, LargerMinGB=12, DefaultMinGB=8, SmallerMinGB=6, SmallestMinGB=0)
[2021.01.24-16.20.45:230][  0]LogInit: Going up to parent DeviceProfile []
[2021.01.24-16.20.45:230][  0]LogConfig: Applying CVar settings from Section [ViewDistanceQuality@3] File [C:/Users/Ja/Documents/unreal/BallRunner/BallRunner/Saved/Config/Windows/Scalability.ini]
[2021.01.24-16.20.45:230][  0]LogConfig: Setting CVar [[r.SkeletalMeshLODBias:0]]
[2021.01.24-16.20.45:231][  0]LogConfig: Setting CVar [[r.ViewDistanceScale:1.0]]
[2021.01.24-16.20.45:231][  0]LogConfig: Applying CVar settings from Section [AntiAliasingQuality@3] File [C:/Users/Ja/Documents/unreal/BallRunner/BallRunner/Saved/Config/Windows/Scalability.ini]
[2021.01.24-16.20.45:231][  0]LogConfig: Setting CVar [[r.PostProcessAAQuality:4]]
[2021.01.24-16.20.45:231][  0]LogConfig: Applying CVar settings from Section [ShadowQuality@3] File [C:/Users/Ja/Documents/unreal/BallRunner/BallRunner/Saved/Config/Windows/Scalability.ini]
[2021.01.24-16.20.45:231][  0]LogConfig: Setting CVar [[r.LightFunctionQuality:1]]
[2021.01.24-16.20.45:231][  0]LogConfig: Setting CVar [[r.ShadowQuality:5]]
[2021.01.24-16.20.45:231][  0]LogConfig: Setting CVar [[r.Shadow.CSM.MaxCascades:10]]
[2021.01.24-16.20.45:231][  0]LogConfig: Setting CVar [[r.Shadow.MaxResolution:2048]]
[2021.01.24-16.20.45:231][  0]LogConfig: Setting CVar [[r.Shadow.MaxCSMResolution:2048]]
[2021.01.24-16.20.45:231][  0]LogConfig: Setting CVar [[r.Shadow.RadiusThreshold:0.01]]
[2021.01.24-16.20.45:231][  0]LogConfig: Setting CVar [[r.Shadow.DistanceScale:1.0]]
[2021.01.24-16.20.45:231][  0]LogConfig: Setting CVar [[r.Shadow.CSM.TransitionScale:1.0]]
[2021.01.24-16.20.45:232][  0]LogConfig: Setting CVar [[r.Shadow.PreShadowResolutionFactor:1.0]]
[2021.01.24-16.20.45:232][  0]LogConfig: Setting CVar [[r.DistanceFieldShadowing:1]]
[2021.01.24-16.20.45:232][  0]LogConfig: Setting CVar [[r.DistanceFieldAO:1]]
[2021.01.24-16.20.45:232][  0]LogConfig: Setting CVar [[r.AOQuality:2]]
[2021.01.24-16.20.45:232][  0]LogConfig: Setting CVar [[r.VolumetricFog:1]]
[2021.01.24-16.20.45:232][  0]LogConfig: Setting CVar [[r.VolumetricFog.GridPixelSize:8]]
[2021.01.24-16.20.45:232][  0]LogConfig: Setting CVar [[r.VolumetricFog.GridSizeZ:128]]
[2021.01.24-16.20.45:232][  0]LogConfig: Setting CVar [[r.VolumetricFog.HistoryMissSupersampleCount:4]]
[2021.01.24-16.20.45:232][  0]LogConfig: Setting CVar [[r.LightMaxDrawDistanceScale:1]]
[2021.01.24-16.20.45:232][  0]LogConfig: Setting CVar [[r.CapsuleShadows:1]]
[2021.01.24-16.20.45:232][  0]LogConfig: Applying CVar settings from Section [PostProcessQuality@3] File [C:/Users/Ja/Documents/unreal/BallRunner/BallRunner/Saved/Config/Windows/Scalability.ini]
[2021.01.24-16.20.45:232][  0]LogConfig: Setting CVar [[r.MotionBlurQuality:4]]
[2021.01.24-16.20.45:232][  0]LogConfig: Setting CVar [[r.AmbientOcclusionMipLevelFactor:0.4]]
[2021.01.24-16.20.45:232][  0]LogConfig: Setting CVar [[r.AmbientOcclusionMaxQuality:100]]
[2021.01.24-16.20.45:232][  0]LogConfig: Setting CVar [[r.AmbientOcclusionLevels:-1]]
[2021.01.24-16.20.45:233][  0]LogConfig: Setting CVar [[r.AmbientOcclusionRadiusScale:1.0]]
[2021.01.24-16.20.45:233][  0]LogConfig: Setting CVar [[r.DepthOfFieldQuality:2]]
[2021.01.24-16.20.45:233][  0]LogConfig: Setting CVar [[r.RenderTargetPoolMin:400]]
[2021.01.24-16.20.45:233][  0]LogConfig: Setting CVar [[r.LensFlareQuality:2]]
[2021.01.24-16.20.45:233][  0]LogConfig: Setting CVar [[r.SceneColorFringeQuality:1]]
[2021.01.24-16.20.45:233][  0]LogConfig: Setting CVar [[r.EyeAdaptationQuality:2]]
[2021.01.24-16.20.45:233][  0]LogConfig: Setting CVar [[r.BloomQuality:5]]
[2021.01.24-16.20.45:233][  0]LogConfig: Setting CVar [[r.FastBlurThreshold:100]]
[2021.01.24-16.20.45:233][  0]LogConfig: Setting CVar [[r.Upscale.Quality:3]]
[2021.01.24-16.20.45:233][  0]LogConfig: Setting CVar [[r.Tonemapper.GrainQuantization:1]]
[2021.01.24-16.20.45:233][  0]LogConfig: Setting CVar [[r.LightShaftQuality:1]]
[2021.01.24-16.20.45:233][  0]LogConfig: Setting CVar [[r.Filter.SizeScale:1]]
[2021.01.24-16.20.45:233][  0]LogConfig: Setting CVar [[r.Tonemapper.Quality:5]]
[2021.01.24-16.20.45:233][  0]LogConfig: Setting CVar [[r.DOF.Gather.AccumulatorQuality:1        ; higher gathering accumulator quality]]
[2021.01.24-16.20.45:234][  0]LogConfig: Setting CVar [[r.DOF.Gather.PostfilterMethod:1          ; Median3x3 postfilering method]]
[2021.01.24-16.20.45:234][  0]LogConfig: Setting CVar [[r.DOF.Gather.EnableBokehSettings:0       ; no bokeh simulation when gathering]]
[2021.01.24-16.20.45:234][  0]LogConfig: Setting CVar [[r.DOF.Gather.RingCount:4                 ; medium number of samples when gathering]]
[2021.01.24-16.20.45:234][  0]LogConfig: Setting CVar [[r.DOF.Scatter.ForegroundCompositing:1    ; additive foreground scattering]]
[2021.01.24-16.20.45:234][  0]LogConfig: Setting CVar [[r.DOF.Scatter.BackgroundCompositing:2    ; additive background scattering]]
[2021.01.24-16.20.45:234][  0]LogConfig: Setting CVar [[r.DOF.Scatter.EnableBokehSettings:1      ; bokeh simulation when scattering]]
[2021.01.24-16.20.45:234][  0]LogConfig: Setting CVar [[r.DOF.Scatter.MaxSpriteRatio:0.1         ; only a maximum of 10% of scattered bokeh]]
[2021.01.24-16.20.45:234][  0]LogConfig: Setting CVar [[r.DOF.Recombine.Quality:1                ; cheap slight out of focus]]
[2021.01.24-16.20.45:234][  0]LogConfig: Setting CVar [[r.DOF.Recombine.EnableBokehSettings:0    ; no bokeh simulation on slight out of focus]]
[2021.01.24-16.20.45:234][  0]LogConfig: Setting CVar [[r.DOF.TemporalAAQuality:1                ; more stable temporal accumulation]]
[2021.01.24-16.20.45:234][  0]LogConfig: Setting CVar [[r.DOF.Kernel.MaxForegroundRadius:0.025]]
[2021.01.24-16.20.45:234][  0]LogConfig: Setting CVar [[r.DOF.Kernel.MaxBackgroundRadius:0.025]]
[2021.01.24-16.20.45:234][  0]LogConfig: Applying CVar settings from Section [TextureQuality@3] File [C:/Users/Ja/Documents/unreal/BallRunner/BallRunner/Saved/Config/Windows/Scalability.ini]
[2021.01.24-16.20.45:234][  0]LogConfig: Setting CVar [[r.Streaming.MipBias:0]]
[2021.01.24-16.20.45:235][  0]LogConfig: Setting CVar [[r.Streaming.AmortizeCPUToGPUCopy:0]]
[2021.01.24-16.20.45:235][  0]LogConfig: Setting CVar [[r.Streaming.MaxNumTexturesToStreamPerFrame:0]]
[2021.01.24-16.20.45:235][  0]LogConfig: Setting CVar [[r.Streaming.Boost:1]]
[2021.01.24-16.20.45:235][  0]LogConfig: Setting CVar [[r.MaxAnisotropy:8]]
[2021.01.24-16.20.45:235][  0]LogConfig: Setting CVar [[r.Streaming.LimitPoolSizeToVRAM:0]]
[2021.01.24-16.20.45:235][  0]LogConfig: Setting CVar [[r.Streaming.PoolSize:1000]]
[2021.01.24-16.20.45:235][  0]LogConfig: Setting CVar [[r.Streaming.MaxEffectiveScreenSize:0]]
[2021.01.24-16.20.45:235][  0]LogConfig: Applying CVar settings from Section [EffectsQuality@3] File [C:/Users/Ja/Documents/unreal/BallRunner/BallRunner/Saved/Config/Windows/Scalability.ini]
[2021.01.24-16.20.45:235][  0]LogConfig: Setting CVar [[r.TranslucencyLightingVolumeDim:64]]
[2021.01.24-16.20.45:235][  0]LogConfig: Setting CVar [[r.RefractionQuality:2]]
[2021.01.24-16.20.45:235][  0]LogConfig: Setting CVar [[r.SSR.Quality:3]]
[2021.01.24-16.20.45:235][  0]LogConfig: Setting CVar [[r.SceneColorFormat:4]]
[2021.01.24-16.20.45:236][  0]LogConfig: Setting CVar [[r.DetailMode:2]]
[2021.01.24-16.20.45:236][  0]LogConfig: Setting CVar [[r.TranslucencyVolumeBlur:1]]
[2021.01.24-16.20.45:236][  0]LogConfig: Setting CVar [[r.MaterialQualityLevel:1 ; High quality]]
[2021.01.24-16.20.45:236][  0]LogConfig: Setting CVar [[r.SSS.Scale:1]]
[2021.01.24-16.20.45:236][  0]LogConfig: Setting CVar [[r.SSS.SampleSet:2]]
[2021.01.24-16.20.45:236][  0]LogConfig: Setting CVar [[r.SSS.Quality:1]]
[2021.01.24-16.20.45:236][  0]LogConfig: Setting CVar [[r.SSS.HalfRes:1]]
[2021.01.24-16.20.45:236][  0]LogConfig: Setting CVar [[r.EmitterSpawnRateScale:1.0]]
[2021.01.24-16.20.45:236][  0]LogConfig: Setting CVar [[r.ParticleLightQuality:2]]
[2021.01.24-16.20.45:236][  0]LogConfig: Applying CVar settings from Section [FoliageQuality@3] File [C:/Users/Ja/Documents/unreal/BallRunner/BallRunner/Saved/Config/Windows/Scalability.ini]
[2021.01.24-16.20.45:236][  0]LogConfig: Setting CVar [[foliage.DensityScale:1.0]]
[2021.01.24-16.20.45:236][  0]LogConfig: Setting CVar [[grass.DensityScale:1.0]]
[2021.01.24-16.20.45:237][  0]LogConfig: Applying CVar settings from Section [Startup] File [../../../Engine/Config/ConsoleVariables.ini]
[2021.01.24-16.20.45:297][  0]LogConfig: Setting CVar [[net.UseAdaptiveNetUpdateFrequency:0]]
[2021.01.24-16.20.45:297][  0]LogConfig: Setting CVar [[p.chaos.AllowCreatePhysxBodies:1]]
[2021.01.24-16.20.45:297][  0]LogConfig: Applying CVar settings from Section [ConsoleVariables] File [C:/Users/Ja/Documents/unreal/BallRunner/BallRunner/Saved/Config/Windows/Engine.ini]
[2021.01.24-16.20.45:318][  0]LogInit: Computer: DESKTOP-JSE2T28
[2021.01.24-16.20.45:318][  0]LogInit: User: Ja
[2021.01.24-16.20.45:318][  0]LogInit: CPU Page size=4096, Cores=2
[2021.01.24-16.20.45:318][  0]LogInit: High frequency timer resolution =10.000000 MHz
[2021.01.24-16.20.45:319][  0]LogMemory: Memory total: Physical=15.9GB (16GB approx)
[2021.01.24-16.20.45:319][  0]LogMemory: Platform Memory Stats for Windows
[2021.01.24-16.20.45:319][  0]LogMemory: Process Physical Memory: 100.91 MB used, 100.91 MB peak
[2021.01.24-16.20.45:319][  0]LogMemory: Process Virtual Memory: 99.93 MB used, 99.93 MB peak
[2021.01.24-16.20.45:319][  0]LogMemory: Physical Memory: 7743.02 MB used,  8521.46 MB free, 16264.48 MB total
[2021.01.24-16.20.45:319][  0]LogMemory: Virtual Memory: 4637.41 MB used,  134213088.00 MB free, 134217728.00 MB total
[2021.01.24-16.20.45:376][  0]LogWindows: WindowsPlatformFeatures enabled
[2021.01.24-16.20.47:295][  0]LogInit: Using OS detected language (pl-PL).
[2021.01.24-16.20.47:295][  0]LogInit: Using OS detected locale (pl-PL).
[2021.01.24-16.20.47:443][  0]LogTextLocalizationManager: No specific localization for 'pl-PL' exists, so the 'pl' localization will be used.
[2021.01.24-16.20.47:443][  0]LogTextLocalizationResource: LocRes '../../../Engine/Content/Localization/Editor/pl/Editor.locres' could not be opened for reading!
[2021.01.24-16.20.47:444][  0]LogTextLocalizationResource: LocRes '../../../Engine/Content/Localization/EditorTutorials/pl/EditorTutorials.locres' could not be opened for reading!
[2021.01.24-16.20.47:444][  0]LogTextLocalizationResource: LocRes '../../../Engine/Content/Localization/Keywords/pl/Keywords.locres' could not be opened for reading!
[2021.01.24-16.20.47:444][  0]LogTextLocalizationResource: LocRes '../../../Engine/Content/Localization/Category/pl/Category.locres' could not be opened for reading!
[2021.01.24-16.20.47:515][  0]LogTextLocalizationResource: LocRes '../../../Engine/Content/Localization/ToolTips/pl/ToolTips.locres' could not be opened for reading!
[2021.01.24-16.20.47:533][  0]LogTextLocalizationResource: LocRes '../../../Engine/Content/Localization/PropertyNames/pl/PropertyNames.locres' could not be opened for reading!
[2021.01.24-16.20.47:533][  0]LogTextLocalizationResource: LocRes '../../../Engine/Content/Localization/Engine/pl/Engine.locres' could not be opened for reading!
[2021.01.24-16.20.47:696][  0]LogInit: Setting process to per monitor DPI aware
[2021.01.24-16.20.49:033][  0]LogSlate: New Slate User Created.  User Index 0, Is Virtual User: 0
[2021.01.24-16.20.49:033][  0]LogSlate: Slate User Registered.  User Index 0, Is Virtual User: 0
[2021.01.24-16.20.57:306][  0]LogHMD: Failed to initialize OpenVR with code 110
[2021.01.24-16.20.57:306][  0]LogD3D11RHI: D3D11 adapters:
[2021.01.24-16.20.57:386][  0]LogD3D11RHI:    0. 'NVIDIA GeForce 940MX' (Feature Level 11_0)
[2021.01.24-16.20.57:386][  0]LogD3D11RHI:       2019/0/8132 MB DedicatedVideo/DedicatedSystem/SharedSystem, Outputs:1, VendorId:0x10de
[2021.01.24-16.20.57:423][  0]LogD3D11RHI:    1. 'Intel(R) HD Graphics 620' (Feature Level 11_0)
[2021.01.24-16.20.57:423][  0]LogD3D11RHI:       128/0/8132 MB DedicatedVideo/DedicatedSystem/SharedSystem, Outputs:0, VendorId:0x8086
[2021.01.24-16.20.57:427][  0]LogD3D11RHI:    2. 'Microsoft Basic Render Driver' (Feature Level 11_0)
[2021.01.24-16.20.57:427][  0]LogD3D11RHI:       0/0/8132 MB DedicatedVideo/DedicatedSystem/SharedSystem, Outputs:0, VendorId:0x1414
[2021.01.24-16.20.57:427][  0]LogD3D11RHI: Chosen D3D11 Adapter: 0
[2021.01.24-16.20.57:514][  0]LogD3D11RHI: Creating new Direct3DDevice
[2021.01.24-16.20.57:514][  0]LogD3D11RHI:     GPU DeviceId: 0x179c (for the marketing name, search the web for "GPU Device Id")
[2021.01.24-16.20.57:514][  0]LogWindows: EnumDisplayDevices:
[2021.01.24-16.20.57:514][  0]LogWindows:    0. 'Intel(R) HD Graphics 620' (P:1 D:1)
[2021.01.24-16.20.57:515][  0]LogWindows:    1. 'Intel(R) HD Graphics 620' (P:0 D:0)
[2021.01.24-16.20.57:516][  0]LogWindows:    2. 'Intel(R) HD Graphics 620' (P:0 D:0)
[2021.01.24-16.20.57:516][  0]LogWindows: DebugString: PrimaryIsNotTheChoosenAdapter PrimaryIsNotTheChoosenAdapter PrimaryIsNotTheChoosenAdapter FoundDriverCount:0 
[2021.01.24-16.20.57:516][  0]LogD3D11RHI:     Adapter Name: NVIDIA GeForce 940MX
[2021.01.24-16.20.57:553][  0]LogD3D11RHI:   Driver Version: Unknown (internal:Unknown, unified:Unknown)
[2021.01.24-16.20.57:553][  0]LogD3D11RHI:      Driver Date: Unknown
[2021.01.24-16.20.57:553][  0]LogRHI: Texture pool is 1413 MB (70% of 2019 MB)
[2021.01.24-16.20.57:619][  0]LogD3D11RHI: Async texture creation enabled
[2021.01.24-16.20.57:841][  0]LogD3D11RHI: GPU Timing Frequency: 1000.000000 (Debug: 2 1)
[2021.01.24-16.21.01:799][  0]LogTemp: Display: Module 'AllDesktopTargetPlatform' loaded TargetPlatform 'AllDesktop'
[2021.01.24-16.21.01:811][  0]LogTemp: Display: Module 'MacClientTargetPlatform' loaded TargetPlatform 'MacClient'
[2021.01.24-16.21.01:823][  0]LogTemp: Display: Module 'MacNoEditorTargetPlatform' loaded TargetPlatform 'MacNoEditor'
[2021.01.24-16.21.01:837][  0]LogTemp: Display: Module 'MacServerTargetPlatform' loaded TargetPlatform 'MacServer'
[2021.01.24-16.21.01:849][  0]LogTemp: Display: Module 'MacTargetPlatform' loaded TargetPlatform 'Mac'
[2021.01.24-16.21.01:861][  0]LogTemp: Display: Module 'WindowsClientTargetPlatform' loaded TargetPlatform 'WindowsClient'
[2021.01.24-16.21.01:874][  0]LogTemp: Display: Module 'WindowsNoEditorTargetPlatform' loaded TargetPlatform 'WindowsNoEditor'
[2021.01.24-16.21.01:889][  0]LogTemp: Display: Module 'WindowsServerTargetPlatform' loaded TargetPlatform 'WindowsServer'
[2021.01.24-16.21.01:897][  0]LogTemp: Display: Module 'WindowsTargetPlatform' loaded TargetPlatform 'Windows'
[2021.01.24-16.21.01:935][  0]LogTemp: Display: Module 'AndroidTargetPlatform' loaded TargetPlatform 'Android'
[2021.01.24-16.21.01:935][  0]LogTemp: Display: Module 'AndroidTargetPlatform' loaded TargetPlatform 'Android_ASTC'
[2021.01.24-16.21.01:935][  0]LogTemp: Display: Module 'AndroidTargetPlatform' loaded TargetPlatform 'Android_ATC'
[2021.01.24-16.21.01:935][  0]LogTemp: Display: Module 'AndroidTargetPlatform' loaded TargetPlatform 'Android_DXT'
[2021.01.24-16.21.01:936][  0]LogTemp: Display: Module 'AndroidTargetPlatform' loaded TargetPlatform 'Android_ETC1'
[2021.01.24-16.21.01:936][  0]LogTemp: Display: Module 'AndroidTargetPlatform' loaded TargetPlatform 'Android_ETC1a'
[2021.01.24-16.21.01:936][  0]LogTemp: Display: Module 'AndroidTargetPlatform' loaded TargetPlatform 'Android_ETC2'
[2021.01.24-16.21.01:936][  0]LogTemp: Display: Module 'AndroidTargetPlatform' loaded TargetPlatform 'Android_PVRTC'
[2021.01.24-16.21.01:936][  0]LogTemp: Display: Module 'AndroidTargetPlatform' loaded TargetPlatform 'AndroidClient'
[2021.01.24-16.21.01:936][  0]LogTemp: Display: Module 'AndroidTargetPlatform' loaded TargetPlatform 'Android_ASTCClient'
[2021.01.24-16.21.01:936][  0]LogTemp: Display: Module 'AndroidTargetPlatform' loaded TargetPlatform 'Android_ATCClient'
[2021.01.24-16.21.01:936][  0]LogTemp: Display: Module 'AndroidTargetPlatform' loaded TargetPlatform 'Android_DXTClient'
[2021.01.24-16.21.01:936][  0]LogTemp: Display: Module 'AndroidTargetPlatform' loaded TargetPlatform 'Android_ETC1Client'
[2021.01.24-16.21.01:936][  0]LogTemp: Display: Module 'AndroidTargetPlatform' loaded TargetPlatform 'Android_ETC1aClient'
[2021.01.24-16.21.01:936][  0]LogTemp: Display: Module 'AndroidTargetPlatform' loaded TargetPlatform 'Android_ETC2Client'
[2021.01.24-16.21.01:936][  0]LogTemp: Display: Module 'AndroidTargetPlatform' loaded TargetPlatform 'Android_PVRTCClient'
[2021.01.24-16.21.01:936][  0]LogTemp: Display: Module 'AndroidTargetPlatform' loaded TargetPlatform 'Android_Multi'
[2021.01.24-16.21.01:936][  0]LogTemp: Display: Module 'AndroidTargetPlatform' loaded TargetPlatform 'Android_MultiClient'
[2021.01.24-16.21.01:939][  0]LogTemp: Display: Module 'HTML5TargetPlatform' loaded TargetPlatform 'HTML5'
[2021.01.24-16.21.02:187][  0]LogTemp: Display: Module 'IOSTargetPlatform' loaded TargetPlatform 'IOSClient'
[2021.01.24-16.21.02:187][  0]LogTemp: Display: Module 'IOSTargetPlatform' loaded TargetPlatform 'IOS'
[2021.01.24-16.21.02:237][  0]LogTemp: Display: Module 'TVOSTargetPlatform' loaded TargetPlatform 'TVOSClient'
[2021.01.24-16.21.02:237][  0]LogTemp: Display: Module 'TVOSTargetPlatform' loaded TargetPlatform 'TVOS'
[2021.01.24-16.21.02:273][  0]LogTemp: Display: Module 'LinuxClientTargetPlatform' loaded TargetPlatform 'LinuxClient'
[2021.01.24-16.21.02:299][  0]LogTemp: Display: Module 'LinuxNoEditorTargetPlatform' loaded TargetPlatform 'LinuxNoEditor'
[2021.01.24-16.21.02:431][  0]LogTemp: Display: Module 'LinuxServerTargetPlatform' loaded TargetPlatform 'LinuxServer'
[2021.01.24-16.21.02:576][  0]LogTemp: Display: Module 'LinuxTargetPlatform' loaded TargetPlatform 'Linux'
[2021.01.24-16.21.02:704][  0]LogTemp: Display: Module 'LuminTargetPlatform' loaded TargetPlatform 'Lumin'
[2021.01.24-16.21.02:704][  0]LogTemp: Display: Module 'LuminTargetPlatform' loaded TargetPlatform 'LuminClient'
[2021.01.24-16.21.02:705][  0]LogTargetPlatformManager: Display: Building Assets For Windows
[2021.01.24-16.21.03:014][  0]LogAudioDebug: Display: Lib vorbis DLL was dynamically loaded.
[2021.01.24-16.21.05:630][  0]LogShaderCompilers: Guid format shader working directory is -22 characters bigger than the processId version (../../../../../../Users/Ja/Documents/unreal/BallRunner/BallRunner/Intermediate/Shaders/WorkingDirectory/5888/).
[2021.01.24-16.21.05:630][  0]LogShaderCompilers: Cleaned the shader compiler working directory 'C:/Users/Ja/AppData/Local/Temp/UnrealShaderWorkingDir/66B43DEC4AD351F100B78D95A754A54B/'.
[2021.01.24-16.21.05:742][  0]LogXGEController: Cannot use XGE Controller as Incredibuild is not installed on this machine.
[2021.01.24-16.21.05:779][  0]LogShaderCompilers: Cannot use XGE Shader Compiler as Incredibuild is not installed on this machine.
[2021.01.24-16.21.05:779][  0]LogShaderCompilers: Display: Using Local Shader Compiler.
[2021.01.24-16.21.19:259][  0]LogDerivedDataCache: Display: Max Cache Size: 512 MB
[2021.01.24-16.21.20:866][  0]LogDerivedDataCache: Loaded boot cache 1.59s 74MB C:/Users/Ja/AppData/Local/UnrealEngine/4.23/DerivedDataCache/Boot.ddc.
[2021.01.24-16.21.20:866][  0]LogDerivedDataCache: Display: Loaded Boot cache: C:/Users/Ja/AppData/Local/UnrealEngine/4.23/DerivedDataCache/Boot.ddc
[2021.01.24-16.21.20:866][  0]LogDerivedDataCache: FDerivedDataBackendGraph:  Pak pak cache file ../../../../../../Users/Ja/Documents/unreal/BallRunner/BallRunner/DerivedDataCache/DDC.ddp not found, will not use a pak cache.
[2021.01.24-16.21.20:866][  0]LogDerivedDataCache: Unable to find inner node Pak for hierarchical cache Hierarchy.
[2021.01.24-16.21.20:866][  0]LogDerivedDataCache: FDerivedDataBackendGraph:  CompressedPak pak cache file ../../../../../../Users/Ja/Documents/unreal/BallRunner/BallRunner/DerivedDataCache/Compressed.ddp not found, will not use a pak cache.
[2021.01.24-16.21.20:867][  0]LogDerivedDataCache: Unable to find inner node CompressedPak for hierarchical cache Hierarchy.
[2021.01.24-16.21.20:922][  0]LogDerivedDataCache: Display: Pak cache opened for reading ../../../Engine/DerivedDataCache/Compressed.ddp.
[2021.01.24-16.21.21:103][  0]LogDerivedDataCache: Display: Pak cache opened for reading ../../../Enterprise/DerivedDataCache/Compressed.ddp.
[2021.01.24-16.21.21:105][  0]LogDerivedDataCache: Using Local data cache path C:/Users/Ja/AppData/Local/UnrealEngine/Common/DerivedDataCache: Writable
[2021.01.24-16.21.21:105][  0]LogDerivedDataCache: Shared data cache path not found in *engine.ini, will not use an Shared cache.
[2021.01.24-16.21.21:105][  0]LogDerivedDataCache: Unable to find inner node Shared for hierarchical cache Hierarchy.
[2021.01.24-16.21.21:163][  0]LogMaterial: Verifying Global Shaders for PCD3D_SM5
[2021.01.24-16.21.21:317][  0]LogSlate: Using FreeType 2.6.0
[2021.01.24-16.21.21:452][  0]LogSlate: SlateFontServices - WITH_FREETYPE: 1, WITH_HARFBUZZ: 1
[2021.01.24-16.21.26:422][  0]LogAssetRegistry: FAssetRegistry took 0.0059 seconds to start up
[2021.01.24-16.21.32:834][  0]LogInit: Selected Device Profile: [Windows]
[2021.01.24-16.21.35:404][  0]LogMeshReduction: Using QuadricMeshReduction for automatic static mesh reduction
[2021.01.24-16.21.35:405][  0]LogMeshReduction: Using SimplygonMeshReduction for automatic skeletal mesh reduction
[2021.01.24-16.21.35:405][  0]LogMeshReduction: Using ProxyLODMeshReduction for automatic mesh merging
[2021.01.24-16.21.35:405][  0]LogMeshReduction: No distributed automatic mesh merging module available
[2021.01.24-16.21.35:577][  0]LogMeshMerging: No distributed automatic mesh merging module available
[2021.01.24-16.21.36:094][  0]LogNetVersion: BallRunner 1.0.0, NetCL: 8386587, EngineNetVer: 11, GameNetVer: 0 (Checksum: 847609276)
[2021.01.24-16.21.43:269][  0]LogAssetRegistry: Error: Failed to open file for write ../../../../../../Users/Ja/Documents/unreal/BallRunner/BallRunner/Intermediate/CachedAssetRegistry.bin
[2021.01.24-16.21.43:269][  0]LogFileManager: Warning: DeleteFile was unable to delete '../../../../../../Users/Ja/Documents/unreal/BallRunner/BallRunner/Intermediate/AssetRegistryCache/714c4f1a.bin', retrying in .5s...
[2021.01.24-16.21.43:770][  0]LogFileManager: Warning: DeleteFile recovered during retry!
[2021.01.24-16.21.43:770][  0]LogFileManager: Warning: MoveFile was unable to move '../../../../../../Users/Ja/Documents/unreal/BallRunner/BallRunner/Intermediate/AssetRegistryCache/714c4f1a.bin.tmp' to '../../../../../../Users/Ja/Documents/unreal/BallRunner/BallRunner/Intermediate/AssetRegistryCache/714c4f1a.bin', retrying in .5s...
[2021.01.24-16.21.44:271][  0]LogFileManager: Warning: MoveFile was unable to move '../../../../../../Users/Ja/Documents/unreal/BallRunner/BallRunner/Intermediate/AssetRegistryCache/714c4f1a.bin.tmp' to '../../../../../../Users/Ja/Documents/unreal/BallRunner/BallRunner/Intermediate/AssetRegistryCache/714c4f1a.bin', retrying in .5s...
[2021.01.24-16.21.44:771][  0]LogFileManager: Warning: MoveFile was unable to move '../../../../../../Users/Ja/Documents/unreal/BallRunner/BallRunner/Intermediate/AssetRegistryCache/714c4f1a.bin.tmp' to '../../../../../../Users/Ja/Documents/unreal/BallRunner/BallRunner/Intermediate/AssetRegistryCache/714c4f1a.bin', retrying in .5s...
[2021.01.24-16.21.45:272][  0]LogFileManager: Warning: MoveFile was unable to move '../../../../../../Users/Ja/Documents/unreal/BallRunner/BallRunner/Intermediate/AssetRegistryCache/714c4f1a.bin.tmp' to '../../../../../../Users/Ja/Documents/unreal/BallRunner/BallRunner/Intermediate/AssetRegistryCache/714c4f1a.bin', retrying in .5s...
[2021.01.24-16.21.45:772][  0]LogFileManager: Warning: MoveFile was unable to move '../../../../../../Users/Ja/Documents/unreal/BallRunner/BallRunner/Intermediate/AssetRegistryCache/714c4f1a.bin.tmp' to '../../../../../../Users/Ja/Documents/unreal/BallRunner/BallRunner/Intermediate/AssetRegistryCache/714c4f1a.bin', retrying in .5s...
[2021.01.24-16.21.46:274][  0]LogFileManager: Warning: MoveFile was unable to move '../../../../../../Users/Ja/Documents/unreal/BallRunner/BallRunner/Intermediate/AssetRegistryCache/714c4f1a.bin.tmp' to '../../../../../../Users/Ja/Documents/unreal/BallRunner/BallRunner/Intermediate/AssetRegistryCache/714c4f1a.bin', retrying in .5s...
[2021.01.24-16.21.46:775][  0]LogFileManager: Warning: MoveFile was unable to move '../../../../../../Users/Ja/Documents/unreal/BallRunner/BallRunner/Intermediate/AssetRegistryCache/714c4f1a.bin.tmp' to '../../../../../../Users/Ja/Documents/unreal/BallRunner/BallRunner/Intermediate/AssetRegistryCache/714c4f1a.bin', retrying in .5s...
[2021.01.24-16.21.47:276][  0]LogFileManager: Warning: MoveFile was unable to move '../../../../../../Users/Ja/Documents/unreal/BallRunner/BallRunner/Intermediate/AssetRegistryCache/714c4f1a.bin.tmp' to '../../../../../../Users/Ja/Documents/unreal/BallRunner/BallRunner/Intermediate/AssetRegistryCache/714c4f1a.bin', retrying in .5s...
[2021.01.24-16.21.47:777][  0]LogFileManager: Warning: MoveFile was unable to move '../../../../../../Users/Ja/Documents/unreal/BallRunner/BallRunner/Intermediate/AssetRegistryCache/714c4f1a.bin.tmp' to '../../../../../../Users/Ja/Documents/unreal/BallRunner/BallRunner/Intermediate/AssetRegistryCache/714c4f1a.bin', retrying in .5s...
[2021.01.24-16.21.48:277][  0]LogFileManager: Warning: MoveFile was unable to move '../../../../../../Users/Ja/Documents/unreal/BallRunner/BallRunner/Intermediate/AssetRegistryCache/714c4f1a.bin.tmp' to '../../../../../../Users/Ja/Documents/unreal/BallRunner/BallRunner/Intermediate/AssetRegistryCache/714c4f1a.bin', retrying in .5s...
[2021.01.24-16.21.48:778][  0]LogFileManager: Error: Error moving file '../../../../../../Users/Ja/Documents/unreal/BallRunner/BallRunner/Intermediate/AssetRegistryCache/714c4f1a.bin.tmp' to '../../../../../../Users/Ja/Documents/unreal/BallRunner/BallRunner/Intermediate/AssetRegistryCache/714c4f1a.bin'.
[2021.01.24-16.21.48:831][  0]LogPackageLocalizationCache: Processed 18 localized package path(s) for 1 prioritized culture(s) in 5.592806 seconds
[2021.01.24-16.21.48:839][  0]LogUObjectArray: 43444 objects as part of root set at end of initial load.
[2021.01.24-16.21.48:839][  0]LogUObjectAllocator: 7548648 out of 0 bytes used by permanent object pool.
[2021.01.24-16.21.48:839][  0]LogUObjectArray: CloseDisregardForGC: 0/0 objects in disregard for GC pool
[2021.01.24-16.22.54:752][  0]LogTcpMessaging: Initializing TcpMessaging bridge
[2021.01.24-16.22.54:998][  0]LogUdpMessaging: Initializing bridge on interface 0.0.0.0:0 to multicast group 230.0.0.1:6666.
[2021.01.24-16.22.57:047][  0]SourceControl: Source control is disabled
[2021.01.24-16.22.57:053][  0]SourceControl: Source control is disabled
[2021.01.24-16.22.57:578][  0]SourceControl: Source control is disabled
[2021.01.24-16.22.57:759][  0]SourceControl: Source control is disabled
[2021.01.24-16.23.08:543][  0]LogAndroidPermission: UAndroidPermissionCallbackProxy::GetInstance
[2021.01.24-16.23.09:437][  0]LogOcInput: OculusInput pre-init called
[2021.01.24-16.23.09:716][  0]LogWindows: Failed to load 'OVRPlugin.dll' (GetLastError=126)
[2021.01.24-16.23.09:716][  0]LogWindows: File 'OVRPlugin.dll' does not exist
[2021.01.24-16.23.57:221][  0]LogAutomationTest: Warning: Smoke tests took > 2s to run: 2.16s
[2021.01.24-16.23.57:508][  0]LogEngine: Initializing Engine...
[2021.01.24-16.23.57:628][  0]LogHMD: Failed to initialize OpenVR with code 110
[2021.01.24-16.23.57:811][  0]LogStats: UGameplayTagsManager::InitializeManager -  0.140 s
[2021.01.24-16.23.59:899][  0]LogInit: Initializing FReadOnlyCVARCache
[2021.01.24-16.24.00:562][  0]LogAIModule: Creating AISystem for world Untitled
[2021.01.24-16.24.00:632][  0]LogInit: XAudio2 using 'Speakers (Conexant SmartAudio HD)' : 2 channels at 48 kHz using 32 bits per sample (channel mask 0x3)
[2021.01.24-16.24.02:031][  0]LogInit: FAudioDevice initialized.
[2021.01.24-16.24.02:032][  0]LogNetVersion: Set ProjectVersion to 1.0.0.0. Version Checksum will be recalculated on next use.
[2021.01.24-16.24.02:645][  0]LogDerivedDataCache: Saved boot cache 0.61s 74MB C:/Users/Ja/AppData/Local/UnrealEngine/4.23/DerivedDataCache/Boot.ddc.
[2021.01.24-16.24.02:647][  0]LogInit: Texture streaming: Enabled
[2021.01.24-16.24.03:003][  0]LogEngineSessionManager: EngineSessionManager initialized
[2021.01.24-16.24.03:026][  0]LogEditorSessionSummary: Verbose: Initializing EditorSessionSummaryWriter for editor session tracking
[2021.01.24-16.24.03:033][  0]LogEditorSessionSummary: EditorSessionSummaryWriter initialized
[2021.01.24-16.24.03:743][  0]LogInit: Transaction tracking system initialized
[2021.01.24-16.24.05:603][  0]BlueprintLog: New page: Editor Load
[2021.01.24-16.24.09:173][  0]LocalizationService: Localization service is disabled
[2021.01.24-16.24.15:801][  0]LogFileCache: Scanning file cache for directory 'C:/Users/Ja/Documents/unreal/BallRunner/BallRunner/Content/' took 0.04s
[2021.01.24-16.24.15:801][  0]LogCook: Display: Max memory allowance for cook 16384mb min free memory 0mb
[2021.01.24-16.24.15:838][  0]LogCook: Display: Mobile HDR setting 1
[2021.01.24-16.24.30:671][  0]SourceControl: Source control is disabled
[2021.01.24-16.24.30:746][  0]Cmd: MAP LOAD FILE="../../../../../../Users/Ja/Documents/unreal/BallRunner/BallRunner/Content/Levels/MainLevel.umap" TEMPLATE=0 SHOWPROGRESS=1 FEATURELEVEL=3
[2021.01.24-16.24.30:777][  0]LightingResults: New page: Lighting Build
[2021.01.24-16.24.30:990][  0]LogWorld: UWorld::CleanupWorld for Untitled, bSessionEnded=true, bCleanupResources=true
[2021.01.24-16.24.30:991][  0]MapCheck: New page: Map Check
[2021.01.24-16.24.30:991][  0]LightingResults: New page: Lighting Build
[2021.01.24-16.24.31:062][  0]LogUObjectHash: Compacting FUObjectHashTables data took   1.94ms
[2021.01.24-16.24.33:234][  0]LogAIModule: Creating AISystem for world MainLevel
[2021.01.24-16.24.33:696][  0]LogEditorServer: Finished looking for orphan Actors (0.000 secs)
[2021.01.24-16.24.33:876][  0]LogUObjectHash: Compacting FUObjectHashTables data took   2.33ms
[2021.01.24-16.24.33:915][  0]Cmd: MAP CHECKDEP NOCLEARLOG
[2021.01.24-16.24.33:953][  0]MapCheck: Map check complete: 0 Error(s), 0 Warning(s), took 37,438ms to complete.
[2021.01.24-16.24.33:953][  0]LogFileHelpers: Loading map 'MainLevel' took 3.208
[2021.01.24-16.24.36:412][  0]LogSlate: Updating window title bar state: overlay mode, drag disabled, window buttons hidden, title bar hidden
[2021.01.24-16.24.36:421][  0]LogSlate: Updating window title bar state: overlay mode, drag disabled, window buttons hidden, title bar hidden
[2021.01.24-16.24.36:431][  0]LogSlate: Updating window title bar state: overlay mode, drag disabled, window buttons hidden, title bar hidden
[2021.01.24-16.24.36:439][  0]LogSlate: Updating window title bar state: overlay mode, drag disabled, window buttons hidden, title bar hidden
[2021.01.24-16.24.36:756][  0]LogCollectionManager: Loaded 0 collections in 0.005807 seconds
[2021.01.24-16.24.37:259][  0]LogFileCache: Scanning file cache for directory 'C:/Users/Ja/Documents/unreal/BallRunner/BallRunner/Saved/Collections/' took 0.00s
[2021.01.24-16.24.37:259][  0]LogFileCache: Scanning file cache for directory 'C:/Users/Ja/Documents/unreal/BallRunner/BallRunner/Content/Developers/Ja/Collections/' took 0.00s
[2021.01.24-16.24.37:259][  0]LogFileCache: Scanning file cache for directory 'C:/Users/Ja/Documents/unreal/BallRunner/BallRunner/Content/Collections/' took 0.00s
[2021.01.24-16.24.37:259][  0]LogCollectionManager: Rebuilt the GUID cache for 0 collections in 0.000002 seconds
[2021.01.24-16.24.37:356][  0]LogContentBrowser: Native class hierarchy populated in 0.0778 seconds. Added 3045 classes and 765 folders.
[2021.01.24-16.24.37:825][  0]LogContentBrowser: Native class hierarchy updated for 'WidgetCarousel' in 0.0003 seconds. Added 0 classes and 0 folders.
[2021.01.24-16.24.43:881][  0]LogContentBrowser: Native class hierarchy updated for 'AddContentDialog' in 0.0004 seconds. Added 0 classes and 0 folders.
[2021.01.24-16.24.43:951][  0]LogContentBrowser: Native class hierarchy updated for 'SceneOutliner' in 0.0008 seconds. Added 1 classes and 0 folders.
[2021.01.24-16.24.44:368][  0]LogSlate: Took 0.103945 seconds to synchronously load lazily loaded font '../../../Engine/Content/Slate/Fonts/Roboto-Bold.ttf' (160K)
[2021.01.24-16.24.44:403][  0]LogSlate: Took 0.033210 seconds to synchronously load lazily loaded font '../../../Engine/Content/Slate/Fonts/Roboto-Regular.ttf' (155K)
[2021.01.24-16.24.44:711][  0]LogContentBrowser: Native class hierarchy updated for 'HierarchicalLODOutliner' in 0.0004 seconds. Added 0 classes and 0 folders.
[2021.01.24-16.24.44:712][  0]LogLoad: (Engine Initialization) Total time: 281.74 seconds
[2021.01.24-16.24.44:712][  0]LogLoad: (Engine Initialization) Total Blueprint compile time: 0.00 seconds
[2021.01.24-16.24.45:078][  0]LogContentStreaming: Texture pool size now 1000 MB
[2021.01.24-16.24.45:125][  0]LogSlate: Took 0.040551 seconds to synchronously load lazily loaded font '../../../Engine/Content/Editor/Slate/Fonts/FontAwesome.ttf' (139K)
[2021.01.24-16.24.46:265][  1]LogRenderer: Reallocating scene render targets to support 780x516 Format 10 NumSamples 1 (Frame:1).
[2021.01.24-16.24.47:798][  2]LogSlate: Took 0.000334 seconds to synchronously load lazily loaded font '../../../Engine/Content/Slate/Fonts/Roboto-Light.ttf' (167K)
[2021.01.24-16.24.52:236][ 51]LogAssetRegistry: Asset discovery search completed in 205.8152 seconds
[2021.01.24-16.24.52:243][ 51]LogCollectionManager: Rebuilt the object cache for 0 collections in 0.000019 seconds (found 0 objects)
[2021.01.24-16.24.52:244][ 51]LogCollectionManager: Fixed up redirectors for 0 collections in 0.000200 seconds (updated 0 objects)
[2021.01.24-16.25.48:839][286]LogSlate: FSceneViewport::OnFocusLost() reason 0
[2021.01.24-16.25.48:909][289]LogUObjectHash: Compacting FUObjectHashTables data took   0.97ms
[2021.01.24-16.25.49:163][289]LogSlate: Window 'BallRunner - Unreal Editor' being destroyed
[2021.01.24-16.25.49:165][289]LogWindowsTextInputMethodSystem: Display: IME system now deactivated.
[2021.01.24-16.25.49:414][290]Cmd: QUIT_EDITOR
[2021.01.24-16.25.50:002][290]LogExit: Preparing to exit.
[2021.01.24-16.25.50:934][290]LogDemo: Cleaned up 0 splitscreen connections with owner deletion
[2021.01.24-16.25.51:142][290]LogWorld: UWorld::CleanupWorld for None, bSessionEnded=true, bCleanupResources=true
[2021.01.24-16.25.51:142][290]LogExit: Editor shut down
[2021.01.24-16.25.51:142][290]LogExit: Transaction tracking system shut down
[2021.01.24-16.25.54:256][290]LogExit: Object subsystem successfully closed.
[2021.01.24-16.25.54:808][290]LogShaderCompilers: Display: Shaders left to compile 0
[2021.01.24-16.25.56:746][290]LogModuleManager: Shutting down and abandoning module HierarchicalLODOutliner (728)
[2021.01.24-16.25.56:746][290]LogModuleManager: Shutting down and abandoning module SceneOutliner (726)
[2021.01.24-16.25.56:746][290]LogModuleManager: Shutting down and abandoning module AddContentDialog (724)
[2021.01.24-16.25.56:746][290]LogModuleManager: Shutting down and abandoning module WidgetCarousel (723)
[2021.01.24-16.25.56:747][290]LogModuleManager: Shutting down and abandoning module EditorWidgets (720)
[2021.01.24-16.25.56:747][290]LogModuleManager: Shutting down and abandoning module CollectionManager (718)
[2021.01.24-16.25.56:783][290]LogModuleManager: Shutting down and abandoning module StatsViewer (716)
[2021.01.24-16.25.56:783][290]LogModuleManager: Shutting down and abandoning module VirtualTexturingEditor (714)
[2021.01.24-16.25.56:783][290]LogModuleManager: Shutting down and abandoning module FoliageEdit (712)
[2021.01.24-16.25.56:783][290]LogModuleManager: Shutting down and abandoning module LandscapeEditor (710)
[2021.01.24-16.25.56:915][290]LogModuleManager: Shutting down and abandoning module MeshPaintMode (708)
[2021.01.24-16.25.56:915][290]LogModuleManager: Shutting down and abandoning module SceneDepthPickerMode (706)
[2021.01.24-16.25.56:915][290]LogModuleManager: Shutting down and abandoning module ActorPickerMode (704)
[2021.01.24-16.25.56:915][290]LogModuleManager: Shutting down and abandoning module GeometryMode (702)
[2021.01.24-16.25.56:917][290]LogModuleManager: Shutting down and abandoning module TextureAlignMode (700)
[2021.01.24-16.25.56:917][290]LogModuleManager: Shutting down and abandoning module BspMode (698)
[2021.01.24-16.25.56:917][290]LogModuleManager: Shutting down and abandoning module PIEPreviewDeviceProfileSelector (696)
[2021.01.24-16.25.56:951][290]LogModuleManager: Shutting down and abandoning module SequenceRecorderSections (694)
[2021.01.24-16.25.56:951][290]LogModuleManager: Shutting down and abandoning module AutomationWorker (692)
[2021.01.24-16.25.56:951][290]LogModuleManager: Shutting down and abandoning module DatasmithFBXImporter (690)
[2021.01.24-16.25.56:951][290]LogModuleManager: Shutting down and abandoning module DatasmithDeltaGenImporter (688)
[2021.01.24-16.25.56:952][290]LogModuleManager: Shutting down and abandoning module DatasmithVREDImporter (686)
[2021.01.24-16.25.56:952][290]LogModuleManager: Shutting down and abandoning module OculusMR (684)
[2021.01.24-16.25.56:952][290]LogModuleManager: Shutting down and abandoning module AudioCaptureEditor (682)
[2021.01.24-16.25.56:952][290]LogModuleManager: Shutting down and abandoning module MatineeToLevelSequence (680)
[2021.01.24-16.25.56:952][290]LogModuleManager: Shutting down and abandoning module LevelSequenceEditor (678)
[2021.01.24-16.25.56:974][290]LogModuleManager: Shutting down and abandoning module PlacementMode (677)
[2021.01.24-16.25.56:974][290]LogModuleManager: Shutting down and abandoning module MaterialEditor (676)
[2021.01.24-16.25.56:974][290]LogModuleManager: Shutting down and abandoning module ActorSequenceEditor (672)
[2021.01.24-16.25.56:984][290]LogModuleManager: Shutting down and abandoning module WmfMediaFactory (670)
[2021.01.24-16.25.56:984][290]LogModuleManager: Shutting down and abandoning module WmfMediaEditor (668)
[2021.01.24-16.25.56:984][290]LogModuleManager: Shutting down and abandoning module WebMMediaFactory (666)
[2021.01.24-16.25.56:985][290]LogModuleManager: Shutting down and abandoning module WebMMediaEditor (664)
[2021.01.24-16.25.56:985][290]LogModuleManager: Shutting down and abandoning module WebMMedia (662)
[2021.01.24-16.25.56:985][290]LogModuleManager: Shutting down and abandoning module MediaPlayerEditor (660)
[2021.01.24-16.25.56:995][290]LogModuleManager: Shutting down and abandoning module MediaCompositingEditor (658)
[2021.01.24-16.25.57:013][290]LogModuleManager: Shutting down and abandoning module SequenceRecorder (657)
[2021.01.24-16.25.57:013][290]LogModuleManager: Shutting down and abandoning module OpenExrWrapper (654)
[2021.01.24-16.25.57:013][290]LogModuleManager: Shutting down and abandoning module ImgMediaFactory (652)
[2021.01.24-16.25.57:014][290]LogModuleManager: Shutting down and abandoning module ImgMediaEditor (650)
[2021.01.24-16.25.57:014][290]LogModuleManager: Shutting down and abandoning module AvfMediaFactory (648)
[2021.01.24-16.25.57:014][290]LogModuleManager: Shutting down and abandoning module AvfMediaEditor (646)
[2021.01.24-16.25.57:014][290]LogModuleManager: Shutting down and abandoning module AndroidMediaFactory (644)
[2021.01.24-16.25.57:014][290]LogModuleManager: Shutting down and abandoning module AndroidMediaEditor (642)
[2021.01.24-16.25.57:014][290]LogModuleManager: Shutting down and abandoning module MagicLeapCameraPreviewFactory (640)
[2021.01.24-16.25.57:014][290]LogModuleManager: Shutting down and abandoning module MagicLeapMediaCodecFactory (638)
[2021.01.24-16.25.57:014][290]LogModuleManager: Shutting down and abandoning module MagicLeapMediaFactory (636)
[2021.01.24-16.25.57:014][290]LogModuleManager: Shutting down and abandoning module MagicLeapMediaEditor (634)
[2021.01.24-16.25.57:015][290]LogModuleManager: Shutting down and abandoning module CharacterAI (632)
[2021.01.24-16.25.57:015][290]LogModuleManager: Shutting down and abandoning module SmartSnapping (630)
[2021.01.24-16.25.57:015][290]LogModuleManager: Shutting down and abandoning module SessionServices (628)
[2021.01.24-16.25.57:015][290]LogModuleManager: Shutting down and abandoning module MeshPaint (626)
[2021.01.24-16.25.57:015][290]LogModuleManager: Shutting down and abandoning module ViewportSnapping (624)
[2021.01.24-16.25.57:015][290]LogModuleManager: Shutting down and abandoning module ViewportInteraction (622)
[2021.01.24-16.25.57:015][290]LogModuleManager: Shutting down and abandoning module ClothPainter (620)
[2021.01.24-16.25.57:111][290]LogModuleManager: Shutting down and abandoning module SkeletalMeshEditor (619)
[2021.01.24-16.25.57:174][290]LogModuleManager: Shutting down and abandoning module LogVisualizer (616)
[2021.01.24-16.25.57:211][290]LogModuleManager: Shutting down and abandoning module IntroTutorials (614)
[2021.01.24-16.25.57:212][290]LogModuleManager: Shutting down and abandoning module GameProjectGeneration (613)
[2021.01.24-16.25.57:241][290]LogModuleManager: Shutting down and abandoning module LuminPlatformEditor (610)
[2021.01.24-16.25.57:242][290]LogModuleManager: Shutting down and abandoning module IOSPlatformEditor (608)
[2021.01.24-16.25.57:242][290]LogModuleManager: Shutting down and abandoning module HTML5PlatformEditor (606)
[2021.01.24-16.25.57:242][290]LogModuleManager: Shutting down and abandoning module AndroidPlatformEditor (604)
[2021.01.24-16.25.57:242][290]LogModuleManager: Shutting down and abandoning module AndroidDeviceDetection (603)
[2021.01.24-16.25.58:364][290]LogModuleManager: Shutting down and abandoning module WindowsPlatformEditor (600)
[2021.01.24-16.25.58:364][290]LogModuleManager: Shutting down and abandoning module LuminRuntimeSettings (598)
[2021.01.24-16.25.58:364][290]LogModuleManager: Shutting down and abandoning module IOSRuntimeSettings (596)
[2021.01.24-16.25.58:364][290]LogModuleManager: Shutting down and abandoning module AndroidRuntimeSettings (594)
[2021.01.24-16.25.58:364][290]LogModuleManager: Shutting down and abandoning module TimeManagementEditor (592)
[2021.01.24-16.25.58:364][290]LogModuleManager: Shutting down and abandoning module InputBindingEditor (590)
[2021.01.24-16.25.58:364][290]LogModuleManager: Shutting down and abandoning module MergeActors (588)
[2021.01.24-16.25.58:386][290]LogModuleManager: Shutting down and abandoning module LocalizationDashboard (586)
[2021.01.24-16.25.58:386][290]LogModuleManager: Shutting down and abandoning module LocalizationService (585)
[2021.01.24-16.25.58:386][290]LogModuleManager: Shutting down and abandoning module HardwareTargeting (582)
[2021.01.24-16.25.58:386][290]LogModuleManager: Shutting down and abandoning module DeviceProfileEditor (580)
[2021.01.24-16.25.58:386][290]LogModuleManager: Shutting down and abandoning module UndoHistory (578)
[2021.01.24-16.25.58:386][290]LogModuleManager: Shutting down and abandoning module XmlParser (576)
[2021.01.24-16.25.58:386][290]LogModuleManager: Shutting down and abandoning module Blutility (574)
[2021.01.24-16.25.58:386][290]LogModuleManager: Shutting down and abandoning module ProjectSettingsViewer (572)
[2021.01.24-16.25.58:386][290]LogModuleManager: Shutting down and abandoning module ProjectTargetPlatformEditor (571)
[2021.01.24-16.25.58:387][290]LogModuleManager: Shutting down and abandoning module EditorSettingsViewer (568)
[2021.01.24-16.25.58:387][290]LogModuleManager: Shutting down and abandoning module SettingsEditor (566)
[2021.01.24-16.25.58:387][290]LogModuleManager: Shutting down and abandoning module ProjectLauncher (564)
[2021.01.24-16.25.58:429][290]LogModuleManager: Shutting down and abandoning module SessionFrontend (562)
[2021.01.24-16.25.58:429][290]LogModuleManager: Shutting down and abandoning module ProfilerClient (560)
[2021.01.24-16.25.58:586][290]LogModuleManager: Shutting down and abandoning module DeviceManager (558)
[2021.01.24-16.25.58:586][290]LogModuleManager: Shutting down and abandoning module TargetDeviceServices (557)
[2021.01.24-16.25.58:681][290]LogModuleManager: Shutting down and abandoning module AutomationController (554)
[2021.01.24-16.25.58:681][290]LogModuleManager: Shutting down and abandoning module AutomationWindow (552)
[2021.01.24-16.25.58:729][290]LogModuleManager: Shutting down and abandoning module Layers (550)
[2021.01.24-16.25.58:810][290]LogModuleManager: Shutting down and abandoning module ComponentVisualizers (548)
[2021.01.24-16.25.58:811][290]LogModuleManager: Shutting down and abandoning module DetailCustomizations (546)
[2021.01.24-16.25.58:811][290]LogModuleManager: Shutting down and abandoning module PackagesDialog (544)
[2021.01.24-16.25.58:811][290]LogModuleManager: Shutting down and abandoning module AnimationBlueprintEditor (542)
[2021.01.24-16.25.58:895][290]LogModuleManager: Shutting down and abandoning module Persona (540)
[2021.01.24-16.25.58:915][290]LogModuleManager: Shutting down and abandoning module AnimGraph (539)
[2021.01.24-16.25.58:915][290]LogModuleManager: Shutting down and abandoning module Kismet (536)
[2021.01.24-16.25.58:943][290]LogModuleManager: Shutting down and abandoning module KismetWidgets (535)
[2021.01.24-16.25.58:943][290]LogModuleManager: Shutting down and abandoning module GraphEditor (532)
[2021.01.24-16.25.58:944][290]LogModuleManager: Shutting down and abandoning module StructViewer (530)
[2021.01.24-16.25.58:944][290]LogModuleManager: Shutting down and abandoning module ClassViewer (528)
[2021.01.24-16.25.58:944][290]LogModuleManager: Shutting down and abandoning module Toolbox (526)
[2021.01.24-16.25.58:944][290]LogModuleManager: Shutting down and abandoning module ModuleUI (524)
[2021.01.24-16.25.58:979][290]LogModuleManager: Shutting down and abandoning module MovieSceneTools (522)
[2021.01.24-16.25.58:979][290]LogModuleManager: Shutting down and abandoning module OutputLog (520)
[2021.01.24-16.25.59:009][290]LogModuleManager: Shutting down and abandoning module GammaUI (518)
[2021.01.24-16.25.59:009][290]LogModuleManager: Shutting down and abandoning module Documentation (516)
[2021.01.24-16.25.59:010][290]LogModuleManager: Shutting down and abandoning module LiveCoding (514)
[2021.01.24-16.25.59:010][290]LogModuleManager: Shutting down and abandoning module LevelSequence (512)
[2021.01.24-16.25.59:010][290]LogModuleManager: Shutting down and abandoning module MovieSceneTracks (510)
[2021.01.24-16.25.59:010][290]LogModuleManager: Shutting down and abandoning module MovieScene (508)
[2021.01.24-16.25.59:010][290]LogModuleManager: Shutting down and abandoning module StreamingPauseRendering (506)
[2021.01.24-16.25.59:010][290]LogModuleManager: Shutting down and abandoning module LauncherPlatform (504)
[2021.01.24-16.25.59:010][290]LogModuleManager: Shutting down and abandoning module AnalyticsET (502)
[2021.01.24-16.25.59:010][290]LogModuleManager: Shutting down and abandoning module PortalServices (500)
[2021.01.24-16.25.59:010][290]LogModuleManager: Shutting down and abandoning module PortalRpc (498)
[2021.01.24-16.25.59:010][290]LogModuleManager: Shutting down and abandoning module MessagingRpc (496)
[2021.01.24-16.25.59:010][290]LogModuleManager: Shutting down and abandoning module AIModule (494)
[2021.01.24-16.25.59:011][290]LogModuleManager: Shutting down and abandoning module GameplayDebugger (493)
[2021.01.24-16.25.59:011][290]LogModuleManager: Shutting down and abandoning module AITestSuite (491)
[2021.01.24-16.25.59:011][290]LogModuleManager: Shutting down and abandoning module NavigationSystem (489)
[2021.01.24-16.25.59:011][290]LogModuleManager: Shutting down and abandoning module DesktopPlatform (486)
[2021.01.24-16.25.59:011][290]LogModuleManager: Shutting down and abandoning module ImageWriteQueue (484)
[2021.01.24-16.25.59:018][290]LogModuleManager: Shutting down and abandoning module ProfilerService (482)
[2021.01.24-16.25.59:264][290]LogModuleManager: Shutting down and abandoning module TaskGraph (480)
[2021.01.24-16.25.59:365][290]LogModuleManager: Shutting down and abandoning module DatasmithCADTranslator (478)
[2021.01.24-16.25.59:365][290]LogModuleManager: Shutting down and abandoning module DatasmithC4DImporter (476)
[2021.01.24-16.25.59:365][290]LogModuleManager: Shutting down and abandoning module VariantManager (474)
[2021.01.24-16.25.59:443][290]LogModuleManager: Shutting down and abandoning module StaticMeshEditorExtension (472)
[2021.01.24-16.25.59:443][290]LogModuleManager: Shutting down and abandoning module MeshProcessingLibrary (471)
[2021.01.24-16.25.59:443][290]LogModuleManager: Shutting down and abandoning module MDLImporter (468)
[2021.01.24-16.25.59:476][290]LogModuleManager: Shutting down and abandoning module DatasmithCoreTechExtension (466)
[2021.01.24-16.25.59:477][290]LogModuleManager: Shutting down and abandoning module StaticMeshEditor (465)
[2021.01.24-16.25.59:603][290]LogModuleManager: Shutting down and abandoning module AdvancedPreviewScene (464)
[2021.01.24-16.25.59:603][290]LogModuleManager: Shutting down and abandoning module DatasmithOpenNurbsTranslator (460)
[2021.01.24-16.25.59:649][290]LogModuleManager: Shutting down and abandoning module DatasmithNativeTranslator (458)
[2021.01.24-16.25.59:649][290]LogModuleManager: Shutting down and abandoning module DatasmithIFCImporter (456)
[2021.01.24-16.25.59:650][290]LogModuleManager: Shutting down and abandoning module DatasmithGLTFImporter (454)
[2021.01.24-16.25.59:650][290]LogModuleManager: Shutting down and abandoning module DatasmithImporter (453)
[2021.01.24-16.25.59:713][290]LogModuleManager: Shutting down and abandoning module ScreenshotTools (450)
[2021.01.24-16.25.59:713][290]LogModuleManager: Shutting down and abandoning module SteamVRController (448)
[2021.01.24-16.25.59:713][290]LogModuleManager: Shutting down and abandoning module ProceduralMeshComponentEditor (446)
[2021.01.24-16.25.59:713][290]LogModuleManager: Shutting down and abandoning module ProceduralMeshComponent (444)
[2021.01.24-16.25.59:732][290]LogModuleManager: Shutting down and abandoning module OculusEditor (442)
[2021.01.24-16.25.59:732][290]LogModuleManager: Shutting down and abandoning module OculusInput (440)
[2021.01.24-16.25.59:732][290]LogModuleManager: Shutting down and abandoning module MobilePatchingUtils (438)
[2021.01.24-16.25.59:732][290]LogModuleManager: Shutting down and abandoning module EditableMesh (436)
[2021.01.24-16.25.59:758][290]LogModuleManager: Shutting down and abandoning module CustomMeshComponent (434)
[2021.01.24-16.25.59:758][290]LogModuleManager: Shutting down and abandoning module CableComponent (432)
[2021.01.24-16.25.59:758][290]LogModuleManager: Shutting down and abandoning module AudioCapture (430)
[2021.01.24-16.25.59:758][290]LogModuleManager: Shutting down and abandoning module ArchVisCharacter (428)
[2021.01.24-16.25.59:758][290]LogModuleManager: Shutting down and abandoning module AppleImageUtilsBlueprintSupport (426)
[2021.01.24-16.25.59:758][290]LogModuleManager: Shutting down and abandoning module AppleImageUtils (424)
[2021.01.24-16.25.59:758][290]LogModuleManager: Shutting down and abandoning module AndroidPermission (422)
[2021.01.24-16.25.59:758][290]LogModuleManager: Shutting down and abandoning module NUTUnrealEngine4 (420)
[2021.01.24-16.25.59:758][290]LogModuleManager: Shutting down and abandoning module NetcodeUnitTest (418)
[2021.01.24-16.25.59:759][290]LogModuleManager: Shutting down and abandoning module MediaCompositing (416)
[2021.01.24-16.25.59:759][290]LogModuleManager: Shutting down and abandoning module ImgMedia (414)
[2021.01.24-16.25.59:759][290]LogModuleManager: Shutting down and abandoning module MagicLeapHelperVulkan (412)
[2021.01.24-16.25.59:759][290]LogModuleManager: Shutting down and abandoning module MagicLeapHelperOpenGL (410)
[2021.01.24-16.25.59:759][290]LogModuleManager: Shutting down and abandoning module MagicLeapAudio (408)
[2021.01.24-16.25.59:759][290]LogModuleManager: Shutting down and abandoning module HTML5Networking (406)
[2021.01.24-16.25.59:759][290]LogModuleManager: Shutting down and abandoning module GeometryCollectionTracks (404)
[2021.01.24-16.25.59:759][290]LogModuleManager: Shutting down and abandoning module GeometryCollectionSequencer (403)
[2021.01.24-16.25.59:759][290]LogModuleManager: Shutting down and abandoning module GeometryCollectionEditor (400)
[2021.01.24-16.25.59:759][290]LogModuleManager: Shutting down and abandoning module GeometryCollectionExampleCore (398)
[2021.01.24-16.25.59:759][290]LogModuleManager: Shutting down and abandoning module GeometryCacheTracks (396)
[2021.01.24-16.25.59:759][290]LogModuleManager: Shutting down and abandoning module GeometryCacheSequencer (394)
[2021.01.24-16.25.59:759][290]LogModuleManager: Shutting down and abandoning module DataprepLibraries (392)
[2021.01.24-16.25.59:760][290]LogModuleManager: Shutting down and abandoning module DataprepCore (390)
[2021.01.24-16.25.59:760][290]LogModuleManager: Shutting down and abandoning module DataprepEditor (388)
[2021.01.24-16.25.59:842][290]LogModuleManager: Shutting down and abandoning module ChaosSolverEditor (386)
[2021.01.24-16.25.59:842][290]LogModuleManager: Shutting down and abandoning module BlastCore (384)
[2021.01.24-16.25.59:842][290]LogModuleManager: Shutting down and abandoning module BlastAuthoring (382)
[2021.01.24-16.25.59:842][290]LogModuleManager: Shutting down and abandoning module BackChannel (380)
[2021.01.24-16.25.59:843][290]LogModuleManager: Shutting down and abandoning module AutomationUtilsEditor (378)
[2021.01.24-16.25.59:843][290]LogModuleManager: Shutting down and abandoning module AutomationUtils (376)
[2021.01.24-16.25.59:852][290]LogModuleManager: Shutting down and abandoning module AlembicImporter (374)
[2021.01.24-16.25.59:865][290]LogModuleManager: Shutting down and abandoning module AlembicLibrary (373)
[2021.01.24-16.25.59:865][290]LogModuleManager: Shutting down and abandoning module GeometryCache (372)
[2021.01.24-16.25.59:865][290]LogModuleManager: Shutting down and abandoning module GeometryCacheEd (371)
[2021.01.24-16.25.59:865][290]LogModuleManager: Shutting down and abandoning module VariantManagerContent (366)
[2021.01.24-16.25.59:865][290]LogModuleManager: Shutting down and abandoning module DatasmithContentEditor (364)
[2021.01.24-16.25.59:865][290]LogModuleManager: Shutting down and abandoning module SpeedTreeImporter (362)
[2021.01.24-16.25.59:865][290]LogModuleManager: Shutting down and abandoning module PluginBrowser (360)
[2021.01.24-16.25.59:865][290]LogModuleManager: Shutting down and abandoning module MobileLauncherProfileWizard (358)
[2021.01.24-16.25.59:908][290]LogModuleManager: Shutting down and abandoning module PolygonModeling (356)
[2021.01.24-16.25.59:908][290]LogModuleManager: Shutting down and abandoning module MeshEditor (354)
[2021.01.24-16.25.59:908][290]LogModuleManager: Shutting down and abandoning module MaterialAnalyzer (352)
[2021.01.24-16.25.59:908][290]LogModuleManager: Shutting down and abandoning module GLTFImporter (350)
[2021.01.24-16.25.59:908][290]LogModuleManager: Shutting down and abandoning module EditorScriptingUtilities (348)
[2021.01.24-16.25.59:908][290]LogModuleManager: Shutting down and abandoning module CurveEditorTools (346)
[2021.01.24-16.25.59:908][290]LogModuleManager: Shutting down and abandoning module CurveEditor (345)
[2021.01.24-16.25.59:989][290]LogModuleManager: Shutting down and abandoning module CryptoKeysOpenSSL (342)
[2021.01.24-16.25.59:989][290]LogModuleManager: Shutting down and abandoning module CryptoKeys (340)
[2021.01.24-16.25.59:989][290]LogModuleManager: Shutting down and abandoning module VisualStudioSourceCodeAccess (338)
[2021.01.24-16.25.59:989][290]LogModuleManager: Shutting down and abandoning module VisualStudioCodeSourceCodeAccess (336)
[2021.01.24-16.25.59:989][290]LogModuleManager: Shutting down and abandoning module UObjectPlugin (334)
[2021.01.24-16.25.59:990][290]LogModuleManager: Shutting down and abandoning module SubversionSourceControl (332)
[2021.01.24-16.25.59:990][290]LogModuleManager: Shutting down and abandoning module PerforceSourceControl (330)
[2021.01.24-16.26.00:013][290]LogModuleManager: Shutting down and abandoning module GitSourceControl (328)
[2021.01.24-16.26.00:024][290]LogModuleManager: Shutting down and abandoning module SourceControl (327)
[2021.01.24-16.26.00:024][290]LogModuleManager: Shutting down and abandoning module CLionSourceCodeAccess (324)
[2021.01.24-16.26.00:024][290]LogModuleManager: Shutting down and abandoning module AnimationSharingEd (322)
[2021.01.24-16.26.00:024][290]LogModuleManager: Shutting down and abandoning module ActorLayerUtilitiesEditor (320)
[2021.01.24-16.26.00:024][290]LogModuleManager: Shutting down and abandoning module ActorLayerUtilities (318)
[2021.01.24-16.26.00:024][290]LogModuleManager: Shutting down and abandoning module LightPropagationVolumeEditor (316)
[2021.01.24-16.26.00:024][290]LogModuleManager: Shutting down and abandoning module PaperTiledImporter (314)
[2021.01.24-16.26.00:024][290]LogModuleManager: Shutting down and abandoning module PaperSpriteSheetImporter (312)
[2021.01.24-16.26.00:024][290]LogModuleManager: Shutting down and abandoning module Paper2DEditor (310)
[2021.01.24-16.26.00:100][290]LogModuleManager: Shutting down and abandoning module SignificanceManager (308)
[2021.01.24-16.26.00:100][290]LogModuleManager: Shutting down and abandoning module RuntimePhysXCooking (306)
[2021.01.24-16.26.00:100][290]LogModuleManager: Shutting down and abandoning module PhysXVehiclesEditor (304)
[2021.01.24-16.26.00:100][290]LogModuleManager: Shutting down and abandoning module LocationServicesBPLibrary (300)
[2021.01.24-16.26.00:100][290]LogModuleManager: Shutting down and abandoning module ActorSequence (298)
[2021.01.24-16.26.00:100][290]LogModuleManager: Shutting down and abandoning module UdpMessaging (296)
[2021.01.24-16.26.00:202][290]LogModuleManager: Shutting down and abandoning module TcpMessaging (294)
[2021.01.24-16.26.00:303][290]LogModuleManager: Shutting down and abandoning module MagicLeapIdentity (292)
[2021.01.24-16.26.00:303][290]LogModuleManager: Shutting down and abandoning module MagicLeapSecureStorage (290)
[2021.01.24-16.26.00:303][290]LogModuleManager: Shutting down and abandoning module MagicLeapHandTracking (288)
[2021.01.24-16.26.00:303][290]LogModuleManager: Shutting down and abandoning module MagicLeapEyeTracker (286)
[2021.01.24-16.26.00:303][290]LogModuleManager: Shutting down and abandoning module MagicLeapController (284)
[2021.01.24-16.26.00:303][290]LogSlate: Slate User Destroyed.  User Index 0, Is Virtual User: 0
[2021.01.24-16.26.00:303][290]LogModuleManager: Shutting down and abandoning module MagicLeapAR (282)
[2021.01.24-16.26.00:303][290]LogModuleManager: Shutting down and abandoning module AugmentedReality (281)
[2021.01.24-16.26.00:303][290]LogModuleManager: Shutting down and abandoning module GameplayTagsEditor (278)
[2021.01.24-16.26.00:323][290]LogModuleManager: Shutting down and abandoning module FacialAnimationEditor (276)
[2021.01.24-16.26.00:323][290]LogModuleManager: Shutting down and abandoning module FacialAnimation (274)
[2021.01.24-16.26.00:323][290]LogModuleManager: Shutting down and abandoning module DataValidation (272)
[2021.01.24-16.26.00:323][290]LogModuleManager: Shutting down and abandoning module AssetManagerEditor (270)
[2021.01.24-16.26.00:351][290]LogModuleManager: Shutting down and abandoning module LevelEditor (269)
[2021.01.24-16.26.00:385][290]LogModuleManager: Shutting down and abandoning module PixelInspectorModule (268)
[2021.01.24-16.26.00:385][290]LogModuleManager: Shutting down and abandoning module CommonMenuExtensions (266)
[2021.01.24-16.26.00:385][290]LogModuleManager: Shutting down and abandoning module MainFrame (264)
[2021.01.24-16.26.00:385][290]LogModuleManager: Shutting down and abandoning module HotReload (263)
[2021.01.24-16.26.00:386][290]LogModuleManager: Shutting down and abandoning module ContentBrowser (259)
[2021.01.24-16.26.00:387][290]LogModuleManager: Shutting down and abandoning module TreeMap (257)
[2021.01.24-16.26.00:387][290]LogModuleManager: Shutting down and abandoning module AnimationSharing (254)
[2021.01.24-16.26.00:387][290]LogModuleManager: Shutting down and abandoning module LightPropagationVolumeRuntime (252)
[2021.01.24-16.26.00:387][290]LogModuleManager: Shutting down and abandoning module Paper2D (250)
[2021.01.24-16.26.00:387][290]LogModuleManager: Shutting down and abandoning module WindowsMoviePlayer (248)
[2021.01.24-16.26.00:389][290]LogModuleManager: Shutting down and abandoning module WebMMoviePlayer (246)
[2021.01.24-16.26.00:389][290]LogModuleManager: Shutting down and abandoning module NetworkReplayStreaming (244)
[2021.01.24-16.26.00:390][290]LogModuleManager: Shutting down and abandoning module PacketHandler (242)
[2021.01.24-16.26.00:390][290]LogModuleManager: Shutting down and abandoning module ClothingSystemEditor (240)
[2021.01.24-16.26.00:390][290]LogModuleManager: Shutting down and abandoning module ClothingSystemRuntime (238)
[2021.01.24-16.26.00:417][290]LogModuleManager: Shutting down and abandoning module MediaAssets (236)
[2021.01.24-16.26.00:418][290]LogModuleManager: Shutting down and abandoning module Overlay (234)
[2021.01.24-16.26.00:418][290]LogModuleManager: Shutting down and abandoning module OverlayEditor (233)
[2021.01.24-16.26.00:418][290]LogModuleManager: Shutting down and abandoning module VREditor (230)
[2021.01.24-16.26.00:437][290]LogModuleManager: Shutting down and abandoning module StringTableEditor (228)
[2021.01.24-16.26.00:509][290]LogModuleManager: Shutting down and abandoning module GameplayTasksEditor (226)
[2021.01.24-16.26.00:509][290]LogModuleManager: Shutting down and abandoning module BehaviorTreeEditor (224)
[2021.01.24-16.26.00:573][290]LogModuleManager: Shutting down and abandoning module FunctionalTesting (222)
[2021.01.24-16.26.00:573][290]LogModuleManager: Shutting down and abandoning module CollisionAnalyzer (220)
[2021.01.24-16.26.00:573][290]LogModuleManager: Shutting down and abandoning module WorkspaceMenuStructure (219)
[2021.01.24-16.26.00:573][290]LogModuleManager: Shutting down and abandoning module UMG (216)
[2021.01.24-16.26.00:600][290]LogModuleManager: Shutting down and abandoning module UMGEditor (215)
[2021.01.24-16.26.00:600][290]LogModuleManager: Shutting down and abandoning module Sequencer (214)
[2021.01.24-16.26.00:662][290]LogModuleManager: Shutting down and abandoning module MessageLog (211)
[2021.01.24-16.26.00:663][290]LogModuleManager: Shutting down and abandoning module SlateReflector (206)
[2021.01.24-16.26.00:685][290]LogModuleManager: Shutting down and abandoning module Slate (204)
[2021.01.24-16.26.00:685][290]LogModuleManager: Shutting down and abandoning module LandscapeEditorUtilities (202)
[2021.01.24-16.26.00:685][290]LogModuleManager: Shutting down and abandoning module EditorStyle (200)
[2021.01.24-16.26.00:687][290]LogModuleManager: Shutting down and abandoning module UnrealEd (198)
[2021.01.24-16.26.00:687][290]LogModuleManager: Shutting down and abandoning module MRMesh (196)
[2021.01.24-16.26.00:687][290]LogModuleManager: Shutting down and abandoning module SourceCodeAccess (194)
[2021.01.24-16.26.00:688][290]LogModuleManager: Shutting down and abandoning module HeadMountedDisplay (192)
[2021.01.24-16.26.00:688][290]LogModuleManager: Shutting down and abandoning module XAudio2 (190)
[2021.01.24-16.26.00:688][290]LogModuleManager: Shutting down and abandoning module Networking (188)
[2021.01.24-16.26.00:688][290]LogModuleManager: Shutting down and abandoning module Core (186)
[2021.01.24-16.26.00:688][290]LogModuleManager: Shutting down and abandoning module KismetCompiler (184)
[2021.01.24-16.26.00:689][290]LogModuleManager: Shutting down and abandoning module MeshUtilities (182)
[2021.01.24-16.26.00:689][290]LogModuleManager: Shutting down and abandoning module MeshMergeUtilities (181)
[2021.01.24-16.26.00:720][290]LogModuleManager: Shutting down and abandoning module MeshReductionInterface (180)
[2021.01.24-16.26.00:720][290]LogModuleManager: Shutting down and abandoning module SkeletalMeshReduction (179)
[2021.01.24-16.26.00:785][290]LogModuleManager: Shutting down and abandoning module ProxyLODMeshReduction (177)
[2021.01.24-16.26.00:801][290]LogModuleManager: Shutting down and abandoning module QuadricMeshReduction (175)
[2021.01.24-16.26.00:801][290]LogModuleManager: Shutting down and abandoning module MaterialBaking (171)
[2021.01.24-16.26.00:832][290]LogModuleManager: Shutting down and abandoning module NullInstallBundleManager (166)
[2021.01.24-16.26.00:832][290]LogModuleManager: Shutting down and abandoning module DerivedDataCache (164)
[2021.01.24-16.26.00:929][290]LogDerivedDataCache: Shutdown
[2021.01.24-16.26.00:930][290]LogModuleManager: Shutting down and abandoning module XGEController (162)
[2021.01.24-16.26.00:930][290]LogModuleManager: Shutting down and abandoning module TargetPlatform (160)
[2021.01.24-16.26.00:930][290]LogModuleManager: Shutting down and abandoning module VulkanShaderFormat (159)
[2021.01.24-16.26.00:930][290]LogModuleManager: Shutting down and abandoning module ShaderFormatVectorVM (157)
[2021.01.24-16.26.00:930][290]LogModuleManager: Shutting down and abandoning module ShaderFormatOpenGL (155)
[2021.01.24-16.26.00:958][290]LogModuleManager: Shutting down and abandoning module ShaderFormatD3D (153)
[2021.01.24-16.26.00:958][290]LogModuleManager: Shutting down and abandoning module MetalShaderFormat (151)
[2021.01.24-16.26.00:972][290]LogModuleManager: Shutting down and abandoning module TextureFormatUncompressed (149)
[2021.01.24-16.26.00:972][290]LogModuleManager: Shutting down and abandoning module TextureFormatPVR (147)
[2021.01.24-16.26.00:972][290]LogModuleManager: Shutting down and abandoning module TextureFormatDXT (145)
[2021.01.24-16.26.00:972][290]LogModuleManager: Shutting down and abandoning module TextureFormatIntelISPCTexComp (143)
[2021.01.24-16.26.00:973][290]LogModuleManager: Shutting down and abandoning module TextureFormatASTC (141)
[2021.01.24-16.26.00:973][290]LogModuleManager: Shutting down and abandoning module ImageWrapper (140)
[2021.01.24-16.26.00:973][290]LogModuleManager: Shutting down and abandoning module TextureFormatAndroid (137)
[2021.01.24-16.26.00:973][290]LogModuleManager: Shutting down and abandoning module AudioFormatOpus (135)
[2021.01.24-16.26.00:973][290]LogModuleManager: Shutting down and abandoning module AudioFormatOgg (133)
[2021.01.24-16.26.00:973][290]LogModuleManager: Shutting down and abandoning module AudioFormatADPCM (131)
[2021.01.24-16.26.00:973][290]LogModuleManager: Shutting down and abandoning module LuminTargetPlatform (129)
[2021.01.24-16.26.00:974][290]LogModuleManager: Shutting down and abandoning module LinuxTargetPlatform (127)
[2021.01.24-16.26.00:975][290]LogModuleManager: Shutting down and abandoning module LinuxServerTargetPlatform (125)
[2021.01.24-16.26.00:975][290]LogModuleManager: Shutting down and abandoning module LinuxNoEditorTargetPlatform (123)
[2021.01.24-16.26.00:975][290]LogModuleManager: Shutting down and abandoning module LinuxClientTargetPlatform (121)
[2021.01.24-16.26.00:975][290]LogModuleManager: Shutting down and abandoning module TVOSTargetPlatform (119)
[2021.01.24-16.26.00:975][290]LogModuleManager: Shutting down and abandoning module Messaging (117)
[2021.01.24-16.26.00:976][290]LogModuleManager: Shutting down and abandoning module IOSTargetPlatform (115)
[2021.01.24-16.26.00:976][290]LogModuleManager: Shutting down and abandoning module HTML5TargetPlatform (113)
[2021.01.24-16.26.00:976][290]LogModuleManager: Shutting down and abandoning module AndroidTargetPlatform (111)
[2021.01.24-16.26.00:982][290]LogModuleManager: Shutting down and abandoning module WindowsTargetPlatform (109)
[2021.01.24-16.26.00:982][290]LogModuleManager: Shutting down and abandoning module WindowsServerTargetPlatform (107)
[2021.01.24-16.26.00:982][290]LogModuleManager: Shutting down and abandoning module WindowsNoEditorTargetPlatform (105)
[2021.01.24-16.26.00:982][290]LogModuleManager: Shutting down and abandoning module WindowsClientTargetPlatform (103)
[2021.01.24-16.26.00:983][290]LogModuleManager: Shutting down and abandoning module MacTargetPlatform (101)
[2021.01.24-16.26.00:983][290]LogModuleManager: Shutting down and abandoning module MacServerTargetPlatform (99)
[2021.01.24-16.26.00:983][290]LogModuleManager: Shutting down and abandoning module MacNoEditorTargetPlatform (97)
[2021.01.24-16.26.00:983][290]LogModuleManager: Shutting down and abandoning module MacClientTargetPlatform (95)
[2021.01.24-16.26.00:983][290]LogModuleManager: Shutting down and abandoning module AllDesktopTargetPlatform (93)
[2021.01.24-16.26.00:983][290]LogModuleManager: Shutting down and abandoning module InputCore (90)
[2021.01.24-16.26.00:983][290]LogModuleManager: Shutting down and abandoning module Settings (88)
[2021.01.24-16.26.00:983][290]LogModuleManager: Shutting down and abandoning module DirectoryWatcher (86)
[2021.01.24-16.26.00:983][290]LogModuleManager: Shutting down and abandoning module PhysXCooking (84)
[2021.01.24-16.26.00:983][290]LogModuleManager: Shutting down and abandoning module WindowsPlatformFeatures (82)
[2021.01.24-16.26.00:983][290]LogModuleManager: Shutting down and abandoning module GameplayMediaEncoder (81)
[2021.01.24-16.26.00:983][290]LogModuleManager: Shutting down and abandoning module SteamVR (78)
[2021.01.24-16.26.00:983][290]LogHMD: Freeing OpenVRDLLHandle.
[2021.01.24-16.26.00:983][290]LogModuleManager: Shutting down and abandoning module OculusHMD (76)
[2021.01.24-16.26.00:983][290]LogModuleManager: Shutting down and abandoning module ExampleDeviceProfileSelector (74)
[2021.01.24-16.26.00:983][290]LogModuleManager: Shutting down and abandoning module LauncherChunkInstaller (72)
[2021.01.24-16.26.00:984][290]LogModuleManager: Shutting down and abandoning module OnlineBlueprintSupport (70)
[2021.01.24-16.26.00:984][290]LogModuleManager: Shutting down and abandoning module OnlineSubsystem (66)
[2021.01.24-16.26.00:985][290]LogModuleManager: Shutting down and abandoning module XMPP (61)
[2021.01.24-16.26.01:058][290]LogModuleManager: Shutting down and abandoning module WebSockets (60)
[2021.01.24-16.26.01:107][290]LogModuleManager: Shutting down and abandoning module HTTP (57)
[2021.01.24-16.26.01:107][290]LogHttp: Display: Http module shutting down, but needs to wait on 1 outstanding Http requests:
[2021.01.24-16.26.01:107][290]LogHttp: Display: 	verb=[POST] url=[https://datarouter.ol.epicgames.com/datarouter/api/v1/public/data?SessionID=%7B2DCA9674-4AC9-7871-6617-1AA0383A4846%7D&AppID=UEEditor.Rocket.Release&AppVersion=4.23.1-9631420%2B%2B%2BUE4%2BRelease-4.23&UserID=57ed7d3441dcf6171ad39981dba4aad4%7Cf654963188ec489780eeeeb10b54ee06%7C0b705bdf-1718-4da3-bf30-0305d9bcdbeb&AppEnvironment=datacollector-binary&UploadType=eteventstream] status=Processing
[2021.01.24-16.26.01:124][290]LogModuleManager: Shutting down and abandoning module SSL (56)
[2021.01.24-16.26.01:126][290]LogModuleManager: Shutting down and abandoning module WmfMedia (52)
[2021.01.24-16.26.01:149][290]LogModuleManager: Shutting down and abandoning module Media (51)
[2021.01.24-16.26.01:151][290]LogModuleManager: Shutting down and abandoning module MagicLeap (48)
[2021.01.24-16.26.01:152][290]LogModuleManager: Shutting down and abandoning module DatasmithContent (46)
[2021.01.24-16.26.01:154][290]LogModuleManager: Shutting down and abandoning module AISupportModule (44)
[2021.01.24-16.26.01:154][290]LogModuleManager: Shutting down and abandoning module PlatformCryptoOpenSSL (42)
[2021.01.24-16.26.01:154][290]LogModuleManager: Shutting down and abandoning module PlatformCrypto (40)
[2021.01.24-16.26.01:154][290]LogModuleManager: Shutting down and abandoning module AnimationModifiers (38)
[2021.01.24-16.26.01:190][290]LogModuleManager: Shutting down and abandoning module PropertyEditor (37)
[2021.01.24-16.26.01:190][290]LogModuleManager: Shutting down and abandoning module AudioEditor (34)
[2021.01.24-16.26.01:197][290]LogModuleManager: Shutting down and abandoning module TextureCompressor (32)
[2021.01.24-16.26.01:198][290]LogModuleManager: Shutting down and abandoning module RenderCore (30)
[2021.01.24-16.26.01:198][290]LogModuleManager: Shutting down and abandoning module Landscape (28)
[2021.01.24-16.26.01:198][290]LogModuleManager: Shutting down and abandoning module SlateRHIRenderer (26)
[2021.01.24-16.26.01:217][290]LogModuleManager: Shutting down and abandoning module OpenGLDrv (24)
[2021.01.24-16.26.01:241][290]LogModuleManager: Shutting down and abandoning module D3D11RHI (22)
[2021.01.24-16.26.01:241][290]LogModuleManager: Shutting down and abandoning module AnimGraphRuntime (20)
[2021.01.24-16.26.01:257][290]LogModuleManager: Shutting down and abandoning module Renderer (18)
[2021.01.24-16.26.01:257][290]LogModuleManager: Shutting down and abandoning module Engine (16)
[2021.01.24-16.26.01:257][290]LogModuleManager: Shutting down and abandoning module CoreUObject (14)
[2021.01.24-16.26.01:257][290]LogModuleManager: Shutting down and abandoning module NetworkFile (12)
[2021.01.24-16.26.01:257][290]LogModuleManager: Shutting down and abandoning module CookedIterativeFile (10)
[2021.01.24-16.26.01:257][290]LogModuleManager: Shutting down and abandoning module StreamingFile (8)
[2021.01.24-16.26.01:258][290]LogModuleManager: Shutting down and abandoning module SandboxFile (6)
[2021.01.24-16.26.01:258][290]LogModuleManager: Shutting down and abandoning module PakFile (4)
[2021.01.24-16.26.01:350][290]LogModuleManager: Shutting down and abandoning module RSA (3)
[2021.01.24-16.26.01:350][290]LogD3D11RHI: Shutdown
[2021.01.24-16.26.01:373][290]LogD3D11RHI: CleanupD3DDevice
[2021.01.24-16.26.01:396][290]LogRendererCore: FGlobalDynamicReadBuffer::Cleanup()
[2021.01.24-16.26.01:396][290]LogRendererCore: FGlobalDynamicReadBuffer::Cleanup()
[2021.01.24-16.26.01:396][290]LogRendererCore: FGlobalDynamicReadBuffer::Cleanup()
[2021.01.24-16.26.01:588][290]LogD3D11RHI: ~FD3D11DynamicRHI
[2021.01.24-16.26.01:755][290]LogExit: Exiting.
[2021.01.24-16.26.01:828][290]Log file closed, 01/24/21 17:26:01
